{"numTotalTestSuites":872,"numPassedTestSuites":872,"numFailedTestSuites":0,"numPendingTestSuites":0,"numTotalTests":2432,"numPassedTests":2432,"numFailedTests":0,"numPendingTests":0,"numTodoTests":0,"snapshot":{"added":0,"failure":false,"filesAdded":0,"filesRemoved":0,"filesRemovedList":[],"filesUnmatched":0,"filesUpdated":0,"matched":0,"total":0,"unchecked":0,"uncheckedKeysByFile":[],"unmatched":0,"updated":0,"didUpdate":false},"startTime":1785352164911,"success":true,"testResults":[{"assertionResults":[{"ancestorTitles":["playAudio"],"fullName":"playAudio creates stream player and plays","status":"passed","title":"creates stream player and plays","duration":5.292299999999614,"failureMessages":[],"meta":{},"tags":[]},{"ancestorTitles":["playAudio"],"fullName":"playAudio handles play rejection gracefully","status":"passed","title":"handles play rejection gracefully","duration":9.365500000000338,"failureMessages":[],"meta":{},"tags":[]},{"ancestorTitles":["loadAudioFile"],"fullName":"loadAudioFile resolves URL, loads, and plays","status":"passed","title":"resolves URL, loads, and plays","duration":2.7734999999997854,"failureMessages":[],"meta":{},"tags":[]},{"ancestorTitles":["loadAudioFile"],"fullName":"loadAudioFile handles autoplay rejection silently","status":"passed","title":"handles autoplay rejection silently","duration":1.30600000000004,"failureMessages":[],"meta":{},"tags":[]},{"ancestorTitles":["getAudioPath"],"fullName":"getAudioPath returns empty string when no audio loaded","status":"passed","title":"returns empty string when no audio loaded","duration":0.40610000000015134,"failureMessages":[],"meta":{},"tags":[]},{"ancestorTitles":["pauseAudio / resumeAudio"],"fullName":"pauseAudio / resumeAudio pauseAudio pauses when player exists","status":"passed","title":"pauseAudio pauses when player exists","duration":0.9904000000001361,"failureMessages":[],"meta":{},"tags":[]},{"ancestorTitles":["pauseAudio / resumeAudio"],"fullName":"pauseAudio / resumeAudio pauseAudio is no-op when no player","status":"passed","title":"pauseAudio is no-op when no player","duration":1.5100999999999658,"failureMessages":[],"meta":{},"tags":[]},{"ancestorTitles":["pauseAudio / resumeAudio"],"fullName":"pauseAudio / resumeAudio resumeAudio resumes when player exists","status":"passed","title":"resumeAudio resumes when player exists","duration":0.924199999999928,"failureMessages":[],"meta":{},"tags":[]},{"ancestorTitles":["pauseAudio / resumeAudio"],"fullName":"pauseAudio / resumeAudio resumeAudio is no-op when no player","status":"passed","title":"resumeAudio is no-op when no player","duration":0.5561000000002423,"failureMessages":[],"meta":{},"tags":[]},{"ancestorTitles":["pauseAudio / resumeAudio"],"fullName":"pauseAudio / resumeAudio resumeAudio handles rejection","status":"passed","title":"resumeAudio handles rejection","duration":2.8541000000000167,"failureMessages":[],"meta":{},"tags":[]},{"ancestorTitles":["stopAudio"],"fullName":"stopAudio pauses and resets currentTime to 0","status":"passed","title":"pauses and resets currentTime to 0","duration":1.0957000000003063,"failureMessages":[],"meta":{},"tags":[]},{"ancestorTitles":["stopAudio"],"fullName":"stopAudio is no-op when no player","status":"passed","title":"is no-op when no player","duration":0.5868000000000393,"failureMessages":[],"meta":{},"tags":[]},{"ancestorTitles":["clearAudio"],"fullName":"clearAudio resets name/path and triggers auto-save","status":"passed","title":"resets name/path and triggers auto-save","duration":1.2040000000001783,"failureMessages":[],"meta":{},"tags":[]},{"ancestorTitles":["clearAudio"],"fullName":"clearAudio is no-op when no player","status":"passed","title":"is no-op when no player","duration":0.5271999999999935,"failureMessages":[],"meta":{},"tags":[]},{"ancestorTitles":["disposeAudio"],"fullName":"disposeAudio cleans up audio player and beat detector","status":"passed","title":"cleans up audio player and beat detector","duration":1.4948000000003958,"failureMessages":[],"meta":{},"tags":[]},{"ancestorTitles":["disposeAudio"],"fullName":"disposeAudio is safe when no audio or beat detector","status":"passed","title":"is safe when no audio or beat detector","duration":0.472700000000259,"failureMessages":[],"meta":{},"tags":[]}],"startTime":1785352180807,"endTime":1785352180839.4949,"status":"passed","message":"","name":"C:/Users/zhujieling11/MikuMikuAR/frontend/src/__tests__/audio.player.test.ts"},{"assertionResults":[{"ancestorTitles":["getCurrentTime"],"fullName":"getCurrentTime returns player.currentTime","status":"passed","title":"returns player.currentTime","duration":4.166500000000042,"failureMessages":[],"meta":{},"tags":[]},{"ancestorTitles":["getCurrentTime"],"fullName":"getCurrentTime returns 0 when no player","status":"passed","title":"returns 0 when no player","duration":0.4908999999997832,"failureMessages":[],"meta":{},"tags":[]},{"ancestorTitles":["getDuration"],"fullName":"getDuration returns player.duration","status":"passed","title":"returns player.duration","duration":0.8904999999999745,"failureMessages":[],"meta":{},"tags":[]},{"ancestorTitles":["getDuration"],"fullName":"getDuration returns 0 when no player","status":"passed","title":"returns 0 when no player","duration":0.2977000000000771,"failureMessages":[],"meta":{},"tags":[]},{"ancestorTitles":["getDuration"],"fullName":"getDuration returns 0 when duration is NaN","status":"passed","title":"returns 0 when duration is NaN","duration":0.6547999999997955,"failureMessages":[],"meta":{},"tags":[]},{"ancestorTitles":["seekAudio"],"fullName":"seekAudio clamps and seeks","status":"passed","title":"clamps and seeks","duration":0.6912999999999556,"failureMessages":[],"meta":{},"tags":[]},{"ancestorTitles":["seekAudio"],"fullName":"seekAudio clamps negative to 0","status":"passed","title":"clamps negative to 0","duration":0.635899999999765,"failureMessages":[],"meta":{},"tags":[]},{"ancestorTitles":["seekAudio"],"fullName":"seekAudio clamps above duration to duration","status":"passed","title":"clamps above duration to duration","duration":0.6880000000001019,"failureMessages":[],"meta":{},"tags":[]},{"ancestorTitles":["seekAudio"],"fullName":"seekAudio is no-op when no player","status":"passed","title":"is no-op when no player","duration":1.317199999999957,"failureMessages":[],"meta":{},"tags":[]},{"ancestorTitles":["isAudioPlaying"],"fullName":"isAudioPlaying returns false when no player","status":"passed","title":"returns false when no player","duration":0.46289999999999054,"failureMessages":[],"meta":{},"tags":[]},{"ancestorTitles":["isAudioPlaying"],"fullName":"isAudioPlaying returns false when paused","status":"passed","title":"returns false when paused","duration":0.7314000000001215,"failureMessages":[],"meta":{},"tags":[]},{"ancestorTitles":["isAudioPlaying"],"fullName":"isAudioPlaying returns true when not paused","status":"passed","title":"returns true when not paused","duration":0.509900000000016,"failureMessages":[],"meta":{},"tags":[]},{"ancestorTitles":["getAudioName"],"fullName":"getAudioName returns empty string initially","status":"passed","title":"returns empty string initially","duration":0.2638000000001739,"failureMessages":[],"meta":{},"tags":[]},{"ancestorTitles":["getAudioName"],"fullName":"getAudioName returns name after playAudio","status":"passed","title":"returns name after playAudio","duration":0.5763999999999214,"failureMessages":[],"meta":{},"tags":[]}],"startTime":1785352187687,"endTime":1785352187700.5764,"status":"passed","message":"","name":"C:/Users/zhujieling11/MikuMikuAR/frontend/src/__tests__/audio.query.test.ts"},{"assertionResults":[{"ancestorTitles":["syncAudioPlayback"],"fullName":"syncAudioPlayback is no-op when no audio loaded (audioName is empty)","status":"passed","title":"is no-op when no audio loaded (audioName is empty)","duration":3.889599999999973,"failureMessages":[],"meta":{},"tags":[]},{"ancestorTitles":["syncAudioPlayback"],"fullName":"syncAudioPlayback resumes playback when VMD is playing but audio is paused","status":"passed","title":"resumes playback when VMD is playing but audio is paused","duration":1.6210000000000946,"failureMessages":[],"meta":{},"tags":[]},{"ancestorTitles":["syncAudioPlayback"],"fullName":"syncAudioPlayback pauses audio when VMD stops playing","status":"passed","title":"pauses audio when VMD stops playing","duration":0.8328999999998814,"failureMessages":[],"meta":{},"tags":[]},{"ancestorTitles":["syncAudioPlayback"],"fullName":"syncAudioPlayback seeks when drift > SYNC_THRESHOLD (0.1)","status":"passed","title":"seeks when drift > SYNC_THRESHOLD (0.1)","duration":1.013999999999669,"failureMessages":[],"meta":{},"tags":[]},{"ancestorTitles":["syncAudioPlayback"],"fullName":"syncAudioPlayback handles audioTargetTime >= duration by seeking to 0","status":"passed","title":"handles audioTargetTime >= duration by seeking to 0","duration":0.6182000000003427,"failureMessages":[],"meta":{},"tags":[]},{"ancestorTitles":["syncAudioPlayback"],"fullName":"syncAudioPlayback detects loop restart when lastVmdTime > vmdTime + 0.5","status":"passed","title":"detects loop restart when lastVmdTime > vmdTime + 0.5","duration":0.6404999999999745,"failureMessages":[],"meta":{},"tags":[]},{"ancestorTitles":["syncAudioPlayback"],"fullName":"syncAudioPlayback seeks to vmdTime+offset (not just offset) on mid-song backward seek","status":"passed","title":"seeks to vmdTime+offset (not just offset) on mid-song backward seek","duration":0.8218999999999141,"failureMessages":[],"meta":{},"tags":[]},{"ancestorTitles":["attachBeatDetector"],"fullName":"attachBeatDetector stores detector and attaches to existing stream player","status":"passed","title":"stores detector and attaches to existing stream player","duration":0.8016999999999825,"failureMessages":[],"meta":{},"tags":[]},{"ancestorTitles":["attachBeatDetector"],"fullName":"attachBeatDetector is idempotent — does not attach twice","status":"passed","title":"is idempotent — does not attach twice","duration":0.820100000000366,"failureMessages":[],"meta":{},"tags":[]},{"ancestorTitles":["attachBeatDetector"],"fullName":"attachBeatDetector defers attachment when no audio player yet","status":"passed","title":"defers attachment when no audio player yet","duration":0.9577999999996791,"failureMessages":[],"meta":{},"tags":[]},{"ancestorTitles":["attachBeatDetector"],"fullName":"attachBeatDetector handles attach error gracefully","status":"passed","title":"handles attach error gracefully","duration":0.5768000000002758,"failureMessages":[],"meta":{},"tags":[]},{"ancestorTitles":["notifyBeatDetectorReset"],"fullName":"notifyBeatDetectorReset calls reset on attached detector","status":"passed","title":"calls reset on attached detector","duration":0.30370000000039,"failureMessages":[],"meta":{},"tags":[]},{"ancestorTitles":["notifyBeatDetectorReset"],"fullName":"notifyBeatDetectorReset is no-op when no detector","status":"passed","title":"is no-op when no detector","duration":1.1808999999998377,"failureMessages":[],"meta":{},"tags":[]}],"startTime":1785352185878,"endTime":1785352185892.181,"status":"passed","message":"","name":"C:/Users/zhujieling11/MikuMikuAR/frontend/src/__tests__/audio.sync.test.ts"},{"assertionResults":[{"ancestorTitles":["setVolume / getVolume"],"fullName":"setVolume / getVolume clamps to [0, 1]","status":"passed","title":"clamps to [0, 1]","duration":3.315599999999904,"failureMessages":[],"meta":{},"tags":[]},{"ancestorTitles":["setVolume / getVolume"],"fullName":"setVolume / getVolume updates player volume when player exists","status":"passed","title":"updates player volume when player exists","duration":1.7225000000003092,"failureMessages":[],"meta":{},"tags":[]},{"ancestorTitles":["setVolume / getVolume"],"fullName":"setVolume / getVolume forwards to beatDetector.setVolume when detector exists","status":"passed","title":"forwards to beatDetector.setVolume when detector exists","duration":2.029899999999998,"failureMessages":[],"meta":{},"tags":[]},{"ancestorTitles":["setAudioOffset / getAudioOffset"],"fullName":"setAudioOffset / getAudioOffset roundtrips correctly","status":"passed","title":"roundtrips correctly","duration":0.5830000000000837,"failureMessages":[],"meta":{},"tags":[]},{"ancestorTitles":["setVolume applies gain"],"fullName":"setVolume applies gain setVolume calls applyGain to update stream player volume","status":"passed","title":"setVolume calls applyGain to update stream player volume","duration":0.9531000000001768,"failureMessages":[],"meta":{},"tags":[]}],"startTime":1785352193280,"endTime":1785352193288.9531,"status":"passed","message":"","name":"C:/Users/zhujieling11/MikuMikuAR/frontend/src/__tests__/audio.volume.test.ts"},{"assertionResults":[{"ancestorTitles":["BeatDetector.detectBeatsFromEnergies"],"fullName":"BeatDetector.detectBeatsFromEnergies detects beats in periodic energy peaks","status":"passed","title":"detects beats in periodic energy peaks","duration":2.578700000000026,"failureMessages":[],"meta":{},"tags":[]},{"ancestorTitles":["BeatDetector.detectBeatsFromEnergies"],"fullName":"BeatDetector.detectBeatsFromEnergies no beats when energy is flat","status":"passed","title":"no beats when energy is flat","duration":0.748700000000099,"failureMessages":[],"meta":{},"tags":[]},{"ancestorTitles":["BeatDetector.detectBeatsFromEnergies"],"fullName":"BeatDetector.detectBeatsFromEnergies respects minInterval between beats","status":"passed","title":"respects minInterval between beats","duration":0.3007999999999811,"failureMessages":[],"meta":{},"tags":[]},{"ancestorTitles":["BeatDetector.detectBeatsFromEnergies"],"fullName":"BeatDetector.detectBeatsFromEnergies threshold filters weak peaks","status":"passed","title":"threshold filters weak peaks","duration":0.3166000000001077,"failureMessages":[],"meta":{},"tags":[]},{"ancestorTitles":["BeatDetector.detectBeatsFromEnergies"],"fullName":"BeatDetector.detectBeatsFromEnergies skips peaks below energy threshold (energy <= 30)","status":"passed","title":"skips peaks below energy threshold (energy <= 30)","duration":0.31899999999996,"failureMessages":[],"meta":{},"tags":[]},{"ancestorTitles":["BeatDetector.detectBeatsFromEnergies"],"fullName":"BeatDetector.detectBeatsFromEnergies returns empty for empty input","status":"passed","title":"returns empty for empty input","duration":0.928899999999885,"failureMessages":[],"meta":{},"tags":[]},{"ancestorTitles":["BeatDetector.detectBeatsFromEnergies"],"fullName":"BeatDetector.detectBeatsFromEnergies handles energy history overflow (> 43 frames)","status":"passed","title":"handles energy history overflow (> 43 frames)","duration":0.324100000000044,"failureMessages":[],"meta":{},"tags":[]},{"ancestorTitles":["BeatDetector.bpmFromIntervals"],"fullName":"BeatDetector.bpmFromIntervals 120 BPM from 500ms intervals","status":"passed","title":"120 BPM from 500ms intervals","duration":0.5389000000000124,"failureMessages":[],"meta":{},"tags":[]},{"ancestorTitles":["BeatDetector.bpmFromIntervals"],"fullName":"BeatDetector.bpmFromIntervals 60 BPM from 1000ms intervals","status":"passed","title":"60 BPM from 1000ms intervals","duration":0.24040000000013606,"failureMessages":[],"meta":{},"tags":[]},{"ancestorTitles":["BeatDetector.bpmFromIntervals"],"fullName":"BeatDetector.bpmFromIntervals defaults to 120 for empty input","status":"passed","title":"defaults to 120 for empty input","duration":0.2518000000000029,"failureMessages":[],"meta":{},"tags":[]},{"ancestorTitles":["BeatDetector.bpmFromIntervals"],"fullName":"BeatDetector.bpmFromIntervals handles variable intervals (average)","status":"passed","title":"handles variable intervals (average)","duration":0.15830000000005384,"failureMessages":[],"meta":{},"tags":[]},{"ancestorTitles":["BeatDetector.bpmFromIntervals"],"fullName":"BeatDetector.bpmFromIntervals returns 120 when avg interval is 0 (edge case)","status":"passed","title":"returns 120 when avg interval is 0 (edge case)","duration":0.13969999999994798,"failureMessages":[],"meta":{},"tags":[]},{"ancestorTitles":["BeatDetector.bpmFromIntervals"],"fullName":"BeatDetector.bpmFromIntervals computes high BPM from short intervals","status":"passed","title":"computes high BPM from short intervals","duration":0.11449999999990723,"failureMessages":[],"meta":{},"tags":[]},{"ancestorTitles":["BeatDetector instance"],"fullName":"BeatDetector instance reset restores defaults","status":"passed","title":"reset restores defaults","duration":0.7095999999999094,"failureMessages":[],"meta":{},"tags":[]},{"ancestorTitles":["BeatDetector instance"],"fullName":"BeatDetector instance getBeatPhase returns 0..1","status":"passed","title":"getBeatPhase returns 0..1","duration":0.3407999999999447,"failureMessages":[],"meta":{},"tags":[]},{"ancestorTitles":["BeatDetector instance"],"fullName":"BeatDetector instance getBeatPhase advances over time","status":"passed","title":"getBeatPhase advances over time","duration":0.18719999999984793,"failureMessages":[],"meta":{},"tags":[]},{"ancestorTitles":["BeatDetector instance"],"fullName":"BeatDetector instance hasAudio returns false when no audio attached","status":"passed","title":"hasAudio returns false when no audio attached","duration":0.17630000000008295,"failureMessages":[],"meta":{},"tags":[]},{"ancestorTitles":["BeatDetector instance"],"fullName":"BeatDetector instance getLevel returns 0 when no analyser attached","status":"passed","title":"getLevel returns 0 when no analyser attached","duration":0.274599999999964,"failureMessages":[],"meta":{},"tags":[]},{"ancestorTitles":["BeatDetector instance"],"fullName":"BeatDetector instance setVolume is safe to call without gain","status":"passed","title":"setVolume is safe to call without gain","duration":0.16300000000001091,"failureMessages":[],"meta":{},"tags":[]},{"ancestorTitles":["BeatDetector instance"],"fullName":"BeatDetector instance update is safe to call without analyser","status":"passed","title":"update is safe to call without analyser","duration":0.3213999999998123,"failureMessages":[],"meta":{},"tags":[]},{"ancestorTitles":["BeatDetector instance"],"fullName":"BeatDetector instance dispose is safe to call when nothing attached","status":"passed","title":"dispose is safe to call when nothing attached","duration":0.29529999999999745,"failureMessages":[],"meta":{},"tags":[]},{"ancestorTitles":["BeatDetector instance"],"fullName":"BeatDetector instance dispose can be called multiple times","status":"passed","title":"dispose can be called multiple times","duration":0.17529999999987922,"failureMessages":[],"meta":{},"tags":[]},{"ancestorTitles":["BeatDetector instance"],"fullName":"BeatDetector instance isAvailable returns false when no audio attached","status":"passed","title":"isAvailable returns false when no audio attached","duration":0.21289999999999054,"failureMessages":[],"meta":{},"tags":[]},{"ancestorTitles":["BeatDetector instance"],"fullName":"BeatDetector instance getLastError returns null initially","status":"passed","title":"getLastError returns null initially","duration":0.1512000000000171,"failureMessages":[],"meta":{},"tags":[]},{"ancestorTitles":["BeatDetector instance"],"fullName":"BeatDetector instance getLastError returns null after dispose","status":"passed","title":"getLastError returns null after dispose","duration":0.3242999999999938,"failureMessages":[],"meta":{},"tags":[]},{"ancestorTitles":["BeatDetector instance"],"fullName":"BeatDetector instance isAvailable returns false after dispose","status":"passed","title":"isAvailable returns false after dispose","duration":0.13679999999999382,"failureMessages":[],"meta":{},"tags":[]},{"ancestorTitles":["BeatDetector instance"],"fullName":"BeatDetector instance update without analyser does not throw","status":"passed","title":"update without analyser does not throw","duration":1.2726000000000113,"failureMessages":[],"meta":{},"tags":[]},{"ancestorTitles":["BeatDetector.getLevel (static)"],"fullName":"BeatDetector.getLevel (static) returns 0 for empty data","status":"passed","title":"returns 0 for empty data","duration":0.2577000000001135,"failureMessages":[],"meta":{},"tags":[]},{"ancestorTitles":["BeatDetector.getLevel (static)"],"fullName":"BeatDetector.getLevel (static) computes average of full range (0..1 normalized)","status":"passed","title":"computes average of full range (0..1 normalized)","duration":0.2904999999998381,"failureMessages":[],"meta":{},"tags":[]},{"ancestorTitles":["BeatDetector.getLevel (static)"],"fullName":"BeatDetector.getLevel (static) respects bin range","status":"passed","title":"respects bin range","duration":0.20780000000013388,"failureMessages":[],"meta":{},"tags":[]},{"ancestorTitles":["BeatDetector.getLevel (static)"],"fullName":"BeatDetector.getLevel (static) clamps end to data length","status":"passed","title":"clamps end to data length","duration":0.15370000000007167,"failureMessages":[],"meta":{},"tags":[]},{"ancestorTitles":["BeatDetector.getLevel (static)"],"fullName":"BeatDetector.getLevel (static) returns 0 when end <= start","status":"passed","title":"returns 0 when end <= start","duration":0.15579999999999927,"failureMessages":[],"meta":{},"tags":[]},{"ancestorTitles":["BeatDetector.getLevel (static)"],"fullName":"BeatDetector.getLevel (static) clamps negative start to 0","status":"passed","title":"clamps negative start to 0","duration":0.1698999999998705,"failureMessages":[],"meta":{},"tags":[]},{"ancestorTitles":["BeatDetector.getLevel (static)"],"fullName":"BeatDetector.getLevel (static) single bin returns that bin value","status":"passed","title":"single bin returns that bin value","duration":0.17470000000002983,"failureMessages":[],"meta":{},"tags":[]},{"ancestorTitles":["BeatDetector.quantizeBpm (via detectBeatsFromEnergies)"],"fullName":"BeatDetector.quantizeBpm (via detectBeatsFromEnergies) energy peaks at exactly common BPM get quantized","status":"passed","title":"energy peaks at exactly common BPM get quantized","duration":0.20039999999994507,"failureMessages":[],"meta":{},"tags":[]}],"startTime":1785352187922,"endTime":1785352187936.2004,"status":"passed","message":"","name":"C:/Users/zhujieling11/MikuMikuAR/frontend/src/__tests__/beat-detector.test.ts"},{"assertionResults":[{"ancestorTitles":["getBrowseDir"],"fullName":"getBrowseDir libraryRoot 未设置 → 返回空字符串","status":"passed","title":"libraryRoot 未设置 → 返回空字符串","duration":2.6575000000000273,"failureMessages":[],"meta":{},"tags":[]},{"ancestorTitles":["getBrowseDir"],"fullName":"getBrowseDir 桌面端根目录 → 拼接标准子目录（PMX/VMD）","status":"passed","title":"桌面端根目录 → 拼接标准子目录（PMX/VMD）","duration":0.42859999999996035,"failureMessages":[],"meta":{},"tags":[]},{"ancestorTitles":["getBrowseDir"],"fullName":"getBrowseDir overridePaths 优先于 libraryRoot 子目录","status":"passed","title":"overridePaths 优先于 libraryRoot 子目录","duration":0.35649999999986903,"failureMessages":[],"meta":{},"tags":[]},{"ancestorTitles":["getBrowseDir"],"fullName":"getBrowseDir 网页端虚拟根（web://）→ 同样拼接标准子目录（扫描已映射到虚拟子目录）","status":"passed","title":"网页端虚拟根（web://）→ 同样拼接标准子目录（扫描已映射到虚拟子目录）","duration":0.3531000000000404,"failureMessages":[],"meta":{},"tags":[]},{"ancestorTitles":["getBrowseDir"],"fullName":"getBrowseDir 网页端 overridePaths 仍优先生效","status":"passed","title":"网页端 overridePaths 仍优先生效","duration":0.26680000000010295,"failureMessages":[],"meta":{},"tags":[]}],"startTime":1785352197949,"endTime":1785352197953.2668,"status":"passed","message":"","name":"C:/Users/zhujieling11/MikuMikuAR/frontend/src/__tests__/browse-dir.test.ts"},{"assertionResults":[{"ancestorTitles":["P4 guards"],"fullName":"P4 guards setCameraBehavior(beatcut) ignored in non-orbit","status":"passed","title":"setCameraBehavior(beatcut) ignored in non-orbit","duration":2.95900000000006,"failureMessages":[],"meta":{},"tags":[]},{"ancestorTitles":["P4 guards"],"fullName":"P4 guards setCameraControl(freefly) while beatcut→none","status":"passed","title":"setCameraControl(freefly) while beatcut→none","duration":0.8056000000001404,"failureMessages":[],"meta":{},"tags":[]},{"ancestorTitles":["P4 guards"],"fullName":"P4 guards setCameraBehavior(concert) works","status":"passed","title":"setCameraBehavior(concert) works","duration":0.439200000000028,"failureMessages":[],"meta":{},"tags":[]},{"ancestorTitles":["P4 guards"],"fullName":"P4 guards scripted+oneshot roundtrip","status":"passed","title":"scripted+oneshot roundtrip","duration":0.4602999999999611,"failureMessages":[],"meta":{},"tags":[]},{"ancestorTitles":["P4 guards"],"fullName":"P4 guards partial control→behavior fallback","status":"passed","title":"partial control→behavior fallback","duration":0.4075000000000273,"failureMessages":[],"meta":{},"tags":[]},{"ancestorTitles":["P4 guards"],"fullName":"P4 guards partial behavior→control fallback","status":"passed","title":"partial behavior→control fallback","duration":0.3025000000000091,"failureMessages":[],"meta":{},"tags":[]},{"ancestorTitles":["P4 guards"],"fullName":"P4 guards explicit behavior:none overrides old autoCameraEnabled","status":"passed","title":"explicit behavior:none overrides old autoCameraEnabled","duration":0.28379999999992833,"failureMessages":[],"meta":{},"tags":[]}],"startTime":1785352169897,"endTime":1785352169902.3025,"status":"passed","message":"","name":"C:/Users/zhujieling11/MikuMikuAR/frontend/src/__tests__/camera.adr100.guards.test.ts"},{"assertionResults":[{"ancestorTitles":["P3 serialization"],"fullName":"P3 serialization getCameraState dual-write","status":"passed","title":"getCameraState dual-write","duration":2.5526000000002114,"failureMessages":[],"meta":{},"tags":[]},{"ancestorTitles":["P3 serialization"],"fullName":"P3 serialization getCameraState beatcut mode=beatcut","status":"passed","title":"getCameraState beatcut mode=beatcut","duration":0.9450000000001637,"failureMessages":[],"meta":{},"tags":[]},{"ancestorTitles":["P3 serialization"],"fullName":"P3 serialization setCameraState new format","status":"passed","title":"setCameraState new format","duration":0.9998000000000502,"failureMessages":[],"meta":{},"tags":[]},{"ancestorTitles":["P3 serialization"],"fullName":"P3 serialization setCameraState legacy mode→concert","status":"passed","title":"setCameraState legacy mode→concert","duration":0.36750000000006366,"failureMessages":[],"meta":{},"tags":[]},{"ancestorTitles":["P3 serialization"],"fullName":"P3 serialization setCameraState legacy surround→turntable","status":"passed","title":"setCameraState legacy surround→turntable","duration":0.296100000000024,"failureMessages":[],"meta":{},"tags":[]},{"ancestorTitles":["P3 serialization"],"fullName":"P3 serialization setCameraState old autoCameraEnabled→beatcut","status":"passed","title":"setCameraState old autoCameraEnabled→beatcut","duration":0.4595999999999094,"failureMessages":[],"meta":{},"tags":[]},{"ancestorTitles":["P3 serialization"],"fullName":"P3 serialization roundtrip setCameraState(getCameraState())","status":"passed","title":"roundtrip setCameraState(getCameraState())","duration":0.5173999999999523,"failureMessages":[],"meta":{},"tags":[]}],"startTime":1785352170429,"endTime":1785352170435.5173,"status":"passed","message":"","name":"C:/Users/zhujieling11/MikuMikuAR/frontend/src/__tests__/camera.adr100.serialization.test.ts"},{"assertionResults":[{"ancestorTitles":["defaultCameraPreset"],"fullName":"defaultCameraPreset structure","status":"passed","title":"structure","duration":3.3352999999997337,"failureMessages":[],"meta":{},"tags":[]},{"ancestorTitles":["defaultCameraPreset"],"fullName":"defaultCameraPreset defaults","status":"passed","title":"defaults","duration":0.6841000000003987,"failureMessages":[],"meta":{},"tags":[]},{"ancestorTitles":["defaultCameraPreset"],"fullName":"defaultCameraPreset fresh copy","status":"passed","title":"fresh copy","duration":1.6375000000002728,"failureMessages":[],"meta":{},"tags":[]},{"ancestorTitles":["setOrbitParams"],"fullName":"setOrbitParams partial","status":"passed","title":"partial","duration":0.6199000000001433,"failureMessages":[],"meta":{},"tags":[]},{"ancestorTitles":["setOrbitParams"],"fullName":"setOrbitParams all at once","status":"passed","title":"all at once","duration":0.4256000000000313,"failureMessages":[],"meta":{},"tags":[]},{"ancestorTitles":["setOrbitParams"],"fullName":"setOrbitParams no live camera safe","status":"passed","title":"no live camera safe","duration":1.2763999999997395,"failureMessages":[],"meta":{},"tags":[]},{"ancestorTitles":["setOrbitParams"],"fullName":"setOrbitParams preserves others","status":"passed","title":"preserves others","duration":0.4210000000002765,"failureMessages":[],"meta":{},"tags":[]},{"ancestorTitles":["setOrbitParams"],"fullName":"setOrbitParams accumulates","status":"passed","title":"accumulates","duration":0.3931999999999789,"failureMessages":[],"meta":{},"tags":[]},{"ancestorTitles":["setFreeflyParams"],"fullName":"setFreeflyParams partial","status":"passed","title":"partial","duration":0.4339999999997417,"failureMessages":[],"meta":{},"tags":[]},{"ancestorTitles":["setFreeflyParams"],"fullName":"setFreeflyParams angular independently","status":"passed","title":"angular independently","duration":0.3587999999999738,"failureMessages":[],"meta":{},"tags":[]},{"ancestorTitles":["setFreeflyParams"],"fullName":"setFreeflyParams no live universal safe","status":"passed","title":"no live universal safe","duration":0.32110000000011496,"failureMessages":[],"meta":{},"tags":[]},{"ancestorTitles":["setFreeflyParams"],"fullName":"setFreeflyParams both","status":"passed","title":"both","duration":0.21660000000019863,"failureMessages":[],"meta":{},"tags":[]},{"ancestorTitles":["setConcertParams"],"fullName":"setConcertParams all fields","status":"passed","title":"all fields","duration":0.44729999999981374,"failureMessages":[],"meta":{},"tags":[]},{"ancestorTitles":["setConcertParams"],"fullName":"setConcertParams partial preserve","status":"passed","title":"partial preserve","duration":0.27029999999967913,"failureMessages":[],"meta":{},"tags":[]},{"ancestorTitles":["setConcertParams"],"fullName":"setConcertParams no throw","status":"passed","title":"no throw","duration":0.35359999999991487,"failureMessages":[],"meta":{},"tags":[]},{"ancestorTitles":["setSurroundParams"],"fullName":"setSurroundParams all fields","status":"passed","title":"all fields","duration":0.31300000000010186,"failureMessages":[],"meta":{},"tags":[]},{"ancestorTitles":["setSurroundParams"],"fullName":"setSurroundParams partial preserve","status":"passed","title":"partial preserve","duration":0.21960000000035507,"failureMessages":[],"meta":{},"tags":[]},{"ancestorTitles":["gCM/gCC"],"fullName":"gCM/gCC default orbit","status":"passed","title":"default orbit","duration":0.19650000000001455,"failureMessages":[],"meta":{},"tags":[]},{"ancestorTitles":["gCM/gCC"],"fullName":"gCM/gCC null camera","status":"passed","title":"null camera","duration":0.19680000000016662,"failureMessages":[],"meta":{},"tags":[]},{"ancestorTitles":["FOV"],"fullName":"FOV default 0.8","status":"passed","title":"default 0.8","duration":0.20119999999997162,"failureMessages":[],"meta":{},"tags":[]},{"ancestorTitles":["FOV"],"fullName":"FOV set 1.5","status":"passed","title":"set 1.5","duration":0.1497999999996864,"failureMessages":[],"meta":{},"tags":[]},{"ancestorTitles":["FOV"],"fullName":"FOV clamp min","status":"passed","title":"clamp min","duration":0.1431999999999789,"failureMessages":[],"meta":{},"tags":[]},{"ancestorTitles":["FOV"],"fullName":"FOV clamp max","status":"passed","title":"clamp max","duration":0.13859999999976935,"failureMessages":[],"meta":{},"tags":[]},{"ancestorTitles":["FOV"],"fullName":"FOV clamp negative","status":"passed","title":"clamp negative","duration":0.18979999999965003,"failureMessages":[],"meta":{},"tags":[]},{"ancestorTitles":["FOV"],"fullName":"FOV boundary low","status":"passed","title":"boundary low","duration":0.14220000000022992,"failureMessages":[],"meta":{},"tags":[]},{"ancestorTitles":["FOV"],"fullName":"FOV boundary high","status":"passed","title":"boundary high","duration":0.13059999999995853,"failureMessages":[],"meta":{},"tags":[]},{"ancestorTitles":["FOV"],"fullName":"FOV roundtrip","status":"passed","title":"roundtrip","duration":0.17879999999968277,"failureMessages":[],"meta":{},"tags":[]},{"ancestorTitles":["FOV"],"fullName":"FOV no cam safe","status":"passed","title":"no cam safe","duration":0.26929999999993015,"failureMessages":[],"meta":{},"tags":[]}],"startTime":1785352168134,"endTime":1785352168149.2693,"status":"passed","message":"","name":"C:/Users/zhujieling11/MikuMikuAR/frontend/src/__tests__/camera.presets.test.ts"},{"assertionResults":[{"ancestorTitles":["VMD"],"fullName":"VMD hasCameraVmd false default","status":"passed","title":"hasCameraVmd false default","duration":1.9244000000001051,"failureMessages":[],"meta":{},"tags":[]},{"ancestorTitles":["VMD"],"fullName":"VMD clearCameraVmd no throw","status":"passed","title":"clearCameraVmd no throw","duration":1.2876000000001113,"failureMessages":[],"meta":{},"tags":[]},{"ancestorTitles":["VMD"],"fullName":"VMD getCameraVmdName empty","status":"passed","title":"getCameraVmdName empty","duration":0.3500000000001364,"failureMessages":[],"meta":{},"tags":[]},{"ancestorTitles":["VMD"],"fullName":"VMD getCameraVmdPath empty","status":"passed","title":"getCameraVmdPath empty","duration":0.26520000000004984,"failureMessages":[],"meta":{},"tags":[]},{"ancestorTitles":["VMD"],"fullName":"VMD clearCameraVmd stays false","status":"passed","title":"clearCameraVmd stays false","duration":0.24099999999998545,"failureMessages":[],"meta":{},"tags":[]},{"ancestorTitles":["ConcertPaused"],"fullName":"ConcertPaused default false","status":"passed","title":"default false","duration":0.26530000000002474,"failureMessages":[],"meta":{},"tags":[]},{"ancestorTitles":["ConcertPaused"],"fullName":"ConcertPaused set true","status":"passed","title":"set true","duration":0.2213000000001557,"failureMessages":[],"meta":{},"tags":[]},{"ancestorTitles":["ConcertPaused"],"fullName":"ConcertPaused toggle back","status":"passed","title":"toggle back","duration":0.16830000000004475,"failureMessages":[],"meta":{},"tags":[]},{"ancestorTitles":["ConcertPaused"],"fullName":"ConcertPaused false->false","status":"passed","title":"false->false","duration":0.21260000000006585,"failureMessages":[],"meta":{},"tags":[]},{"ancestorTitles":["CameraMode type"],"fullName":"CameraMode type valid","status":"passed","title":"valid","duration":1.0587000000000444,"failureMessages":[],"meta":{},"tags":[]},{"ancestorTitles":["P1"],"fullName":"P1 LEGACY_MODE_MAP 8 keys","status":"passed","title":"LEGACY_MODE_MAP 8 keys","duration":1.02370000000019,"failureMessages":[],"meta":{},"tags":[]},{"ancestorTitles":["P1"],"fullName":"P1 orbit → {orbit,none}","status":"passed","title":"orbit → {orbit,none}","duration":0.3003999999998541,"failureMessages":[],"meta":{},"tags":[]},{"ancestorTitles":["P1"],"fullName":"P1 surround→turntable concert→concert","status":"passed","title":"surround→turntable concert→concert","duration":0.2299000000000433,"failureMessages":[],"meta":{},"tags":[]},{"ancestorTitles":["P1"],"fullName":"P1 vmd/oneshot","status":"passed","title":"vmd/oneshot","duration":0.23420000000010077,"failureMessages":[],"meta":{},"tags":[]},{"ancestorTitles":["P1"],"fullName":"P1 deriveLegacyMode roundtrip","status":"passed","title":"deriveLegacyMode roundtrip","duration":0.45610000000010587,"failureMessages":[],"meta":{},"tags":[]},{"ancestorTitles":["P1"],"fullName":"P1 deriveLegacyMode beatcut","status":"passed","title":"deriveLegacyMode beatcut","duration":0.13449999999988904,"failureMessages":[],"meta":{},"tags":[]},{"ancestorTitles":["P2"],"fullName":"P2 default orbit/none/!auto","status":"passed","title":"default orbit/none/!auto","duration":0.4523999999998978,"failureMessages":[],"meta":{},"tags":[]},{"ancestorTitles":["P2"],"fullName":"P2 enable → beatcut+subscribe","status":"passed","title":"enable → beatcut+subscribe","duration":0.7196999999998752,"failureMessages":[],"meta":{},"tags":[]},{"ancestorTitles":["P2"],"fullName":"P2 disable → none+unsubscribe","status":"passed","title":"disable → none+unsubscribe","duration":0.3943000000001575,"failureMessages":[],"meta":{},"tags":[]},{"ancestorTitles":["P2"],"fullName":"P2 fallback to procBeatDetector","status":"passed","title":"fallback to procBeatDetector","duration":0.5540000000000873,"failureMessages":[],"meta":{},"tags":[]},{"ancestorTitles":["P2"],"fullName":"P2 restoreAutoCameraState re-subscribes","status":"passed","title":"restoreAutoCameraState re-subscribes","duration":0.41679999999996653,"failureMessages":[],"meta":{},"tags":[]}],"startTime":1785352170135,"endTime":1785352170146.4167,"status":"passed","message":"","name":"C:/Users/zhujieling11/MikuMikuAR/frontend/src/__tests__/camera.vmd-state.test.ts"},{"assertionResults":[{"ancestorTitles":["color-helpers","col3FromTriple"],"fullName":"color-helpers col3FromTriple constructs Color3 from 3-tuple","status":"passed","title":"constructs Color3 from 3-tuple","duration":2.4516999999996187,"failureMessages":[],"meta":{},"tags":[]},{"ancestorTitles":["color-helpers","col3FromTriple"],"fullName":"color-helpers col3FromTriple falls back to 0 for missing indices","status":"passed","title":"falls back to 0 for missing indices","duration":0.5254999999997381,"failureMessages":[],"meta":{},"tags":[]},{"ancestorTitles":["color-helpers","col3FromTriple"],"fullName":"color-helpers col3FromTriple handles empty array","status":"passed","title":"handles empty array","duration":0.3196000000002641,"failureMessages":[],"meta":{},"tags":[]},{"ancestorTitles":["color-helpers","hexToRgb"],"fullName":"color-helpers hexToRgb parses #rrggbb","status":"passed","title":"parses #rrggbb","duration":1.4288000000001375,"failureMessages":[],"meta":{},"tags":[]},{"ancestorTitles":["color-helpers","hexToRgb"],"fullName":"color-helpers hexToRgb parses rrggbb without #","status":"passed","title":"parses rrggbb without #","duration":0.2628999999997177,"failureMessages":[],"meta":{},"tags":[]},{"ancestorTitles":["color-helpers","hexToRgb"],"fullName":"color-helpers hexToRgb falls back to theme default (74,108,247) for invalid input","status":"passed","title":"falls back to theme default (74,108,247) for invalid input","duration":0.35199999999986176,"failureMessages":[],"meta":{},"tags":[]},{"ancestorTitles":["color-helpers","rgbToString"],"fullName":"color-helpers rgbToString formats as \"r, g, b\"","status":"passed","title":"formats as \"r, g, b\"","duration":0.20210000000042783,"failureMessages":[],"meta":{},"tags":[]},{"ancestorTitles":["color-helpers","rgbString (ADR-101 P3)"],"fullName":"color-helpers rgbString (ADR-101 P3) converts Color3(1,0,0) to rgb(255, 0, 0)","status":"passed","title":"converts Color3(1,0,0) to rgb(255, 0, 0)","duration":0.23959999999988213,"failureMessages":[],"meta":{},"tags":[]},{"ancestorTitles":["color-helpers","rgbString (ADR-101 P3)"],"fullName":"color-helpers rgbString (ADR-101 P3) converts Color3(0,1,0) to rgb(0, 255, 0)","status":"passed","title":"converts Color3(0,1,0) to rgb(0, 255, 0)","duration":0.22839999999996508,"failureMessages":[],"meta":{},"tags":[]},{"ancestorTitles":["color-helpers","rgbString (ADR-101 P3)"],"fullName":"color-helpers rgbString (ADR-101 P3) converts Color3(0,0,1) to rgb(0, 0, 255)","status":"passed","title":"converts Color3(0,0,1) to rgb(0, 0, 255)","duration":0.2820999999999003,"failureMessages":[],"meta":{},"tags":[]},{"ancestorTitles":["color-helpers","rgbString (ADR-101 P3)"],"fullName":"color-helpers rgbString (ADR-101 P3) converts Color3(0,0,0) to rgb(0, 0, 0)","status":"passed","title":"converts Color3(0,0,0) to rgb(0, 0, 0)","duration":0.16889999999966676,"failureMessages":[],"meta":{},"tags":[]},{"ancestorTitles":["color-helpers","rgbString (ADR-101 P3)"],"fullName":"color-helpers rgbString (ADR-101 P3) rounds 0.5 to 128 (Math.round semantics)","status":"passed","title":"rounds 0.5 to 128 (Math.round semantics)","duration":0.1507000000001426,"failureMessages":[],"meta":{},"tags":[]},{"ancestorTitles":["color-helpers","rgbString (ADR-101 P3)"],"fullName":"color-helpers rgbString (ADR-101 P3) rounds fractional values to nearest integer","status":"passed","title":"rounds fractional values to nearest integer","duration":0.27100000000018554,"failureMessages":[],"meta":{},"tags":[]}],"startTime":1785352192133,"endTime":1785352192140.282,"status":"passed","message":"","name":"C:/Users/zhujieling11/MikuMikuAR/frontend/src/__tests__/color-helpers.test.ts"},{"assertionResults":[{"ancestorTitles":["config pure functions","formatTime"],"fullName":"config pure functions formatTime 0 seconds → \"00:00.00\"","status":"passed","title":"0 seconds → \"00:00.00\"","duration":2.4911999999999352,"failureMessages":[],"meta":{},"tags":[]},{"ancestorTitles":["config pure functions","formatTime"],"fullName":"config pure functions formatTime 90 seconds → \"01:30.00\"","status":"passed","title":"90 seconds → \"01:30.00\"","duration":0.34569999999985157,"failureMessages":[],"meta":{},"tags":[]},{"ancestorTitles":["config pure functions","formatTime"],"fullName":"config pure functions formatTime 3661 seconds → \"61:01.00\"","status":"passed","title":"3661 seconds → \"61:01.00\"","duration":0.2595000000001164,"failureMessages":[],"meta":{},"tags":[]},{"ancestorTitles":["config pure functions","formatTime"],"fullName":"config pure functions formatTime handles fractional seconds (centiseconds)","status":"passed","title":"handles fractional seconds (centiseconds)","duration":0.33969999999999345,"failureMessages":[],"meta":{},"tags":[]},{"ancestorTitles":["config pure functions","formatTime"],"fullName":"config pure functions formatTime handles large values","status":"passed","title":"handles large values","duration":0.24700000000029831,"failureMessages":[],"meta":{},"tags":[]},{"ancestorTitles":["config pure functions","formatError"],"fullName":"config pure functions formatError returns \"unknown error\" for null","status":"passed","title":"returns \"unknown error\" for null","duration":0.49530000000004293,"failureMessages":[],"meta":{},"tags":[]},{"ancestorTitles":["config pure functions","formatError"],"fullName":"config pure functions formatError returns \"unknown error\" for undefined","status":"passed","title":"returns \"unknown error\" for undefined","duration":0.20169999999961874,"failureMessages":[],"meta":{},"tags":[]},{"ancestorTitles":["config pure functions","formatError"],"fullName":"config pure functions formatError returns message for Error instances","status":"passed","title":"returns message for Error instances","duration":0.24139999999988504,"failureMessages":[],"meta":{},"tags":[]},{"ancestorTitles":["config pure functions","formatError"],"fullName":"config pure functions formatError truncates long Error messages","status":"passed","title":"truncates long Error messages","duration":0.3694000000000415,"failureMessages":[],"meta":{},"tags":[]},{"ancestorTitles":["config pure functions","formatError"],"fullName":"config pure functions formatError returns string as-is when short","status":"passed","title":"returns string as-is when short","duration":0.29049999999961074,"failureMessages":[],"meta":{},"tags":[]},{"ancestorTitles":["config pure functions","formatError"],"fullName":"config pure functions formatError truncates long strings","status":"passed","title":"truncates long strings","duration":0.23649999999997817,"failureMessages":[],"meta":{},"tags":[]},{"ancestorTitles":["config pure functions","formatError"],"fullName":"config pure functions formatError converts other types via String()","status":"passed","title":"converts other types via String()","duration":0.2367999999996755,"failureMessages":[],"meta":{},"tags":[]},{"ancestorTitles":["config pure functions","formatError"],"fullName":"config pure functions formatError uses default maxLen of 120","status":"passed","title":"uses default maxLen of 120","duration":0.15249999999969077,"failureMessages":[],"meta":{},"tags":[]},{"ancestorTitles":["config pure functions","formatError"],"fullName":"config pure functions formatError does not truncate when exactly at maxLen","status":"passed","title":"does not truncate when exactly at maxLen","duration":0.11809999999968568,"failureMessages":[],"meta":{},"tags":[]},{"ancestorTitles":["config pure functions","formatError"],"fullName":"config pure functions formatError returns \"unknown error\" for objects that throw on String()","status":"passed","title":"returns \"unknown error\" for objects that throw on String()","duration":0.2058999999999287,"failureMessages":[],"meta":{},"tags":[]},{"ancestorTitles":["config pure functions","toBase64"],"fullName":"config pure functions toBase64 encodes ASCII string","status":"passed","title":"encodes ASCII string","duration":0.365099999999984,"failureMessages":[],"meta":{},"tags":[]},{"ancestorTitles":["config pure functions","toBase64"],"fullName":"config pure functions toBase64 encodes empty string","status":"passed","title":"encodes empty string","duration":0.16200000000026193,"failureMessages":[],"meta":{},"tags":[]},{"ancestorTitles":["config pure functions","toBase64"],"fullName":"config pure functions toBase64 encodes unicode (UTF-8)","status":"passed","title":"encodes unicode (UTF-8)","duration":0.240099999999984,"failureMessages":[],"meta":{},"tags":[]},{"ancestorTitles":["config pure functions","toBase64"],"fullName":"config pure functions toBase64 round-trips with atob","status":"passed","title":"round-trips with atob","duration":0.17219999999997526,"failureMessages":[],"meta":{},"tags":[]},{"ancestorTitles":["config pure functions","escapeHtml"],"fullName":"config pure functions escapeHtml escapes < and >","status":"passed","title":"escapes < and >","duration":0.24020000000018626,"failureMessages":[],"meta":{},"tags":[]},{"ancestorTitles":["config pure functions","escapeHtml"],"fullName":"config pure functions escapeHtml escapes & first (no double-escape)","status":"passed","title":"escapes & first (no double-escape)","duration":0.1471999999998843,"failureMessages":[],"meta":{},"tags":[]},{"ancestorTitles":["config pure functions","escapeHtml"],"fullName":"config pure functions escapeHtml escapes double and single quotes","status":"passed","title":"escapes double and single quotes","duration":0.15790000000015425,"failureMessages":[],"meta":{},"tags":[]},{"ancestorTitles":["config pure functions","escapeHtml"],"fullName":"config pure functions escapeHtml passes through safe strings unchanged","status":"passed","title":"passes through safe strings unchanged","duration":0.09389999999984866,"failureMessages":[],"meta":{},"tags":[]},{"ancestorTitles":["config pure functions","escapeHtml"],"fullName":"config pure functions escapeHtml handles empty string","status":"passed","title":"handles empty string","duration":0.087699999999586,"failureMessages":[],"meta":{},"tags":[]},{"ancestorTitles":["config pure functions","escapeHtml"],"fullName":"config pure functions escapeHtml escapes all special chars in one string","status":"passed","title":"escapes all special chars in one string","duration":0.1046000000001186,"failureMessages":[],"meta":{},"tags":[]},{"ancestorTitles":["config pure functions","normPath"],"fullName":"config pure functions normPath converts Windows backslashes to forward slashes","status":"passed","title":"converts Windows backslashes to forward slashes","duration":0.5255000000001928,"failureMessages":[],"meta":{},"tags":[]},{"ancestorTitles":["config pure functions","normPath"],"fullName":"config pure functions normPath strips trailing slash","status":"passed","title":"strips trailing slash","duration":0.3926000000001295,"failureMessages":[],"meta":{},"tags":[]},{"ancestorTitles":["config pure functions","normPath"],"fullName":"config pure functions normPath leaves Unix paths unchanged","status":"passed","title":"leaves Unix paths unchanged","duration":0.24040000000013606,"failureMessages":[],"meta":{},"tags":[]},{"ancestorTitles":["config pure functions","normPath"],"fullName":"config pure functions normPath handles empty string","status":"passed","title":"handles empty string","duration":0.2274000000002161,"failureMessages":[],"meta":{},"tags":[]},{"ancestorTitles":["computeLibraryRef"],"fullName":"computeLibraryRef returns relative path for main library file","status":"passed","title":"returns relative path for main library file","duration":1.018000000000029,"failureMessages":[],"meta":{},"tags":[]},{"ancestorTitles":["computeLibraryRef"],"fullName":"computeLibraryRef returns null for path outside all libraries","status":"passed","title":"returns null for path outside all libraries","duration":0.3449000000000524,"failureMessages":[],"meta":{},"tags":[]},{"ancestorTitles":["computeLibraryRef"],"fullName":"computeLibraryRef returns null when libraryRoot is empty","status":"passed","title":"returns null when libraryRoot is empty","duration":0.2311000000004242,"failureMessages":[],"meta":{},"tags":[]},{"ancestorTitles":["resolveLibraryRef"],"fullName":"resolveLibraryRef returns null for empty ref","status":"passed","title":"returns null for empty ref","duration":0.4057999999999993,"failureMessages":[],"meta":{},"tags":[]},{"ancestorTitles":["resolveLibraryRef"],"fullName":"resolveLibraryRef rejects refs starting with \"/\"","status":"passed","title":"rejects refs starting with \"/\"","duration":1.776299999999992,"failureMessages":[],"meta":{},"tags":[]},{"ancestorTitles":["resolveLibraryRef"],"fullName":"resolveLibraryRef rejects refs containing \"..\"","status":"passed","title":"rejects refs containing \"..\"","duration":0.5655000000001564,"failureMessages":[],"meta":{},"tags":[]},{"ancestorTitles":["resolveLibraryRef"],"fullName":"resolveLibraryRef resolves main library ref","status":"passed","title":"resolves main library ref","duration":0.6091999999998734,"failureMessages":[],"meta":{},"tags":[]},{"ancestorTitles":["resolveLibraryRef"],"fullName":"resolveLibraryRef rejects external library refs (no longer supported)","status":"passed","title":"rejects external library refs (no longer supported)","duration":0.45640000000003056,"failureMessages":[],"meta":{},"tags":[]},{"ancestorTitles":["resolveLibraryRef"],"fullName":"resolveLibraryRef returns null for unknown external source","status":"passed","title":"returns null for unknown external source","duration":0.6292999999996027,"failureMessages":[],"meta":{},"tags":[]},{"ancestorTitles":["resolveLibraryRef"],"fullName":"resolveLibraryRef returns null when libraryRoot is empty","status":"passed","title":"returns null when libraryRoot is empty","duration":0.2294000000001688,"failureMessages":[],"meta":{},"tags":[]},{"ancestorTitles":["resolveLibraryRef"],"fullName":"resolveLibraryRef rejects main ref with path traversal","status":"passed","title":"rejects main ref with path traversal","duration":0.33199999999987995,"failureMessages":[],"meta":{},"tags":[]},{"ancestorTitles":["resolveLibraryRef"],"fullName":"resolveLibraryRef resolves main library ref with nested path","status":"passed","title":"resolves main library ref with nested path","duration":0.228099999999813,"failureMessages":[],"meta":{},"tags":[]},{"ancestorTitles":["path helpers (getBaseName / getDirPath / isUnderRoot)"],"fullName":"path helpers (getBaseName / getDirPath / isUnderRoot) getBaseName extracts last segment across separators","status":"passed","title":"getBaseName extracts last segment across separators","duration":0.3432999999999993,"failureMessages":[],"meta":{},"tags":[]},{"ancestorTitles":["path helpers (getBaseName / getDirPath / isUnderRoot)"],"fullName":"path helpers (getBaseName / getDirPath / isUnderRoot) getDirPath extracts parent directory","status":"passed","title":"getDirPath extracts parent directory","duration":0.23450000000002547,"failureMessages":[],"meta":{},"tags":[]},{"ancestorTitles":["path helpers (getBaseName / getDirPath / isUnderRoot)"],"fullName":"path helpers (getBaseName / getDirPath / isUnderRoot) isUnderRoot rejects \"..\" traversal segments","status":"passed","title":"isUnderRoot rejects \"..\" traversal segments","duration":0.22539999999980864,"failureMessages":[],"meta":{},"tags":[]},{"ancestorTitles":["recentMotions"],"fullName":"recentMotions addRecentMotion adds to list","status":"passed","title":"addRecentMotion adds to list","duration":0.3654999999998836,"failureMessages":[],"meta":{},"tags":[]},{"ancestorTitles":["recentMotions"],"fullName":"recentMotions addRecentMotion deduplicates by path","status":"passed","title":"addRecentMotion deduplicates by path","duration":0.1835999999998421,"failureMessages":[],"meta":{},"tags":[]},{"ancestorTitles":["recentMotions"],"fullName":"recentMotions addRecentMotion caps at 10 entries","status":"passed","title":"addRecentMotion caps at 10 entries","duration":0.24470000000019354,"failureMessages":[],"meta":{},"tags":[]},{"ancestorTitles":["recentMotions"],"fullName":"recentMotions getRecentMotions returns an array","status":"passed","title":"getRecentMotions returns an array","duration":0.12639999999964857,"failureMessages":[],"meta":{},"tags":[]},{"ancestorTitles":["toggleExpandedFolder"],"fullName":"toggleExpandedFolder toggles folder path in expanded set","status":"passed","title":"toggles folder path in expanded set","duration":0.23489999999992506,"failureMessages":[],"meta":{},"tags":[]}],"startTime":1785352185985,"endTime":1785352186004.2446,"status":"passed","message":"","name":"C:/Users/zhujieling11/MikuMikuAR/frontend/src/__tests__/config.test.ts"},{"assertionResults":[{"ancestorTitles":["showConfirm"],"fullName":"showConfirm creates overlay with correct structure and default labels","status":"passed","title":"creates overlay with correct structure and default labels","duration":27.7804000000001,"failureMessages":[],"meta":{},"tags":[]},{"ancestorTitles":["showConfirm"],"fullName":"showConfirm confirm button resolves with true","status":"passed","title":"confirm button resolves with true","duration":3.501899999999978,"failureMessages":[],"meta":{},"tags":[]},{"ancestorTitles":["showConfirm"],"fullName":"showConfirm cancel button resolves with false","status":"passed","title":"cancel button resolves with false","duration":2.4829999999999472,"failureMessages":[],"meta":{},"tags":[]},{"ancestorTitles":["showConfirm"],"fullName":"showConfirm pressing Escape resolves with false","status":"passed","title":"pressing Escape resolves with false","duration":2.211999999999989,"failureMessages":[],"meta":{},"tags":[]},{"ancestorTitles":["showConfirm"],"fullName":"showConfirm custom labels are applied correctly","status":"passed","title":"custom labels are applied correctly","duration":2.318200000000161,"failureMessages":[],"meta":{},"tags":[]},{"ancestorTitles":["showConfirm"],"fullName":"showConfirm backdrop click resolves with false","status":"passed","title":"backdrop click resolves with false","duration":2.011199999999917,"failureMessages":[],"meta":{},"tags":[]},{"ancestorTitles":["showPrompt"],"fullName":"showPrompt creates overlay with input field visible","status":"passed","title":"creates overlay with input field visible","duration":3.276100000000042,"failureMessages":[],"meta":{},"tags":[]},{"ancestorTitles":["showPrompt"],"fullName":"showPrompt pressing Enter resolves with input value","status":"passed","title":"pressing Enter resolves with input value","duration":2.980600000000095,"failureMessages":[],"meta":{},"tags":[]},{"ancestorTitles":["showPrompt"],"fullName":"showPrompt pressing Escape resolves with null","status":"passed","title":"pressing Escape resolves with null","duration":1.2402999999999338,"failureMessages":[],"meta":{},"tags":[]},{"ancestorTitles":["showPrompt"],"fullName":"showPrompt cancel button resolves with null","status":"passed","title":"cancel button resolves with null","duration":1.4389000000001033,"failureMessages":[],"meta":{},"tags":[]},{"ancestorTitles":["showPrompt"],"fullName":"showPrompt default value and placeholder are set correctly","status":"passed","title":"default value and placeholder are set correctly","duration":1.414299999999912,"failureMessages":[],"meta":{},"tags":[]}],"startTime":1785352174126,"endTime":1785352174177.4143,"status":"passed","message":"","name":"C:/Users/zhujieling11/MikuMikuAR/frontend/src/__tests__/dialog.test.ts"},{"assertionResults":[{"ancestorTitles":["ADR-101 P2: addDisposableListener"],"fullName":"ADR-101 P2: addDisposableListener receives events after attach","status":"passed","title":"receives events after attach","duration":3.99350000000004,"failureMessages":[],"meta":{},"tags":[]},{"ancestorTitles":["ADR-101 P2: addDisposableListener"],"fullName":"ADR-101 P2: addDisposableListener stops receiving events after dispose","status":"passed","title":"stops receiving events after dispose","duration":0.9963000000000193,"failureMessages":[],"meta":{},"tags":[]},{"ancestorTitles":["ADR-101 P2: addDisposableListener"],"fullName":"ADR-101 P2: addDisposableListener dispose is idempotent","status":"passed","title":"dispose is idempotent","duration":0.5845999999999094,"failureMessages":[],"meta":{},"tags":[]},{"ancestorTitles":["ADR-101 P2: addDisposableListener"],"fullName":"ADR-101 P2: addDisposableListener passes options through to addEventListener","status":"passed","title":"passes options through to addEventListener","duration":3.0036999999999807,"failureMessages":[],"meta":{},"tags":[]},{"ancestorTitles":["ADR-101 P2: addDisposableListener"],"fullName":"ADR-101 P2: addDisposableListener returns Disposable compatible with interface","status":"passed","title":"returns Disposable compatible with interface","duration":1.011600000000044,"failureMessages":[],"meta":{},"tags":[]},{"ancestorTitles":["ADR-101 P2: addDisposableListener"],"fullName":"ADR-101 P2: addDisposableListener supports multiple independent listeners on same element","status":"passed","title":"supports multiple independent listeners on same element","duration":1.2384999999999309,"failureMessages":[],"meta":{},"tags":[]}],"startTime":1785352190421,"endTime":1785352190432.2385,"status":"passed","message":"","name":"C:/Users/zhujieling11/MikuMikuAR/frontend/src/__tests__/dom.test.ts"},{"assertionResults":[{"ancestorTitles":["env-feature-levels 导出契约","8 个 build*Level 函数存在性"],"fullName":"env-feature-levels 导出契约 8 个 build*Level 函数存在性 buildSkyLevel 是函数","status":"passed","title":"buildSkyLevel 是函数","duration":2.0945999999999003,"failureMessages":[],"meta":{},"tags":[]},{"ancestorTitles":["env-feature-levels 导出契约","8 个 build*Level 函数存在性"],"fullName":"env-feature-levels 导出契约 8 个 build*Level 函数存在性 buildSkyLevel 返回 PopupLevel 形状","status":"passed","title":"buildSkyLevel 返回 PopupLevel 形状","duration":1.1282999999998538,"failureMessages":[],"meta":{},"tags":[]},{"ancestorTitles":["env-feature-levels 导出契约","8 个 build*Level 函数存在性"],"fullName":"env-feature-levels 导出契约 8 个 build*Level 函数存在性 buildGroundLevel 是函数","status":"passed","title":"buildGroundLevel 是函数","duration":0.1689000000001215,"failureMessages":[],"meta":{},"tags":[]},{"ancestorTitles":["env-feature-levels 导出契约","8 个 build*Level 函数存在性"],"fullName":"env-feature-levels 导出契约 8 个 build*Level 函数存在性 buildGroundLevel 返回 PopupLevel 形状","status":"passed","title":"buildGroundLevel 返回 PopupLevel 形状","duration":0.5860999999999876,"failureMessages":[],"meta":{},"tags":[]},{"ancestorTitles":["env-feature-levels 导出契约","8 个 build*Level 函数存在性"],"fullName":"env-feature-levels 导出契约 8 个 build*Level 函数存在性 buildWaterLevel 是函数","status":"passed","title":"buildWaterLevel 是函数","duration":0.12179999999989377,"failureMessages":[],"meta":{},"tags":[]},{"ancestorTitles":["env-feature-levels 导出契约","8 个 build*Level 函数存在性"],"fullName":"env-feature-levels 导出契约 8 个 build*Level 函数存在性 buildWaterLevel 返回 PopupLevel 形状","status":"passed","title":"buildWaterLevel 返回 PopupLevel 形状","duration":0.5557999999996355,"failureMessages":[],"meta":{},"tags":[]},{"ancestorTitles":["env-feature-levels 导出契约","8 个 build*Level 函数存在性"],"fullName":"env-feature-levels 导出契约 8 个 build*Level 函数存在性 buildWindLevel 是函数","status":"passed","title":"buildWindLevel 是函数","duration":0.12960000000020955,"failureMessages":[],"meta":{},"tags":[]},{"ancestorTitles":["env-feature-levels 导出契约","8 个 build*Level 函数存在性"],"fullName":"env-feature-levels 导出契约 8 个 build*Level 函数存在性 buildWindLevel 返回 PopupLevel 形状","status":"passed","title":"buildWindLevel 返回 PopupLevel 形状","duration":0.32930000000033033,"failureMessages":[],"meta":{},"tags":[]},{"ancestorTitles":["env-feature-levels 导出契约","8 个 build*Level 函数存在性"],"fullName":"env-feature-levels 导出契约 8 个 build*Level 函数存在性 buildCloudLevel 是函数","status":"passed","title":"buildCloudLevel 是函数","duration":0.10860000000002401,"failureMessages":[],"meta":{},"tags":[]},{"ancestorTitles":["env-feature-levels 导出契约","8 个 build*Level 函数存在性"],"fullName":"env-feature-levels 导出契约 8 个 build*Level 函数存在性 buildCloudLevel 返回 PopupLevel 形状","status":"passed","title":"buildCloudLevel 返回 PopupLevel 形状","duration":0.38990000000012515,"failureMessages":[],"meta":{},"tags":[]},{"ancestorTitles":["env-feature-levels 导出契约","8 个 build*Level 函数存在性"],"fullName":"env-feature-levels 导出契约 8 个 build*Level 函数存在性 buildFogLevel 是函数","status":"passed","title":"buildFogLevel 是函数","duration":0.08120000000008076,"failureMessages":[],"meta":{},"tags":[]},{"ancestorTitles":["env-feature-levels 导出契约","8 个 build*Level 函数存在性"],"fullName":"env-feature-levels 导出契约 8 个 build*Level 函数存在性 buildFogLevel 返回 PopupLevel 形状","status":"passed","title":"buildFogLevel 返回 PopupLevel 形状","duration":0.24860000000035143,"failureMessages":[],"meta":{},"tags":[]},{"ancestorTitles":["env-feature-levels 导出契约","8 个 build*Level 函数存在性"],"fullName":"env-feature-levels 导出契约 8 个 build*Level 函数存在性 buildShadowLevel 是函数","status":"passed","title":"buildShadowLevel 是函数","duration":0.049099999999725696,"failureMessages":[],"meta":{},"tags":[]},{"ancestorTitles":["env-feature-levels 导出契约","8 个 build*Level 函数存在性"],"fullName":"env-feature-levels 导出契约 8 个 build*Level 函数存在性 buildShadowLevel 返回 PopupLevel 形状","status":"passed","title":"buildShadowLevel 返回 PopupLevel 形状","duration":0.2847999999999047,"failureMessages":[],"meta":{},"tags":[]},{"ancestorTitles":["env-feature-levels 导出契约","8 个 build*Level 函数存在性"],"fullName":"env-feature-levels 导出契约 8 个 build*Level 函数存在性 buildExperimentalLevel 是函数","status":"passed","title":"buildExperimentalLevel 是函数","duration":0.06730000000015934,"failureMessages":[],"meta":{},"tags":[]},{"ancestorTitles":["env-feature-levels 导出契约","8 个 build*Level 函数存在性"],"fullName":"env-feature-levels 导出契约 8 个 build*Level 函数存在性 buildExperimentalLevel 返回 PopupLevel 形状","status":"passed","title":"buildExperimentalLevel 返回 PopupLevel 形状","duration":0.23189999999976862,"failureMessages":[],"meta":{},"tags":[]},{"ancestorTitles":["env-feature-levels 导出契约","公共辅助函数存在性"],"fullName":"env-feature-levels 导出契约 公共辅助函数存在性 buildLevel 是函数","status":"passed","title":"buildLevel 是函数","duration":0.1046000000001186,"failureMessages":[],"meta":{},"tags":[]},{"ancestorTitles":["env-feature-levels 导出契约","公共辅助函数存在性"],"fullName":"env-feature-levels 导出契约 公共辅助函数存在性 buildLevel 返回 PopupLevel","status":"passed","title":"buildLevel 返回 PopupLevel","duration":0.7288000000003194,"failureMessages":[],"meta":{},"tags":[]},{"ancestorTitles":["env-feature-levels 导出契约","公共辅助函数存在性"],"fullName":"env-feature-levels 导出契约 公共辅助函数存在性 openTexturePicker 是函数","status":"passed","title":"openTexturePicker 是函数","duration":0.08669999999983702,"failureMessages":[],"meta":{},"tags":[]}],"startTime":1785352168133,"endTime":1785352168141.0867,"status":"passed","message":"","name":"C:/Users/zhujieling11/MikuMikuAR/frontend/src/__tests__/env-feature-levels.contract.test.ts"},{"assertionResults":[{"ancestorTitles":["calcLuminance"],"fullName":"calcLuminance white is 1.0","status":"passed","title":"white is 1.0","duration":2.388500000000022,"failureMessages":[],"meta":{},"tags":[]},{"ancestorTitles":["calcLuminance"],"fullName":"calcLuminance black is 0","status":"passed","title":"black is 0","duration":0.4434000000001106,"failureMessages":[],"meta":{},"tags":[]},{"ancestorTitles":["calcLuminance"],"fullName":"calcLuminance mid gray ~0.5","status":"passed","title":"mid gray ~0.5","duration":0.2667999999998756,"failureMessages":[],"meta":{},"tags":[]},{"ancestorTitles":["deriveLighting"],"fullName":"deriveLighting noon: bright warm-white light","status":"passed","title":"noon: bright warm-white light","duration":0.5577000000002954,"failureMessages":[],"meta":{},"tags":[]},{"ancestorTitles":["deriveLighting"],"fullName":"deriveLighting night: dirIntensity=0 when sunAngle <= 0","status":"passed","title":"night: dirIntensity=0 when sunAngle <= 0","duration":0.3455000000003565,"failureMessages":[],"meta":{},"tags":[]},{"ancestorTitles":["deriveLighting"],"fullName":"deriveLighting sunset: warm light, low angle","status":"passed","title":"sunset: warm light, low angle","duration":0.41869999999971697,"failureMessages":[],"meta":{},"tags":[]},{"ancestorTitles":["TIME_OF_DAY_PRESETS"],"fullName":"TIME_OF_DAY_PRESETS has all 6 presets","status":"passed","title":"has all 6 presets","duration":0.9994999999998981,"failureMessages":[],"meta":{},"tags":[]},{"ancestorTitles":["TIME_OF_DAY_PRESETS"],"fullName":"TIME_OF_DAY_PRESETS each preset has all required fields","status":"passed","title":"each preset has all required fields","duration":3.010400000000118,"failureMessages":[],"meta":{},"tags":[]},{"ancestorTitles":["scene-lighting — deriveLighting"],"fullName":"scene-lighting — deriveLighting 模块可导入","status":"passed","title":"模块可导入","duration":0.4682999999999993,"failureMessages":[],"meta":{},"tags":[]},{"ancestorTitles":["scene-lighting — transitionLighting smoke"],"fullName":"scene-lighting — transitionLighting smoke transitionLighting 在缺少 Babylon 对象时提前返回（不抛异常）","status":"passed","title":"transitionLighting 在缺少 Babylon 对象时提前返回（不抛异常）","duration":4.335699999999633,"failureMessages":[],"meta":{},"tags":[]},{"ancestorTitles":["ADR-120 分类预设","ENV_PRESET_FIELDS 白名单"],"fullName":"ADR-120 分类预设 ENV_PRESET_FIELDS 白名单 4 个类别","status":"passed","title":"4 个类别","duration":0.3627000000001317,"failureMessages":[],"meta":{},"tags":[]},{"ancestorTitles":["ADR-120 分类预设","ENV_PRESET_FIELDS 白名单"],"fullName":"ADR-120 分类预设 ENV_PRESET_FIELDS 白名单 各类字段无重叠","status":"passed","title":"各类字段无重叠","duration":0.19700000000011642,"failureMessages":[],"meta":{},"tags":[]},{"ancestorTitles":["ADR-120 分类预设","ENV_PRESET_FIELDS 白名单"],"fullName":"ADR-120 分类预设 ENV_PRESET_FIELDS 白名单 排除 collision* 物理字段","status":"passed","title":"排除 collision* 物理字段","duration":0.7829000000001543,"failureMessages":[],"meta":{},"tags":[]},{"ancestorTitles":["ADR-120 分类预设","snapshotEnvPresetByCategory"],"fullName":"ADR-120 分类预设 snapshotEnvPresetByCategory sky 类只含 sky 字段","status":"passed","title":"sky 类只含 sky 字段","duration":0.9261000000001332,"failureMessages":[],"meta":{},"tags":[]},{"ancestorTitles":["ADR-120 分类预设","snapshotEnvPresetByCategory"],"fullName":"ADR-120 分类预设 snapshotEnvPresetByCategory ground 类只含 ground 字段","status":"passed","title":"ground 类只含 ground 字段","duration":0.6382999999996173,"failureMessages":[],"meta":{},"tags":[]},{"ancestorTitles":["ADR-120 分类预设","snapshotEnvPresetByCategory"],"fullName":"ADR-120 分类预设 snapshotEnvPresetByCategory 数组字段是拷贝（修改原 state 不影响 preset）","status":"passed","title":"数组字段是拷贝（修改原 state 不影响 preset）","duration":0.4472000000000662,"failureMessages":[],"meta":{},"tags":[]},{"ancestorTitles":["ADR-120 分类预设","exportCategorizedEnvPreset / importCategorizedEnvPreset 往返"],"fullName":"ADR-120 分类预设 exportCategorizedEnvPreset / importCategorizedEnvPreset 往返 v3 序列化 → 反序列化一致","status":"passed","title":"v3 序列化 → 反序列化一致","duration":0.9221000000002277,"failureMessages":[],"meta":{},"tags":[]},{"ancestorTitles":["ADR-120 分类预设","importCategorizedEnvPreset v2 兼容"],"fullName":"ADR-120 分类预设 importCategorizedEnvPreset v2 兼容 旧 v2 格式（顶层 skyColorTop/Bot/sunAngle）归 sky 类","status":"passed","title":"旧 v2 格式（顶层 skyColorTop/Bot/sunAngle）归 sky 类","duration":0.41000000000030923,"failureMessages":[],"meta":{},"tags":[]},{"ancestorTitles":["ADR-120 分类预设","importCategorizedEnvPreset v2 兼容"],"fullName":"ADR-120 分类预设 importCategorizedEnvPreset v2 兼容 无 azimuth 时用默认值","status":"passed","title":"无 azimuth 时用默认值","duration":0.21240000000034343,"failureMessages":[],"meta":{},"tags":[]},{"ancestorTitles":["ADR-120 分类预设","importCategorizedEnvPreset 异常"],"fullName":"ADR-120 分类预设 importCategorizedEnvPreset 异常 无效 JSON 返回 null","status":"passed","title":"无效 JSON 返回 null","duration":0.2035000000000764,"failureMessages":[],"meta":{},"tags":[]},{"ancestorTitles":["ADR-120 分类预设","importCategorizedEnvPreset 异常"],"fullName":"ADR-120 分类预设 importCategorizedEnvPreset 异常 缺 label 返回 null","status":"passed","title":"缺 label 返回 null","duration":0.19299999999975626,"failureMessages":[],"meta":{},"tags":[]},{"ancestorTitles":["ADR-120 分类预设","importCategorizedEnvPreset 异常"],"fullName":"ADR-120 分类预设 importCategorizedEnvPreset 异常 非法 category 返回 null","status":"passed","title":"非法 category 返回 null","duration":0.1315999999997075,"failureMessages":[],"meta":{},"tags":[]}],"startTime":1785352183892,"endTime":1785352183912.1316,"status":"passed","message":"","name":"C:/Users/zhujieling11/MikuMikuAR/frontend/src/__tests__/env-lighting.test.ts"},{"assertionResults":[{"ancestorTitles":["EnvState defaults"],"fullName":"EnvState defaults has all required fields","status":"passed","title":"has all required fields","duration":4.528599999999869,"failureMessages":[],"meta":{},"tags":[]},{"ancestorTitles":["EnvState defaults"],"fullName":"EnvState defaults skyMode defaults to 'color'","status":"passed","title":"skyMode defaults to 'color'","duration":0.24929999999994834,"failureMessages":[],"meta":{},"tags":[]},{"ancestorTitles":["EnvState defaults"],"fullName":"EnvState defaults default sky colors are valid RGB arrays","status":"passed","title":"default sky colors are valid RGB arrays","duration":0.8772000000001299,"failureMessages":[],"meta":{},"tags":[]},{"ancestorTitles":["EnvState defaults"],"fullName":"EnvState defaults wind direction is normalized","status":"passed","title":"wind direction is normalized","duration":0.3130999999998494,"failureMessages":[],"meta":{},"tags":[]},{"ancestorTitles":["EnvState defaults"],"fullName":"EnvState defaults cloud cover is between 0 and 1","status":"passed","title":"cloud cover is between 0 and 1","duration":0.27340000000003783,"failureMessages":[],"meta":{},"tags":[]},{"ancestorTitles":["setEnvState partial merge"],"fullName":"setEnvState partial merge partial update preserves other fields","status":"passed","title":"partial update preserves other fields","duration":0.3787999999999556,"failureMessages":[],"meta":{},"tags":[]},{"ancestorTitles":["envState — color field isolation"],"fullName":"envState — color field isolation skyColorTop does not leak into skyColorBot","status":"passed","title":"skyColorTop does not leak into skyColorBot","duration":2.112600000000157,"failureMessages":[],"meta":{},"tags":[]},{"ancestorTitles":["envState — color field isolation"],"fullName":"envState — color field isolation skyColorBot does not leak into skyColorTop","status":"passed","title":"skyColorBot does not leak into skyColorTop","duration":0.48339999999984684,"failureMessages":[],"meta":{},"tags":[]},{"ancestorTitles":["envState — color field isolation"],"fullName":"envState — color field isolation skyColorMid is independent","status":"passed","title":"skyColorMid is independent","duration":0.48090000000001965,"failureMessages":[],"meta":{},"tags":[]},{"ancestorTitles":["envState — color field isolation"],"fullName":"envState — color field isolation rapid sequential calls preserve final values","status":"passed","title":"rapid sequential calls preserve final values","duration":0.4097999999999047,"failureMessages":[],"meta":{},"tags":[]},{"ancestorTitles":["envState — color field isolation"],"fullName":"envState — color field isolation envIntensity does not clobber sky colors","status":"passed","title":"envIntensity does not clobber sky colors","duration":0.2999999999999545,"failureMessages":[],"meta":{},"tags":[]},{"ancestorTitles":["envState — color field isolation"],"fullName":"envState — color field isolation skyBrightness does not clobber sky colors","status":"passed","title":"skyBrightness does not clobber sky colors","duration":0.1876999999999498,"failureMessages":[],"meta":{},"tags":[]},{"ancestorTitles":["envState — color field isolation"],"fullName":"envState — color field isolation mode switch to gradient does not mute color state","status":"passed","title":"mode switch to gradient does not mute color state","duration":0.2157999999999447,"failureMessages":[],"meta":{},"tags":[]},{"ancestorTitles":["envState — color field isolation"],"fullName":"envState — color field isolation rapid skyColorTop drags keep bot unchanged","status":"passed","title":"rapid skyColorTop drags keep bot unchanged","duration":0.21139999999991232,"failureMessages":[],"meta":{},"tags":[]},{"ancestorTitles":["envState — color field isolation"],"fullName":"envState — color field isolation rapid skyColorBot drags keep top unchanged","status":"passed","title":"rapid skyColorBot drags keep top unchanged","duration":0.19650000000001455,"failureMessages":[],"meta":{},"tags":[]},{"ancestorTitles":["envState — color field isolation"],"fullName":"envState — color field isolation never produces black from color manipulation","status":"passed","title":"never produces black from color manipulation","duration":0.3890999999998712,"failureMessages":[],"meta":{},"tags":[]}],"startTime":1785352187559,"endTime":1785352187571.3892,"status":"passed","message":"","name":"C:/Users/zhujieling11/MikuMikuAR/frontend/src/__tests__/env-state.test.ts"},{"assertionResults":[{"ancestorTitles":["Sky — Color mode"],"fullName":"Sky — Color mode sets clearColor from skyColorTop","status":"passed","title":"sets clearColor from skyColorTop","duration":1.9076000000000022,"failureMessages":[],"meta":{},"tags":[]},{"ancestorTitles":["Sky — Color mode"],"fullName":"Sky — Color mode accepts pure white (1,1,1)","status":"passed","title":"accepts pure white (1,1,1)","duration":0.3432999999999993,"failureMessages":[],"meta":{},"tags":[]},{"ancestorTitles":["Sky — Color mode"],"fullName":"Sky — Color mode accepts pure black (0,0,0)","status":"passed","title":"accepts pure black (0,0,0)","duration":0.23849999999993088,"failureMessages":[],"meta":{},"tags":[]},{"ancestorTitles":["Sky — Procedural mode"],"fullName":"Sky — Procedural mode creates a box with SkyMaterial","status":"passed","title":"creates a box with SkyMaterial","duration":10.81309999999985,"failureMessages":[],"meta":{},"tags":[]},{"ancestorTitles":["Sky — Environment texture"],"fullName":"Sky — Environment texture sets environmentIntensity on scene","status":"passed","title":"sets environmentIntensity on scene","duration":0.5411999999996624,"failureMessages":[],"meta":{},"tags":[]},{"ancestorTitles":["Ground"],"fullName":"Ground creates a ground mesh with StandardMaterial (solid mode)","status":"passed","title":"creates a ground mesh with StandardMaterial (solid mode)","duration":4.895599999999831,"failureMessages":[],"meta":{},"tags":[]},{"ancestorTitles":["Ground"],"fullName":"Ground creates a ground with GridMaterial (grid mode)","status":"passed","title":"creates a ground with GridMaterial (grid mode)","duration":1.863800000000083,"failureMessages":[],"meta":{},"tags":[]},{"ancestorTitles":["Fog"],"fullName":"Fog sets FOGMODE_EXP2 with fogColor and fogDensity","status":"passed","title":"sets FOGMODE_EXP2 with fogColor and fogDensity","duration":0.4648000000001957,"failureMessages":[],"meta":{},"tags":[]},{"ancestorTitles":["Fog"],"fullName":"Fog disables fog with FOGMODE_NONE","status":"passed","title":"disables fog with FOGMODE_NONE","duration":0.26890000000003056,"failureMessages":[],"meta":{},"tags":[]},{"ancestorTitles":["Light state properties"],"fullName":"Light state properties DirectionalLight accepts color and intensity properties","status":"passed","title":"DirectionalLight accepts color and intensity properties","duration":106.8761999999997,"failureMessages":[],"meta":{},"tags":[]},{"ancestorTitles":["Clouds V1"],"fullName":"Clouds V1 creates a plane mesh with alpha texture","status":"passed","title":"creates a plane mesh with alpha texture","duration":2.0542999999997846,"failureMessages":[],"meta":{},"tags":[]},{"ancestorTitles":["Clouds V1"],"fullName":"Clouds V1 wind moves cloud plane position","status":"passed","title":"wind moves cloud plane position","duration":0.9601000000002387,"failureMessages":[],"meta":{},"tags":[]},{"ancestorTitles":["RenderState — DOF & Vignette"],"fullName":"RenderState — DOF & Vignette imageProcessing has vignette properties","status":"passed","title":"imageProcessing has vignette properties","duration":0.1730000000002292,"failureMessages":[],"meta":{},"tags":[]},{"ancestorTitles":["EnvPreset data integrity"],"fullName":"EnvPreset data integrity all presets have required env fields","status":"passed","title":"all presets have required env fields","duration":0.3004000000000815,"failureMessages":[],"meta":{},"tags":[]}],"startTime":1785352170590,"endTime":1785352170723.3003,"status":"passed","message":"","name":"C:/Users/zhujieling11/MikuMikuAR/frontend/src/__tests__/environment-integration.test.ts"},{"assertionResults":[{"ancestorTitles":["solveFootTarget"],"fullName":"solveFootTarget 跳过：脚踝高于跳跃阈值时不做校正","status":"passed","title":"跳过：脚踝高于跳跃阈值时不做校正","duration":2.4670000000000982,"failureMessages":[],"meta":{},"tags":[]},{"ancestorTitles":["solveFootTarget"],"fullName":"solveFootTarget 着地：脚低于地面时立即上推到地面（防穿插）","status":"passed","title":"着地：脚低于地面时立即上推到地面（防穿插）","duration":0.4942000000000917,"failureMessages":[],"meta":{},"tags":[]},{"ancestorTitles":["solveFootTarget"],"fullName":"solveFootTarget 着地：脚底高度偏移叠加","status":"passed","title":"着地：脚底高度偏移叠加","duration":0.33350000000018554,"failureMessages":[],"meta":{},"tags":[]},{"ancestorTitles":["solveFootTarget"],"fullName":"solveFootTarget 平滑：脚高于地面时按 footSmooth 软化下拉","status":"passed","title":"平滑：脚高于地面时按 footSmooth 软化下拉","duration":0.293800000000374,"failureMessages":[],"meta":{},"tags":[]},{"ancestorTitles":["solveFootTarget"],"fullName":"solveFootTarget 触及倾角：腿够不到地面时趾尖额外下沉","status":"passed","title":"触及倾角：腿够不到地面时趾尖额外下沉","duration":0.28949999999986176,"failureMessages":[],"meta":{},"tags":[]},{"ancestorTitles":["solveFootTarget"],"fullName":"solveFootTarget 最大足倾角：钳制单帧垂直下拉幅度","status":"passed","title":"最大足倾角：钳制单帧垂直下拉幅度","duration":0.3043999999999869,"failureMessages":[],"meta":{},"tags":[]},{"ancestorTitles":["solveFootTarget"],"fullName":"solveFootTarget 强度：intensity<1 时部分保留动画位置","status":"passed","title":"强度：intensity<1 时部分保留动画位置","duration":0.25380000000041036,"failureMessages":[],"meta":{},"tags":[]},{"ancestorTitles":["solveFootTarget"],"fullName":"solveFootTarget 不跳过边界：脚踝等于跳跃阈值仍做校正","status":"passed","title":"不跳过边界：脚踝等于跳跃阈值仍做校正","duration":0.22450000000026193,"failureMessages":[],"meta":{},"tags":[]},{"ancestorTitles":["solveFootTarget"],"fullName":"solveFootTarget 相对阈值：高地形坡顶脚落回应贴地（不误判抬脚）","status":"passed","title":"相对阈值：高地形坡顶脚落回应贴地（不误判抬脚）","duration":0.3061999999999898,"failureMessages":[],"meta":{},"tags":[]},{"ancestorTitles":["solveFootTarget"],"fullName":"solveFootTarget 相对阈值：高地形上脚真正抬起仍跳过","status":"passed","title":"相对阈值：高地形上脚真正抬起仍跳过","duration":0.3245999999999185,"failureMessages":[],"meta":{},"tags":[]}],"startTime":1785352197266,"endTime":1785352197271.3247,"status":"passed","message":"","name":"C:/Users/zhujieling11/MikuMikuAR/frontend/src/__tests__/feet-adjustment.test.ts"},{"assertionResults":[{"ancestorTitles":["normPath"],"fullName":"normPath 反斜杠统一为正斜杠","status":"passed","title":"反斜杠统一为正斜杠","duration":3.195900000000165,"failureMessages":[],"meta":{},"tags":[]},{"ancestorTitles":["normPath"],"fullName":"normPath 去掉尾部斜杠","status":"passed","title":"去掉尾部斜杠","duration":0.4414000000001579,"failureMessages":[],"meta":{},"tags":[
[...]
 桥接 setEnvStateForPerformance 且成对切换降级标志","duration":1.4906000000000859,"failureMessages":[],"meta":{},"tags":[]},{"ancestorTitles":["性能快照恢复（_restoreSnapshot 收口路径）"],"fullName":"性能快照恢复（_restoreSnapshot 收口路径） 回写 light 时抑制标志为 true（防反馈循环）","status":"passed","title":"回写 light 时抑制标志为 true（防反馈循环）","duration":0.8206000000000131,"failureMessages":[],"meta":{},"tags":[]},{"ancestorTitles":["性能快照恢复（_restoreSnapshot 收口路径）"],"fullName":"性能快照恢复（_restoreSnapshot 收口路径） 无快照时 resetPerformanceSnapshot 为 no-op（不误触发回写）","status":"passed","title":"无快照时 resetPerformanceSnapshot 为 no-op（不误触发回写）","duration":0.5865999999996347,"failureMessages":[],"meta":{},"tags":[]}],"startTime":1785352188292,"endTime":1785352188304.5867,"status":"passed","message":"","name":"C:/Users/zhujieling11/MikuMikuAR/frontend/src/__tests__/scene/performance-snapshot.test.ts"},{"assertionResults":[{"ancestorTitles":["PlanarReflection — 互斥协调"],"fullName":"PlanarReflection — 互斥协调 创建后 isEnabled 为 true","status":"passed","title":"创建后 isEnabled 为 true","duration":28.704099999999016,"failureMessages":[],"meta":{},"tags":[]},{"ancestorTitles":["PlanarReflection — 互斥协调"],"fullName":"PlanarReflection — 互斥协调 shouldEnable=false 时 disable，isEnabled 为 false","status":"passed","title":"shouldEnable=false 时 disable，isEnabled 为 false","duration":3.5160999999989144,"failureMessages":[],"meta":{},"tags":[]},{"ancestorTitles":["PlanarReflection — 互斥协调"],"fullName":"PlanarReflection — 互斥协调 quality=off 时 disable","status":"passed","title":"quality=off 时 disable","duration":1.6004999999986467,"failureMessages":[],"meta":{},"tags":[]},{"ancestorTitles":["PlanarReflection — 互斥协调"],"fullName":"PlanarReflection — 互斥协调 两 surface 同时 shouldEnable=true 时仅一面活跃（互斥）","status":"passed","title":"两 surface 同时 shouldEnable=true 时仅一面活跃（互斥）","duration":3.6568999999999505,"failureMessages":[],"meta":{},"tags":[]},{"ancestorTitles":["PlanarReflection — 互斥协调"],"fullName":"PlanarReflection — 互斥协调 停用活跃面后另一面恢复（可恢复互斥）","status":"passed","title":"停用活跃面后另一面恢复（可恢复互斥）","duration":8.766200000000026,"failureMessages":[],"meta":{},"tags":[]},{"ancestorTitles":["PlanarReflection — 互斥协调"],"fullName":"PlanarReflection — 互斥协调 setBlend 被 update 调用时传递正确的 blend 值","status":"passed","title":"setBlend 被 update 调用时传递正确的 blend 值","duration":4.779300000000148,"failureMessages":[],"meta":{},"tags":[]},{"ancestorTitles":["PlanarReflection — 互斥协调"],"fullName":"PlanarReflection — 互斥协调 blend 变化时 setBlend 收到新值","status":"passed","title":"blend 变化时 setBlend 收到新值","duration":3.245199999999386,"failureMessages":[],"meta":{},"tags":[]},{"ancestorTitles":["PlanarReflection — 互斥协调"],"fullName":"PlanarReflection — 互斥协调 setBlend 写入 reflectionTexture.level","status":"passed","title":"setBlend 写入 reflectionTexture.level","duration":3.486000000000786,"failureMessages":[],"meta":{},"tags":[]},{"ancestorTitles":["PlanarReflection — 互斥协调"],"fullName":"PlanarReflection — 互斥协调 dispose 后 isEnabled 为 false","status":"passed","title":"dispose 后 isEnabled 为 false","duration":2.5746999999992113,"failureMessages":[],"meta":{},"tags":[]}],"startTime":1785352178997,"endTime":1785352179058.5747,"status":"passed","message":"","name":"C:/Users/zhujieling11/MikuMikuAR/frontend/src/__tests__/scene/planar-reflection.test.ts"},{"assertionResults":[{"ancestorTitles":["captureInheritedState"],"fullName":"captureInheritedState 提取全部可继承字段","status":"passed","title":"提取全部可继承字段","duration":5.352899999999863,"failureMessages":[],"meta":{},"tags":[]},{"ancestorTitles":["captureInheritedState"],"fullName":"captureInheritedState motionSlots 为 undefined 时 sceneMotionId 为 undefined","status":"passed","title":"motionSlots 为 undefined 时 sceneMotionId 为 undefined","duration":0.3656999999998334,"failureMessages":[],"meta":{},"tags":[]},{"ancestorTitles":["captureInheritedState"],"fullName":"captureInheritedState boneOverrides 为空数组时正常返回空数组","status":"passed","title":"boneOverrides 为空数组时正常返回空数组","duration":0.3735999999998967,"failureMessages":[],"meta":{},"tags":[]},{"ancestorTitles":["captureInheritedState"],"fullName":"captureInheritedState 快照中的数组/对象是深拷贝，不引用原 inst","status":"passed","title":"快照中的数组/对象是深拷贝，不引用原 inst","duration":0.3694000000000415,"failureMessages":[],"meta":{},"tags":[]},{"ancestorTitles":["captureInheritedState — 个人灯 (ADR-168)"],"fullName":"captureInheritedState — 个人灯 (ADR-168) 旧角色已开个人灯时捕获 personalLight","status":"passed","title":"旧角色已开个人灯时捕获 personalLight","duration":1.1802000000000135,"failureMessages":[],"meta":{},"tags":[]},{"ancestorTitles":["captureInheritedState — 个人灯 (ADR-168)"],"fullName":"captureInheritedState — 个人灯 (ADR-168) 旧角色无个人灯时 personalLight 为 undefined","status":"passed","title":"旧角色无个人灯时 personalLight 为 undefined","duration":0.3227000000001681,"failureMessages":[],"meta":{},"tags":[]},{"ancestorTitles":["applyInheritedState"],"fullName":"applyInheritedState 调用 modelManager setter 应用基础状态","status":"passed","title":"调用 modelManager setter 应用基础状态","duration":2.17450000000008,"failureMessages":[],"meta":{},"tags":[]},{"ancestorTitles":["applyInheritedState"],"fullName":"applyInheritedState positionMode=orbit 时调用 setOrbit 而非 setPosition","status":"passed","title":"positionMode=orbit 时调用 setOrbit 而非 setPosition","duration":1.2381000000000313,"failureMessages":[],"meta":{},"tags":[]},{"ancestorTitles":["applyInheritedState"],"fullName":"applyInheritedState boneOverrides 仅对新模型存在的骨骼调用 setBoneOverride","status":"passed","title":"boneOverrides 仅对新模型存在的骨骼调用 setBoneOverride","duration":0.8819999999998345,"failureMessages":[],"meta":{},"tags":[]},{"ancestorTitles":["applyInheritedState"],"fullName":"applyInheritedState boneLockBoneName 在新模型存在时调用 setOrbitBoneLock(true)","status":"passed","title":"boneLockBoneName 在新模型存在时调用 setOrbitBoneLock(true)","duration":0.502100000000155,"failureMessages":[],"meta":{},"tags":[]},{"ancestorTitles":["applyInheritedState"],"fullName":"applyInheritedState boneLockBoneName 在新模型不存在时不调用 setOrbitBoneLock(true)","status":"passed","title":"boneLockBoneName 在新模型不存在时不调用 setOrbitBoneLock(true)","duration":2.6965000000000146,"failureMessages":[],"meta":{},"tags":[]},{"ancestorTitles":["applyInheritedState"],"fullName":"applyInheritedState sceneMotionId 赋值到新模型 motionSlots","status":"passed","title":"sceneMotionId 赋值到新模型 motionSlots","duration":0.44899999999984175,"failureMessages":[],"meta":{},"tags":[]},{"ancestorTitles":["applyInheritedState"],"fullName":"applyInheritedState feet 状态深拷贝到新模型","status":"passed","title":"feet 状态深拷贝到新模型","duration":0.3830000000000382,"failureMessages":[],"meta":{},"tags":[]},{"ancestorTitles":["applyInheritedState"],"fullName":"applyInheritedState 旧角色开灯 + 新模型 entry 已存在 → 调用 setPersonalLightState 点亮","status":"passed","title":"旧角色开灯 + 新模型 entry 已存在 → 调用 setPersonalLightState 点亮","duration":0.9021999999999935,"failureMessages":[],"meta":{},"tags":[]},{"ancestorTitles":["applyInheritedState"],"fullName":"applyInheritedState 旧角色开灯 + 新模型 entry 尚未建 → 调用 attachPersonalLight 带 overrides 点亮","status":"passed","title":"旧角色开灯 + 新模型 entry 尚未建 → 调用 attachPersonalLight 带 overrides 点亮","duration":0.5072999999999865,"failureMessages":[],"meta":{},"tags":[]},{"ancestorTitles":["applyInheritedState"],"fullName":"applyInheritedState 无 personalLight 时不触碰个人灯 API","status":"passed","title":"无 personalLight 时不触碰个人灯 API","duration":0.3666000000000622,"failureMessages":[],"meta":{},"tags":[]}],"startTime":1785352184084,"endTime":1785352184102.5073,"status":"passed","message":"","name":"C:/Users/zhujieling11/MikuMikuAR/frontend/src/__tests__/scene/replace-model-inherit.test.ts"},{"assertionResults":[{"ancestorTitles":["resolveModelId (stable-identity)"],"fullName":"resolveModelId (stable-identity) 传入存档 uuid 时直接复用，不重新生成","status":"passed","title":"传入存档 uuid 时直接复用，不重新生成","duration":2.2920999999998912,"failureMessages":[],"meta":{},"tags":[]},{"ancestorTitles":["resolveModelId (stable-identity)"],"fullName":"resolveModelId (stable-identity) 恢复路径传入的 uuid 与序列化落盘的 uuid 形态一致（v4）","status":"passed","title":"恢复路径传入的 uuid 与序列化落盘的 uuid 形态一致（v4）","duration":0.4535000000000764,"failureMessages":[],"meta":{},"tags":[]},{"ancestorTitles":["resolveModelId (stable-identity)"],"fullName":"resolveModelId (stable-identity) 未传 preferredId 时生成稳定 uuid（v4 格式）","status":"passed","title":"未传 preferredId 时生成稳定 uuid（v4 格式）","duration":1.2632000000000971,"failureMessages":[],"meta":{},"tags":[]},{"ancestorTitles":["resolveModelId (stable-identity)"],"fullName":"resolveModelId (stable-identity) 空字符串 preferredId 回退到生成 uuid（不误用空串作为 id）","status":"passed","title":"空字符串 preferredId 回退到生成 uuid（不误用空串作为 id）","duration":0.41239999999993415,"failureMessages":[],"meta":{},"tags":[]},{"ancestorTitles":["resolveModelId (stable-identity)"],"fullName":"resolveModelId (stable-identity) 旧格式 `model_*` 不再作为默认值（确保已迁移到 uuid）","status":"passed","title":"旧格式 `model_*` 不再作为默认值（确保已迁移到 uuid）","duration":0.24909999999999854,"failureMessages":[],"meta":{},"tags":[]}],"startTime":1785352197775,"endTime":1785352197779.4124,"status":"passed","message":"","name":"C:/Users/zhujieling11/MikuMikuAR/frontend/src/__tests__/scene/resolve-model-id.test.ts"},{"assertionResults":[{"ancestorTitles":["offerSceneUndo — 守卫与 toast 接线"],"fullName":"offerSceneUndo — 守卫与 toast 接线 snap 为 null 时不弹 toast（无快照可撤销）","status":"passed","title":"snap 为 null 时不弹 toast（无快照可撤销）","duration":2.0318999999999505,"failureMessages":[],"meta":{},"tags":[]},{"ancestorTitles":["offerSceneUndo — 守卫与 toast 接线"],"fullName":"offerSceneUndo — 守卫与 toast 接线 snap 有效时弹出带「撤销」动作的 info toast（8s）","status":"passed","title":"snap 有效时弹出带「撤销」动作的 info toast（8s）","duration":1.1554999999998472,"failureMessages":[],"meta":{},"tags":[]},{"ancestorTitles":["offerSceneUndo — 守卫与 toast 接线"],"fullName":"offerSceneUndo — 守卫与 toast 接线 点击撤销但快照版本不受支持时，恢复失败 → onRestored 不触发","status":"passed","title":"点击撤销但快照版本不受支持时，恢复失败 → onRestored 不触发","duration":0.7203999999992448,"failureMessages":[],"meta":{},"tags":[]},{"ancestorTitles":["offerSceneUndoAndRefresh — 去重辅助（P3）"],"fullName":"offerSceneUndoAndRefresh — 去重辅助（P3） snap 为 null 时既不弹 toast 也不执行 reRender","status":"passed","title":"snap 为 null 时既不弹 toast 也不执行 reRender","duration":0.2507999999997992,"failureMessages":[],"meta":{},"tags":[]},{"ancestorTitles":["offerSceneUndoAndRefresh — 去重辅助（P3）"],"fullName":"offerSceneUndoAndRefresh — 去重辅助（P3） snap 有效时委托 offerSceneUndo 弹出撤销 toast","status":"passed","title":"snap 有效时委托 offerSceneUndo 弹出撤销 toast","duration":0.24290000000019063,"failureMessages":[],"meta":{},"tags":[]},{"ancestorTitles":["offerSceneUndoAndRefresh — 去重辅助（P3）"],"fullName":"offerSceneUndoAndRefresh — 去重辅助（P3） 恢复失败时不执行 reRender、不提示 undoApplied","status":"passed","title":"恢复失败时不执行 reRender、不提示 undoApplied","duration":0.2713000000003376,"failureMessages":[],"meta":{},"tags":[]}],"startTime":1785352201918,"endTime":1785352201923.2712,"status":"passed","message":"","name":"C:/Users/zhujieling11/MikuMikuAR/frontend/src/__tests__/scene/scene-serialize-undo.test.ts"},{"assertionResults":[{"ancestorTitles":["ADR-193 — 材质可见性跨重载还原（稳定身份）"],"fullName":"ADR-193 — 材质可见性跨重载还原（稳定身份） post-fix: 稳定 id 下，save 前隐藏的材质在 reload 后仍隐藏","status":"passed","title":"post-fix: 稳定 id 下，save 前隐藏的材质在 reload 后仍隐藏","duration":4.987600000000384,"failureMessages":[],"meta":{},"tags":[]},{"ancestorTitles":["ADR-193 — 材质可见性跨重载还原（稳定身份）"],"fullName":"ADR-193 — 材质可见性跨重载还原（稳定身份） post-fix: 多材质隐藏 + 重载后仍全部正确还原","status":"passed","title":"post-fix: 多材质隐藏 + 重载后仍全部正确还原","duration":1.1323999999999614,"failureMessages":[],"meta":{},"tags":[]},{"ancestorTitles":["ADR-193 — 材质可见性跨重载还原（稳定身份）"],"fullName":"ADR-193 — 材质可见性跨重载还原（稳定身份） 对照(pre-fix 病因): 重载后 id 变化导致状态孤儿化 —— 说明为何需要稳定身份","status":"passed","title":"对照(pre-fix 病因): 重载后 id 变化导致状态孤儿化 —— 说明为何需要稳定身份","duration":0.7917999999999665,"failureMessages":[],"meta":{},"tags":[]}],"startTime":1785352192952,"endTime":1785352192958.7917,"status":"passed","message":"","name":"C:/Users/zhujieling11/MikuMikuAR/frontend/src/__tests__/scene/stable-identity-material-roundtrip.test.ts"},{"assertionResults":[{"ancestorTitles":["texture-lru"],"fullName":"texture-lru should return null when readFileBytes returns null","status":"passed","title":"should return null when readFileBytes returns null","duration":3.9631999999999152,"failureMessages":[],"meta":{},"tags":[]},{"ancestorTitles":["texture-lru"],"fullName":"texture-lru should cache and return ArrayBuffer on first read","status":"passed","title":"should cache and return ArrayBuffer on first read","duration":1.2769000000000688,"failureMessages":[],"meta":{},"tags":[]},{"ancestorTitles":["texture-lru"],"fullName":"texture-lru should use \\x00 as key separator to avoid collision with colon in path","status":"passed","title":"should use \\x00 as key separator to avoid collision with colon in path","duration":0.5759000000000469,"failureMessages":[],"meta":{},"tags":[]},{"ancestorTitles":["texture-lru"],"fullName":"texture-lru should evict oldest entry when LRU exceeds max entries","status":"passed","title":"should evict oldest entry when LRU exceeds max entries","duration":2.3111999999998716,"failureMessages":[],"meta":{},"tags":[]},{"ancestorTitles":["texture-lru"],"fullName":"texture-lru should reorder LRU on hit (promote to newest)","status":"passed","title":"should reorder LRU on hit (promote to newest)","duration":2.2771000000000186,"failureMessages":[],"meta":{},"tags":[]},{"ancestorTitles":["texture-lru"],"fullName":"texture-lru should not cache when signal is already aborted","status":"passed","title":"should not cache when signal is already aborted","duration":1.0731000000000677,"failureMessages":[],"meta":{},"tags":[]},{"ancestorTitles":["texture-lru"],"fullName":"texture-lru should not cache when signal aborts after readFileBytes","status":"passed","title":"should not cache when signal aborts after readFileBytes","duration":0.5679999999999836,"failureMessages":[],"meta":{},"tags":[]},{"ancestorTitles":["texture-lru"],"fullName":"texture-lru clearTextureLRU should empty the cache","status":"passed","title":"clearTextureLRU should empty the cache","duration":0.4977000000001226,"failureMessages":[],"meta":{},"tags":[]},{"ancestorTitles":["texture-lru"],"fullName":"texture-lru should isolate entries by modelDir","status":"passed","title":"should isolate entries by modelDir","duration":0.484000000000151,"failureMessages":[],"meta":{},"tags":[]}],"startTime":1785352190841,"endTime":1785352190854.4978,"status":"passed","message":"","name":"C:/Users/zhujieling11/MikuMikuAR/frontend/src/__tests__/scene/texture-lru.test.ts"},{"assertionResults":[{"ancestorTitles":["water preset repro (ADR-env water preset NaN-uniform regression)"],"fullName":"water preset repro (ADR-env water preset NaN-uniform regression) 回归核心：buildWaterPresetEnvState 对所有预设不产生 undefined 字段","status":"passed","title":"回归核心：buildWaterPresetEnvState 对所有预设不产生 undefined 字段","duration":17.01720000000023,"failureMessages":[],"meta":{},"tags":[]},{"ancestorTitles":["water preset repro (ADR-env water preset NaN-uniform regression)"],"fullName":"water preset repro (ADR-env water preset NaN-uniform regression) 点击水面预设（携带 waterEnabled:true）后水面被创建且材质非空","status":"passed","title":"点击水面预设（携带 waterEnabled:true）后水面被创建且材质非空","duration":370.8688999999995,"failureMessages":[],"meta":{},"tags":[]},{"ancestorTitles":["water preset repro (ADR-env water preset NaN-uniform regression)"],"fullName":"water preset repro (ADR-env water preset NaN-uniform regression) 关闭→再开（预设）循环，材质稳定不丢","status":"passed","title":"关闭→再开（预设）循环，材质稳定不丢","duration":654.2739000000001,"failureMessages":[],"meta":{},"tags":[]}],"startTime":1785352174679,"endTime":1785352175721.274,"status":"passed","message":"","name":"C:/Users/zhujieling11/MikuMikuAR/frontend/src/__tests__/scene/water-preset-repro.test.ts"},{"assertionResults":[{"ancestorTitles":["chat-store"],"fullName":"chat-store saveSession + loadSession 往返","status":"passed","title":"saveSession + loadSession 往返","duration":6.2620999999999185,"failureMessages":[],"meta":{},"tags":[]},{"ancestorTitles":["chat-store"],"fullName":"chat-store listSessions 按 updatedAt 倒序","status":"passed","title":"listSessions 按 updatedAt 倒序","duration":1.0039999999999054,"failureMessages":[],"meta":{},"tags":[]},{"ancestorTitles":["chat-store"],"fullName":"chat-store deleteSession 删除元信息与消息","status":"passed","title":"deleteSession 删除元信息与消息","duration":0.6515999999996893,"failureMessages":[],"meta":{},"tags":[]},{"ancestorTitles":["chat-store"],"fullName":"chat-store loadSession 对不存在的 id 返回 undefined","status":"passed","title":"loadSession 对不存在的 id 返回 undefined","duration":0.24330000000009022,"failureMessages":[],"meta":{},"tags":[]},{"ancestorTitles":["chat-store"],"fullName":"chat-store getActiveId / setActiveId 往返","status":"passed","title":"getActiveId / setActiveId 往返","duration":0.5032000000001062,"failureMessages":[],"meta":{},"tags":[]},{"ancestorTitles":["chat-store"],"fullName":"chat-store newSessionId 生成唯一 id","status":"passed","title":"newSessionId 生成唯一 id","duration":1.6316000000001623,"failureMessages":[],"meta":{},"tags":[]},{"ancestorTitles":["chat-store"],"fullName":"chat-store deriveTitle 取首条 user 前 20 字","status":"passed","title":"deriveTitle 取首条 user 前 20 字","duration":0.43479999999999563,"failureMessages":[],"meta":{},"tags":[]},{"ancestorTitles":["chat-store"],"fullName":"chat-store deriveTitle 无 user 消息返回空串","status":"passed","title":"deriveTitle 无 user 消息返回空串","duration":0.2525999999998021,"failureMessages":[],"meta":{},"tags":[]},{"ancestorTitles":["chat-store"],"fullName":"chat-store listSessions 跳过缺少 id 的腐败 meta 记录","status":"passed","title":"listSessions 跳过缺少 id 的腐败 meta 记录","duration":0.4831000000003769,"failureMessages":[],"meta":{},"tags":[]},{"ancestorTitles":["chat-store"],"fullName":"chat-store loadSession 对 messages 非数组降级为空数组","status":"passed","title":"loadSession 对 messages 非数组降级为空数组","duration":0.568199999999706,"failureMessages":[],"meta":{},"tags":[]},{"ancestorTitles":["chat-store"],"fullName":"chat-store clearActiveId 清除 setActiveId 写入的指针","status":"passed","title":"clearActiveId 清除 setActiveId 写入的指针","duration":0.33989999999994325,"failureMessages":[],"meta":{},"tags":[]}],"startTime":1785352192624,"endTime":1785352192636.3398,"status":"passed","message":"","name":"C:/Users/zhujieling11/MikuMikuAR/frontend/src/core/ai/__tests__/chat-store.test.ts"},{"assertionResults":[{"ancestorTitles":["renderMarkdownInto"],"fullName":"renderMarkdownInto 裁剪首尾空行，段落渲染为 p","status":"passed","title":"裁剪首尾空行，段落渲染为 p","duration":8.358400000000074,"failureMessages":[],"meta":{},"tags":[]},{"ancestorTitles":["renderMarkdownInto"],"fullName":"renderMarkdownInto 加粗/斜体/行内代码","status":"passed","title":"加粗/斜体/行内代码","duration":3.523800000000165,"failureMessages":[],"meta":{},"tags":[]},{"ancestorTitles":["renderMarkdownInto"],"fullName":"renderMarkdownInto 标题按级别渲染 h1-h6","status":"passed","title":"标题按级别渲染 h1-h6","duration":1.5316000000000258,"failureMessages":[],"meta":{},"tags":[]},{"ancestorTitles":["renderMarkdownInto"],"fullName":"renderMarkdownInto 无序列表","status":"passed","title":"无序列表","duration":1.5519999999999072,"failureMessages":[],"meta":{},"tags":[]},{"ancestorTitles":["renderMarkdownInto"],"fullName":"renderMarkdownInto 有序列表","status":"passed","title":"有序列表","duration":1.0409000000001924,"failureMessages":[],"meta":{},"tags":[]},{"ancestorTitles":["renderMarkdownInto"],"fullName":"renderMarkdownInto 代码块","status":"passed","title":"代码块","duration":0.8647000000000844,"failureMessages":[],"meta":{},"tags":[]},{"ancestorTitles":["renderMarkdownInto"],"fullName":"renderMarkdownInto XSS 安全：script/标签作为纯文本，不生成脚本节点","status":"passed","title":"XSS 安全：script/标签作为纯文本，不生成脚本节点","duration":0.8938000000000557,"failureMessages":[],"meta":{},"tags":[]},{"ancestorTitles":["renderMarkdownInto"],"fullName":"renderMarkdownInto 列表后接段落正确闭合","status":"passed","title":"列表后接段落正确闭合","duration":1.0923999999999978,"failureMessages":[],"meta":{},"tags":[]}],"startTime":1785352184227,"endTime":1785352184246.0923,"status":"passed","message":"","name":"C:/Users/zhujieling11/MikuMikuAR/frontend/src/core/ai/__tests__/markdown.test.ts"}]}