{"numTotalTestSuites":635,"numPassedTestSuites":635,"numFailedTestSuites":0,"numPendingTestSuites":0,"numTotalTests":2050,"numPassedTests":2050,"numFailedTests":0,"numPendingTests":0,"numTodoTests":0,"snapshot":{"added":0,"failure":false,"filesAdded":0,"filesRemoved":0,"filesRemovedList":[],"filesUnmatched":0,"filesUpdated":0,"matched":0,"total":0,"unchecked":0,"uncheckedKeysByFile":[],"unmatched":0,"updated":0,"didUpdate":false},"startTime":1784976583652,"success":true,"testResults":[{"assertionResults":[{"ancestorTitles":["web-loader 模型库（ADR-176 Phase 3）"],"fullName":"web-loader 模型库（ADR-176 Phase 3） saveModel 写入 entry: + file: 双键，去扩展名作库内名","status":"passed","title":"saveModel 写入 entry: + file: 双键，去扩展名作库内名","duration":3.883900000000267,"failureMessages":[],"meta":{},"tags":[]},{"ancestorTitles":["web-loader 模型库（ADR-176 Phase 3）"],"fullName":"web-loader 模型库（ADR-176 Phase 3） listModels 仅列 entry: 前缀且按 savedAt 倒序","status":"passed","title":"listModels 仅列 entry: 前缀且按 savedAt 倒序","duration":1.827099999999973,"failureMessages":[],"meta":{},"tags":[]},{"ancestorTitles":["web-loader 模型库（ADR-176 Phase 3）"],"fullName":"web-loader 模型库（ADR-176 Phase 3） loadModelBytes / getModelEntry 读取配对数据","status":"passed","title":"loadModelBytes / getModelEntry 读取配对数据","duration":1.682299999999941,"failureMessages":[],"meta":{},"tags":[]},{"ancestorTitles":["web-loader 模型库（ADR-176 Phase 3）"],"fullName":"web-loader 模型库（ADR-176 Phase 3） deleteModel 配对删除 entry+file，且清除指向它的 lastModel","status":"passed","title":"deleteModel 配对删除 entry+file，且清除指向它的 lastModel","duration":0.7177999999998974,"failureMessages":[],"meta":{},"tags":[]},{"ancestorTitles":["web-loader 模型库（ADR-176 Phase 3）"],"fullName":"web-loader 模型库（ADR-176 Phase 3） deleteModel 不误伤指向其他模型的 lastModel","status":"passed","title":"deleteModel 不误伤指向其他模型的 lastModel","duration":0.5235000000002401,"failureMessages":[],"meta":{},"tags":[]},{"ancestorTitles":["web-loader 模型库（ADR-176 Phase 3）"],"fullName":"web-loader 模型库（ADR-176 Phase 3） 同名覆盖：二次 saveModel 更新原档与元数据","status":"passed","title":"同名覆盖：二次 saveModel 更新原档与元数据","duration":1.5464999999999236,"failureMessages":[],"meta":{},"tags":[]},{"ancestorTitles":["web-loader 模型库（ADR-176 Phase 3）"],"fullName":"web-loader 模型库（ADR-176 Phase 3） formatSize 人类可读","status":"passed","title":"formatSize 人类可读","duration":0.5524000000000342,"failureMessages":[],"meta":{},"tags":[]}],"startTime":1784976599017,"endTime":1784976599028.5525,"status":"passed","message":"","name":"C:/Users/zhujieling11/MikuMikuAR/frontend/src/web-loader/library.test.ts"},{"assertionResults":[{"ancestorTitles":["playAudio"],"fullName":"playAudio creates stream player and plays","status":"passed","title":"creates stream player and plays","duration":5.052599999999984,"failureMessages":[],"meta":{},"tags":[]},{"ancestorTitles":["playAudio"],"fullName":"playAudio handles play rejection gracefully","status":"passed","title":"handles play rejection gracefully","duration":10.031100000000151,"failureMessages":[],"meta":{},"tags":[]},{"ancestorTitles":["loadAudioFile"],"fullName":"loadAudioFile resolves URL, loads, and plays","status":"passed","title":"resolves URL, loads, and plays","duration":2.402799999999843,"failureMessages":[],"meta":{},"tags":[]},{"ancestorTitles":["loadAudioFile"],"fullName":"loadAudioFile handles autoplay rejection silently","status":"passed","title":"handles autoplay rejection silently","duration":1.3019999999999072,"failureMessages":[],"meta":{},"tags":[]},{"ancestorTitles":["getAudioPath"],"fullName":"getAudioPath returns empty string when no audio loaded","status":"passed","title":"returns empty string when no audio loaded","duration":0.3648000000000593,"failureMessages":[],"meta":{},"tags":[]},{"ancestorTitles":["pauseAudio / resumeAudio"],"fullName":"pauseAudio / resumeAudio pauseAudio pauses when player exists","status":"passed","title":"pauseAudio pauses when player exists","duration":0.9128000000000611,"failureMessages":[],"meta":{},"tags":[]},{"ancestorTitles":["pauseAudio / resumeAudio"],"fullName":"pauseAudio / resumeAudio pauseAudio is no-op when no player","status":"passed","title":"pauseAudio is no-op when no player","duration":1.381399999999985,"failureMessages":[],"meta":{},"tags":[]},{"ancestorTitles":["pauseAudio / resumeAudio"],"fullName":"pauseAudio / resumeAudio resumeAudio resumes when player exists","status":"passed","title":"resumeAudio resumes when player exists","duration":0.8187000000000353,"failureMessages":[],"meta":{},"tags":[]},{"ancestorTitles":["pauseAudio / resumeAudio"],"fullName":"pauseAudio / resumeAudio resumeAudio is no-op when no player","status":"passed","title":"resumeAudio is no-op when no player","duration":0.7499000000000251,"failureMessages":[],"meta":{},"tags":[]},{"ancestorTitles":["pauseAudio / resumeAudio"],"fullName":"pauseAudio / resumeAudio resumeAudio handles rejection","status":"passed","title":"resumeAudio handles rejection","duration":2.9204999999999472,"failureMessages":[],"meta":{},"tags":[]},{"ancestorTitles":["stopAudio"],"fullName":"stopAudio pauses and resets currentTime to 0","status":"passed","title":"pauses and resets currentTime to 0","duration":0.9420000000000073,"failureMessages":[],"meta":{},"tags":[]},{"ancestorTitles":["stopAudio"],"fullName":"stopAudio is no-op when no player","status":"passed","title":"is no-op when no player","duration":0.5097000000000662,"failureMessages":[],"meta":{},"tags":[]},{"ancestorTitles":["clearAudio"],"fullName":"clearAudio resets name/path and triggers auto-save","status":"passed","title":"resets name/path and triggers auto-save","duration":1.1902999999999793,"failureMessages":[],"meta":{},"tags":[]},{"ancestorTitles":["clearAudio"],"fullName":"clearAudio is no-op when no player","status":"passed","title":"is no-op when no player","duration":0.40599999999994907,"failureMessages":[],"meta":{},"tags":[]},{"ancestorTitles":["disposeAudio"],"fullName":"disposeAudio cleans up audio player and beat detector","status":"passed","title":"cleans up audio player and beat detector","duration":1.3197999999999865,"failureMessages":[],"meta":{},"tags":[]},{"ancestorTitles":["disposeAudio"],"fullName":"disposeAudio is safe when no audio or beat detector","status":"passed","title":"is safe when no audio or beat detector","duration":0.48680000000013024,"failureMessages":[],"meta":{},"tags":[]},{"ancestorTitles":["setVolume / getVolume"],"fullName":"setVolume / getVolume clamps to [0, 1]","status":"passed","title":"clamps to [0, 1]","duration":0.569300000000112,"failureMessages":[],"meta":{},"tags":[]},{"ancestorTitles":["setVolume / getVolume"],"fullName":"setVolume / getVolume updates player volume when player exists","status":"passed","title":"updates player volume when player exists","duration":0.6623999999999342,"failureMessages":[],"meta":{},"tags":[]},{"ancestorTitles":["setVolume / getVolume"],"fullName":"setVolume / getVolume forwards to beatDetector.setVolume when detector exists","status":"passed","title":"forwards to beatDetector.setVolume when detector exists","duration":1.8677000000000135,"failureMessages":[],"meta":{},"tags":[]},{"ancestorTitles":["setAudioOffset / getAudioOffset"],"fullName":"setAudioOffset / getAudioOffset roundtrips correctly","status":"passed","title":"roundtrips correctly","duration":0.47070000000007894,"failureMessages":[],"meta":{},"tags":[]},{"ancestorTitles":["getCurrentTime"],"fullName":"getCurrentTime returns player.currentTime","status":"passed","title":"returns player.currentTime","duration":0.6928000000000338,"failureMessages":[],"meta":{},"tags":[]},{"ancestorTitles":["getCurrentTime"],"fullName":"getCurrentTime returns 0 when no player","status":"passed","title":"returns 0 when no player","duration":0.2057999999999538,"failureMessages":[],"meta":{},"tags":[]},{"ancestorTitles":["getDuration"],"fullName":"getDuration returns player.duration","status":"passed","title":"returns player.duration","duration":3.33849999999984,"failureMessages":[],"meta":{},"tags":[]},{"ancestorTitles":["getDuration"],"fullName":"getDuration returns 0 when no player","status":"passed","title":"returns 0 when no player","duration":0.31599999999980355,"failureMessages":[],"meta":{},"tags":[]},{"ancestorTitles":["getDuration"],"fullName":"getDuration returns 0 when duration is NaN","status":"passed","title":"returns 0 when duration is NaN","duration":0.5500999999999294,"failureMessages":[],"meta":{},"tags":[]},{"ancestorTitles":["seekAudio"],"fullName":"seekAudio clamps and seeks","status":"passed","title":"clamps and seeks","duration":0.5915999999999713,"failureMessages":[],"meta":{},"tags":[]},{"ancestorTitles":["seekAudio"],"fullName":"seekAudio clamps negative to 0","status":"passed","title":"clamps negative to 0","duration":0.45240000000012515,"failureMessages":[],"meta":{},"tags":[]},{"ancestorTitles":["seekAudio"],"fullName":"seekAudio clamps above duration to duration","status":"passed","title":"clamps above duration to duration","duration":0.5872000000001663,"failureMessages":[],"meta":{},"tags":[]},{"ancestorTitles":["seekAudio"],"fullName":"seekAudio is no-op when no player","status":"passed","title":"is no-op when no player","duration":0.3270999999999731,"failureMessages":[],"meta":{},"tags":[]},{"ancestorTitles":["isAudioPlaying"],"fullName":"isAudioPlaying returns false when no player","status":"passed","title":"returns false when no player","duration":0.21420000000011896,"failureMessages":[],"meta":{},"tags":[]},{"ancestorTitles":["isAudioPlaying"],"fullName":"isAudioPlaying returns false when paused","status":"passed","title":"returns false when paused","duration":0.5018999999999778,"failureMessages":[],"meta":{},"tags":[]},{"ancestorTitles":["isAudioPlaying"],"fullName":"isAudioPlaying returns true when not paused","status":"passed","title":"returns true when not paused","duration":0.5298000000000229,"failureMessages":[],"meta":{},"tags":[]},{"ancestorTitles":["getAudioName"],"fullName":"getAudioName returns empty string initially","status":"passed","title":"returns empty string initially","duration":0.1651000000001659,"failureMessages":[],"meta":{},"tags":[]},{"ancestorTitles":["getAudioName"],"fullName":"getAudioName returns name after playAudio","status":"passed","title":"returns name after playAudio","duration":0.7292999999999665,"failureMessages":[],"meta":{},"tags":[]},{"ancestorTitles":["syncAudioPlayback"],"fullName":"syncAudioPlayback is no-op when no audio loaded (audioName is empty)","status":"passed","title":"is no-op when no audio loaded (audioName is empty)","duration":0.6609000000000833,"failureMessages":[],"meta":{},"tags":[]},{"ancestorTitles":["syncAudioPlayback"],"fullName":"syncAudioPlayback resumes playback when VMD is playing but audio is paused","status":"passed","title":"resumes playback when VMD is playing but audio is paused","duration":0.5897000000002208,"failureMessages":[],"meta":{},"tags":[]},{"ancestorTitles":["syncAudioPlayback"],"fullName":"syncAudioPlayback pauses audio when VMD stops playing","status":"passed","title":"pauses audio when VMD stops playing","duration":0.5516999999999825,"failureMessages":[],"meta":{},"tags":[]},{"ancestorTitles":["syncAudioPlayback"],"fullName":"syncAudioPlayback seeks when drift > SYNC_THRESHOLD (0.1)","status":"passed","title":"seeks when drift > SYNC_THRESHOLD (0.1)","duration":0.5754000000001724,"failureMessages":[],"meta":{},"tags":[]},{"ancestorTitles":["syncAudioPlayback"],"fullName":"syncAudioPlayback handles audioTargetTime >= duration by seeking to 0","status":"passed","title":"handles audioTargetTime >= duration by seeking to 0","duration":0.5294000000001233,"failureMessages":[],"meta":{},"tags":[]},{"ancestorTitles":["syncAudioPlayback"],"fullName":"syncAudioPlayback detects loop restart when lastVmdTime > vmdTime + 0.5","status":"passed","title":"detects loop restart when lastVmdTime > vmdTime + 0.5","duration":0.4936000000000149,"failureMessages":[],"meta":{},"tags":[]},{"ancestorTitles":["syncAudioPlayback"],"fullName":"syncAudioPlayback seeks to vmdTime+offset (not just offset) on mid-song backward seek","status":"passed","title":"seeks to vmdTime+offset (not just offset) on mid-song backward seek","duration":0.766399999999976,"failureMessages":[],"meta":{},"tags":[]},{"ancestorTitles":["attachBeatDetector"],"fullName":"attachBeatDetector stores detector and attaches to existing stream player","status":"passed","title":"stores detector and attaches to existing stream player","duration":0.6701000000000477,"failureMessages":[],"meta":{},"tags":[]},{"ancestorTitles":["attachBeatDetector"],"fullName":"attachBeatDetector is idempotent — does not attach twice","status":"passed","title":"is idempotent — does not attach twice","duration":0.6165000000000873,"failureMessages":[],"meta":{},"tags":[]},{"ancestorTitles":["attachBeatDetector"],"fullName":"attachBeatDetector defers attachment when no audio player yet","status":"passed","title":"defers attachment when no audio player yet","duration":0.6690000000000964,"failureMessages":[],"meta":{},"tags":[]},{"ancestorTitles":["attachBeatDetector"],"fullName":"attachBeatDetector handles attach error gracefully","status":"passed","title":"handles attach error gracefully","duration":0.5326999999999771,"failureMessages":[],"meta":{},"tags":[]},{"ancestorTitles":["notifyBeatDetectorReset"],"fullName":"notifyBeatDetectorReset calls reset on attached detector","status":"passed","title":"calls reset on attached detector","duration":0.27660000000014406,"failureMessages":[],"meta":{},"tags":[]},{"ancestorTitles":["notifyBeatDetectorReset"],"fullName":"notifyBeatDetectorReset is no-op when no detector","status":"passed","title":"is no-op when no detector","duration":0.3347999999998592,"failureMessages":[],"meta":{},"tags":[]},{"ancestorTitles":["setVolume applies gain"],"fullName":"setVolume applies gain setVolume calls applyGain to update stream player volume","status":"passed","title":"setVolume calls applyGain to update stream player volume","duration":0.6528999999998177,"failureMessages":[],"meta":{},"tags":[]}],"startTime":1784976589693,"endTime":1784976589746.6528,"status":"passed","message":"","name":"C:/Users/zhujieling11/MikuMikuAR/frontend/src/__tests__/audio.test.ts"},{"assertionResults":[{"ancestorTitles":["BeatDetector.detectBeatsFromEnergies"],"fullName":"BeatDetector.detectBeatsFromEnergies detects beats in periodic energy peaks","status":"passed","title":"detects beats in periodic energy peaks","duration":3.3425999999999476,"failureMessages":[],"meta":{},"tags":[]},{"ancestorTitles":["BeatDetector.detectBeatsFromEnergies"],"fullName":"BeatDetector.detectBeatsFromEnergies no beats when energy is flat","status":"passed","title":"no beats when energy is flat","duration":0.7300000000000182,"failureMessages":[],"meta":{},"tags":[]},{"ancestorTitles":["BeatDetector.detectBeatsFromEnergies"],"fullName":"BeatDetector.detectBeatsFromEnergies respects minInterval between beats","status":"passed","title":"respects minInterval between beats","duration":0.37419999999997344,"failureMessages":[],"meta":{},"tags":[]},{"ancestorTitles":["BeatDetector.detectBeatsFromEnergies"],"fullName":"BeatDetector.detectBeatsFromEnergies threshold filters weak peaks","status":"passed","title":"threshold filters weak peaks","duration":0.4861999999998261,"failureMessages":[],"meta":{},"tags":[]},{"ancestorTitles":["BeatDetector.detectBeatsFromEnergies"],"fullName":"BeatDetector.detectBeatsFromEnergies skips peaks below energy threshold (energy <= 30)","status":"passed","title":"skips peaks below energy threshold (energy <= 30)","duration":0.5102999999999156,"failureMessages":[],"meta":{},"tags":[]},{"ancestorTitles":["BeatDetector.detectBeatsFromEnergies"],"fullName":"BeatDetector.detectBeatsFromEnergies returns empty for empty input","status":"passed","title":"returns empty for empty input","duration":1.2050000000001546,"failureMessages":[],"meta":{},"tags":[]},{"ancestorTitles":["BeatDetector.detectBeatsFromEnergies"],"fullName":"BeatDetector.detectBeatsFromEnergies handles energy history overflow (> 43 frames)","status":"passed","title":"handles energy history overflow (> 43 frames)","duration":0.3653999999999087,"failureMessages":[],"meta":{},"tags":[]},{"ancestorTitles":["BeatDetector.bpmFromIntervals"],"fullName":"BeatDetector.bpmFromIntervals 120 BPM from 500ms intervals","status":"passed","title":"120 BPM from 500ms intervals","duration":0.49749999999994543,"failureMessages":[],"meta":{},"tags":[]},{"ancestorTitles":["BeatDetector.bpmFromIntervals"],"fullName":"BeatDetector.bpmFromIntervals 60 BPM from 1000ms intervals","status":"passed","title":"60 BPM from 1000ms intervals","duration":0.6900000000000546,"failureMessages":[],"meta":{},"tags":[]},{"ancestorTitles":["BeatDetector.bpmFromIntervals"],"fullName":"BeatDetector.bpmFromIntervals defaults to 120 for empty input","status":"passed","title":"defaults to 120 for empty input","duration":0.34130000000004657,"failureMessages":[],"meta":{},"tags":[]},{"ancestorTitles":["BeatDetector.bpmFromIntervals"],"fullName":"BeatDetector.bpmFromIntervals handles variable intervals (average)","status":"passed","title":"handles variable intervals (average)","duration":0.2216000000000804,"failureMessages":[],"meta":{},"tags":[]},{"ancestorTitles":["BeatDetector.bpmFromIntervals"],"fullName":"BeatDetector.bpmFromIntervals returns 120 when avg interval is 0 (edge case)","status":"passed","title":"returns 120 when avg interval is 0 (edge case)","duration":0.19680000000016662,"failureMessages":[],"meta":{},"tags":[]},{"ancestorTitles":["BeatDetector.bpmFromIntervals"],"fullName":"BeatDetector.bpmFromIntervals computes high BPM from short intervals","status":"passed","title":"computes high BPM from short intervals","duration":0.26490000000012515,"failureMessages":[],"meta":{},"tags":[]},{"ancestorTitles":["BeatDetector instance"],"fullName":"BeatDetector instance reset restores defaults","status":"passed","title":"reset restores defaults","duration":1.1134999999999309,"failureMessages":[],"meta":{},"tags":[]},{"ancestorTitles":["BeatDetector instance"],"fullName":"BeatDetector instance getBeatPhase returns 0..1","status":"passed","title":"getBeatPhase returns 0..1","duration":0.4802999999999429,"failureMessages":[],"meta":{},"tags":[]},{"ancestorTitles":["BeatDetector instance"],"fullName":"BeatDetector instance getBeatPhase advances over time","status":"passed","title":"getBeatPhase advances over time","duration":0.31120000000009895,"failureMessages":[],"meta":{},"tags":[]},{"ancestorTitles":["BeatDetector instance"],"fullName":"BeatDetector instance hasAudio returns false when no audio attached","status":"passed","title":"hasAudio returns false when no audio attached","duration":0.2236000000000331,"failureMessages":[],"meta":{},"tags":[]},{"ancestorTitles":["BeatDetector instance"],"fullName":"BeatDetector instance getLevel returns 0 when no analyser attached","status":"passed","title":"getLevel returns 0 when no analyser attached","duration":0.3347000000001117,"failureMessages":[],"meta":{},"tags":[]},{"ancestorTitles":["BeatDetector instance"],"fullName":"BeatDetector instance setVolume is safe to call without gain","status":"passed","title":"setVolume is safe to call without gain","duration":0.1573000000000775,"failureMessages":[],"meta":{},"tags":[]},{"ancestorTitles":["BeatDetector instance"],"fullName":"BeatDetector instance update is safe to call without analyser","status":"passed","title":"update is safe to call without analyser","duration":0.2821000000001277,"failureMessages":[],"meta":{},"tags":[]},{"ancestorTitles":["BeatDetector instance"],"fullName":"BeatDetector instance dispose is safe to call when nothing attached","status":"passed","title":"dispose is safe to call when nothing attached","duration":0.5100999999999658,"failureMessages":[],"meta":{},"tags":[]},{"ancestorTitles":["BeatDetector instance"],"fullName":"BeatDetector instance dispose can be called multiple times","status":"passed","title":"dispose can be called multiple times","duration":0.3944000000001324,"failureMessages":[],"meta":{},"tags":[]},{"ancestorTitles":["BeatDetector instance"],"fullName":"BeatDetector instance isAvailable returns false when no audio attached","status":"passed","title":"isAvailable returns false when no audio attached","duration":0.2563000000000102,"failureMessages":[],"meta":{},"tags":[]},{"ancestorTitles":["BeatDetector instance"],"fullName":"BeatDetector instance getLastError returns null initially","status":"passed","title":"getLastError returns null initially","duration":0.35649999999986903,"failureMessages":[],"meta":{},"tags":[]},{"ancestorTitles":["BeatDetector instance"],"fullName":"BeatDetector instance getLastError returns null after dispose","status":"passed","title":"getLastError returns null after dispose","duration":0.22989999999981592,"failureMessages":[],"meta":{},"tags":[]},{"ancestorTitles":["BeatDetector instance"],"fullName":"BeatDetector instance isAvailable returns false after dispose","status":"passed","title":"isAvailable returns false after dispose","duration":0.20830000000000837,"failureMessages":[],"meta":{},"tags":[]},{"ancestorTitles":["BeatDetector instance"],"fullName":"BeatDetector instance update without analyser does not throw","status":"passed","title":"update without analyser does not throw","duration":1.396199999999908,"failureMessages":[],"meta":{},"tags":[]},{"ancestorTitles":["BeatDetector.getLevel (static)"],"fullName":"BeatDetector.getLevel (static) returns 0 for empty data","status":"passed","title":"returns 0 for empty data","duration":0.4339999999999691,"failureMessages":[],"meta":{},"tags":[]},{"ancestorTitles":["BeatDetector.getLevel (static)"],"fullName":"BeatDetector.getLevel (static) computes average of full range (0..1 normalized)","status":"passed","title":"computes average of full range (0..1 normalized)","duration":0.3486000000000331,"failureMessages":[],"meta":{},"tags":[]},{"ancestorTitles":["BeatDetector.getLevel (static)"],"fullName":"BeatDetector.getLevel (static) respects bin range","status":"passed","title":"respects bin range","duration":0.35530000000017026,"failureMessages":[],"meta":{},"tags":[]},{"ancestorTitles":["BeatDetector.getLevel (static)"],"fullName":"BeatDetector.getLevel (static) clamps end to data length","status":"passed","title":"clamps end to data length","duration":0.21270000000004075,"failureMessages":[],"meta":{},"tags":[]},{"ancestorTitles":["BeatDetector.getLevel (static)"],"fullName":"BeatDetector.getLevel (static) returns 0 when end <= start","status":"passed","title":"returns 0 when end <= start","duration":0.29950000000008004,"failureMessages":[],"meta":{},"tags":[]},{"ancestorTitles":["BeatDetector.getLevel (static)"],"fullName":"BeatDetector.getLevel (static) clamps negative start to 0","status":"passed","title":"clamps negative start to 0","duration":0.39449999999987995,"failureMessages":[],"meta":{},"tags":[]},{"ancestorTitles":["BeatDetector.getLevel (static)"],"fullName":"BeatDetector.getLevel (static) single bin returns that bin value","status":"passed","title":"single bin returns that bin value","duration":0.35750000000007276,"failureMessages":[],"meta":{},"tags":[]},{"ancestorTitles":["BeatDetector.quantizeBpm (via detectBeatsFromEnergies)"],"fullName":"BeatDetector.quantizeBpm (via detectBeatsFromEnergies) energy peaks at exactly common BPM get quantized","status":"passed","title":"energy peaks at exactly common BPM get quantized","duration":0.34570000000007894,"failureMessages":[],"meta":{},"tags":[]}],"startTime":1784976597266,"endTime":1784976597286.3574,"status":"passed","message":"","name":"C:/Users/zhujieling11/MikuMikuAR/frontend/src/__tests__/beat-detector.test.ts"},{"assertionResults":[{"ancestorTitles":["getBrowseDir"],"fullName":"getBrowseDir libraryRoot 未设置 → 返回空字符串","status":"passed","title":"libraryRoot 未设置 → 返回空字符串","duration":2.9957999999999174,"failureMessages":[],"meta":{},"tags":[]},{"ancestorTitles":["getBrowseDir"],"fullName":"getBrowseDir 桌面端根目录 → 拼接标准子目录（PMX/VMD）","status":"passed","title":"桌面端根目录 → 拼接标准子目录（PMX/VMD）","duration":0.5211000000001604,"failureMessages":[],"meta":{},"tags":[]},{"ancestorTitles":["getBrowseDir"],"fullName":"getBrowseDir overridePaths 优先于 libraryRoot 子目录","status":"passed","title":"overridePaths 优先于 libraryRoot 子目录","duration":0.47890000000006694,"failureMessages":[],"meta":{},"tags":[]},{"ancestorTitles":["getBrowseDir"],"fullName":"getBrowseDir 网页端虚拟根（web://）→ 同样拼接标准子目录（扫描已映射到虚拟子目录）","status":"passed","title":"网页端虚拟根（web://）→ 同样拼接标准子目录（扫描已映射到虚拟子目录）","duration":0.3488999999999578,"failureMessages":[],"meta":{},"tags":[]},{"ancestorTitles":["getBrowseDir"],"fullName":"getBrowseDir 网页端 overridePaths 仍优先生效","status":"passed","title":"网页端 overridePaths 仍优先生效","duration":0.40190000000006876,"failureMessages":[],"meta":{},"tags":[]}],"startTime":1784976600635,"endTime":1784976600640.4019,"status":"passed","message":"","name":"C:/Users/zhujieling11/MikuMikuAR/frontend/src/__tests__/browse-dir.test.ts"},{"assertionResults":[{"ancestorTitles":["defaultCameraPreset"],"fullName":"defaultCameraPreset returns an object with the correct structure","status":"passed","title":"returns an object with the correct structure","duration":2.8348000000000866,"failureMessages":[],"meta":{},"tags":[]},{"ancestorTitles":["defaultCameraPreset"],"fullName":"defaultCameraPreset has the documented default values","status":"passed","title":"has the documented default values","duration":1.2714000000000851,"failureMessages":[],"meta":{},"tags":[]},{"ancestorTitles":["defaultCameraPreset"],"fullName":"defaultCameraPreset returns a new object on each call (no shared reference)","status":"passed","title":"returns a new object on each call (no shared reference)","duration":1.8695999999999913,"failureMessages":[],"meta":{},"tags":[]},{"ancestorTitles":["getCameraPreset / setCameraPreset"],"fullName":"getCameraPreset / setCameraPreset setCameraPreset then getCameraPreset returns the same values","status":"passed","title":"setCameraPreset then getCameraPreset returns the same values","duration":0.8854999999998654,"failureMessages":[],"meta":{},"tags":[]},{"ancestorTitles":["getOrbitParams / getFreeflyParams / getConcertParams"],"fullName":"getOrbitParams / getFreeflyParams / getConcertParams getOrbitParams returns the orbit sub-object from the current preset","status":"passed","title":"getOrbitParams returns the orbit sub-object from the current preset","duration":0.4776999999999134,"failureMessages":[],"meta":{},"tags":[]},{"ancestorTitles":["getOrbitParams / getFreeflyParams / getConcertParams"],"fullName":"getOrbitParams / getFreeflyParams / getConcertParams getFreeflyParams returns the freefly sub-object","status":"passed","title":"getFreeflyParams returns the freefly sub-object","duration":0.3532000000000153,"failureMessages":[],"meta":{},"tags":[]},{"ancestorTitles":["getOrbitParams / getFreeflyParams / getConcertParams"],"fullName":"getOrbitParams / getFreeflyParams / getConcertParams getConcertParams returns the concert sub-object","status":"passed","title":"getConcertParams returns the concert sub-object","duration":0.4774000000002161,"failureMessages":[],"meta":{},"tags":[]},{"ancestorTitles":["getOrbitParams / getFreeflyParams / getConcertParams"],"fullName":"getOrbitParams / getFreeflyParams / getConcertParams getSurroundParams returns the surround sub-object","status":"passed","title":"getSurroundParams returns the surround sub-object","duration":0.3501000000001113,"failureMessages":[],"meta":{},"tags":[]},{"ancestorTitles":["getOrbitParams / getFreeflyParams / getConcertParams"],"fullName":"getOrbitParams / getFreeflyParams / getConcertParams all getters reflect preset changes via setCameraPreset","status":"passed","title":"all getters reflect preset changes via setCameraPreset","duration":0.8231000000000677,"failureMessages":[],"meta":{},"tags":[]},{"ancestorTitles":["setOrbitParams"],"fullName":"setOrbitParams updates the preset with partial params","status":"passed","title":"updates the preset with partial params","duration":0.5516999999999825,"failureMessages":[],"meta":{},"tags":[]},{"ancestorTitles":["setOrbitParams"],"fullName":"setOrbitParams updates all three orbit fields at once","status":"passed","title":"updates all three orbit fields at once","duration":0.31100000000014916,"failureMessages":[],"meta":{},"tags":[]},{"ancestorTitles":["setOrbitParams"],"fullName":"setOrbitParams does not throw when no live camera is active (currentCamera is null)","status":"passed","title":"does not throw when no live camera is active (currentCamera is null)","duration":1.1662999999998647,"failureMessages":[],"meta":{},"tags":[]},{"ancestorTitles":["setOrbitParams"],"fullName":"setOrbitParams preserves other preset sub-objects (freefly and concert)","status":"passed","title":"preserves other preset sub-objects (freefly and concert)","duration":0.28860000000031505,"failureMessages":[],"meta":{},"tags":[]},{"ancestorTitles":["setOrbitParams"],"fullName":"setOrbitParams multiple sequential calls accumulate","status":"passed","title":"multiple sequential calls accumulate","duration":0.25,"failureMessages":[],"meta":{},"tags":[]},{"ancestorTitles":["setFreeflyParams"],"fullName":"setFreeflyParams updates the preset with partial params","status":"passed","title":"updates the preset with partial params","duration":0.2725999999997839,"failureMessages":[],"meta":{},"tags":[]},{"ancestorTitles":["setFreeflyParams"],"fullName":"setFreeflyParams updates angularSensibility independently","status":"passed","title":"updates angularSensibility independently","duration":0.23480000000017753,"failureMessages":[],"meta":{},"tags":[]},{"ancestorTitles":["setFreeflyParams"],"fullName":"setFreeflyParams does not throw when in orbit mode (no live universal camera)","status":"passed","title":"does not throw when in orbit mode (no live universal camera)","duration":0.30369999999993524,"failureMessages":[],"meta":{},"tags":[]},{"ancestorTitles":["setFreeflyParams"],"fullName":"setFreeflyParams updates both fields simultaneously","status":"passed","title":"updates both fields simultaneously","duration":0.21299999999973807,"failureMessages":[],"meta":{},"tags":[]},{"ancestorTitles":["setConcertParams"],"fullName":"setConcertParams updates all concert fields","status":"passed","title":"updates all concert fields","duration":0.38770000000022264,"failureMessages":[],"meta":{},"tags":[]},{"ancestorTitles":["setConcertParams"],"fullName":"setConcertParams partial update preserves unset fields","status":"passed","title":"partial update preserves unset fields","duration":0.2796000000003005,"failureMessages":[],"meta":{},"tags":[]},{"ancestorTitles":["setConcertParams"],"fullName":"setConcertParams does not throw when called in any state","status":"passed","title":"does not throw when called in any state","duration":0.30310000000008586,"failureMessages":[],"meta":{},"tags":[]},{"ancestorTitles":["setSurroundParams"],"fullName":"setSurroundParams updates all surround fields","status":"passed","title":"updates all surround fields","duration":0.3148999999998523,"failureMessages":[],"meta":{},"tags":[]},{"ancestorTitles":["setSurroundParams"],"fullName":"setSurroundParams partial update preserves unset fields","status":"passed","title":"partial update preserves unset fields","duration":0.235700000000179,"failureMessages":[],"meta":{},"tags":[]},{"ancestorTitles":["getCameraMode / getCurrentCamera"],"fullName":"getCameraMode / getCurrentCamera getCameraMode returns orbit by default","status":"passed","title":"getCameraMode returns orbit by default","duration":0.42350000000033106,"failureMessages":[],"meta":{},"tags":[]},{"ancestorTitles":["getCameraMode / getCurrentCamera"],"fullName":"getCameraMode / getCurrentCamera getCurrentCamera returns null when uninitialized","status":"passed","title":"getCurrentCamera returns null when uninitialized","duration":0.2341999999998734,"failureMessages":[],"meta":{},"tags":[]},{"ancestorTitles":["getFov / setFov"],"fullName":"getFov / setFov getFov returns the default FOV (0.8)","status":"passed","title":"getFov returns the default FOV (0.8)","duration":0.20509999999967476,"failureMessages":[],"meta":{},"tags":[]},{"ancestorTitles":["getFov / setFov"],"fullName":"getFov / setFov setFov updates the stored FOV value","status":"passed","title":"setFov updates the stored FOV value","duration":0.14390000000003056,"failureMessages":[],"meta":{},"tags":[]},{"ancestorTitles":["getFov / setFov"],"fullName":"getFov / setFov setFov clamps values below 0.1 to 0.1","status":"passed","title":"setFov clamps values below 0.1 to 0.1","duration":0.13619999999991705,"failureMessages":[],"meta":{},"tags":[]},{"ancestorTitles":["getFov / setFov"],"fullName":"getFov / setFov setFov clamps values above 3 to 3","status":"passed","title":"setFov clamps values above 3 to 3","duration":0.14429999999993015,"failureMessages":[],"meta":{},"tags":[]},{"ancestorTitles":["getFov / setFov"],"fullName":"getFov / setFov setFov clamps negative values to 0.1","status":"passed","title":"setFov clamps negative values to 0.1","duration":0.1380999999996675,"failureMessages":[],"meta":{},"tags":[]},{"ancestorTitles":["getFov / setFov"],"fullName":"getFov / setFov setFov with value exactly at lower boundary (0.1)","status":"passed","title":"setFov with value exactly at lower boundary (0.1)","duration":0.12960000000020955,"failureMessages":[],"meta":{},"tags":[]},{"ancestorTitles":["getFov / setFov"],"fullName":"getFov / setFov setFov with value exactly at upper boundary (3)","status":"passed","title":"setFov with value exactly at upper boundary (3)","duration":0.11009999999987485,"failureMessages":[],"meta":{},"tags":[]},{"ancestorTitles":["getFov / setFov"],"fullName":"getFov / setFov setFov roundtrips correctly","status":"passed","title":"setFov roundtrips correctly","duration":0.13879999999971915,"failureMessages":[],"meta":{},"tags":[]},{"ancestorTitles":["getFov / setFov"],"fullName":"getFov / setFov does not throw when no camera is active","status":"passed","title":"does not throw when no camera is active","duration":0.2685999999998785,"failureMessages":[],"meta":{},"tags":[]},{"ancestorTitles":["hasCameraVmd / clearCameraVmd / getCameraVmdName / getCameraVmdPath"],"fullName":"hasCameraVmd / clearCameraVmd / getCameraVmdName / getCameraVmdPath hasCameraVmd returns false when no VMD is loaded","status":"passed","title":"hasCameraVmd returns false when no VMD is loaded","duration":0.24399999999968713,"failureMessages":[],"meta":{},"tags":[]},{"ancestorTitles":["hasCameraVmd / clearCameraVmd / getCameraVmdName / getCameraVmdPath"],"fullName":"hasCameraVmd / clearCameraVmd / getCameraVmdName / getCameraVmdPath clearCameraVmd does not throw when no VMD is active","status":"passed","title":"clearCameraVmd does not throw when no VMD is active","duration":0.32640000000037617,"failureMessages":[],"meta":{},"tags":[]},{"ancestorTitles":["hasCameraVmd / clearCameraVmd / getCameraVmdName / getCameraVmdPath"],"fullName":"hasCameraVmd / clearCameraVmd / getCameraVmdName / getCameraVmdPath getCameraVmdName returns empty string by default","status":"passed","title":"getCameraVmdName returns empty string by default","duration":0.20670000000018263,"failureMessages":[],"meta":{},"tags":[]},{"ancestorTitles":["hasCameraVmd / clearCameraVmd / getCameraVmdName / getCameraVmdPath"],"fullName":"hasCameraVmd / clearCameraVmd / getCameraVmdName / getCameraVmdPath getCameraVmdPath returns empty string by default","status":"passed","title":"getCameraVmdPath returns empty string by default","duration":0.17509999999992942,"failureMessages":[],"meta":{},"tags":[]},{"ancestorTitles":["hasCameraVmd / clearCameraVmd / getCameraVmdName / getCameraVmdPath"],"fullName":"hasCameraVmd / clearCameraVmd / getCameraVmdName / getCameraVmdPath hasCameraVmd stays false after clearCameraVmd when already empty","status":"passed","title":"hasCameraVmd stays false after clearCameraVmd when already empty","duration":0.14350000000013097,"failureMessages":[],"meta":{},"tags":[]},{"ancestorTitles":["getConcertPaused / setConcertPaused"],"fullName":"getConcertPaused / setConcertPaused getConcertPaused returns false initially","status":"passed","title":"getConcertPaused returns false initially","duration":0.12250000000040018,"failureMessages":[],"meta":{},"tags":[]},{"ancestorTitles":["getConcertPaused / setConcertPaused"],"fullName":"getConcertPaused / setConcertPaused setConcertPaused(true) updates the toggle to true","status":"passed","title":"setConcertPaused(true) updates the toggle to true","duration":0.06520000000000437,"failureMessages":[],"meta":{},"tags":[]},{"ancestorTitles":["getConcertPaused / setConcertPaused"],"fullName":"getConcertPaused / setConcertPaused setConcertPaused can toggle back to false","status":"passed","title":"setConcertPaused can toggle back to false","duration":0.07949999999982538,"failureMessages":[],"meta":{},"tags":[]},{"ancestorTitles":["getConcertPaused / setConcertPaused"],"fullName":"getConcertPaused / setConcertPaused setConcertPaused with false after false stays false","status":"passed","title":"setConcertPaused with false after false stays false","duration":0.059099999999943975,"failureMessages":[],"meta":{},"tags":[]},{"ancestorTitles":["CameraMode type discrimination"],"fullName":"CameraMode type discrimination getCameraMode returns a valid CameraMode string","status":"passed","title":"getCameraMode returns a valid CameraMode string","duration":0.6774999999997817,"failureMessages":[],"meta":{},"tags":[]},{"ancestorTitles":["ADR-100 dual-axis mapping (P1 契约)"],"fullName":"ADR-100 dual-axis mapping (P1 契约) LEGACY_MODE_MAP 覆盖全部 8 个模式（含 beatcut）","status":"passed","title":"LEGACY_MODE_MAP 覆盖全部 8 个模式（含 beatcut）","duration":0.2759000000000924,"failureMessages":[],"meta":{},"tags":[]},{"ancestorTitles":["ADR-100 dual-axis mapping (P1 契约)"],"fullName":"ADR-100 dual-axis mapping (P1 契约) orbit → {orbit, none}（纯手动，无内建自转）","status":"passed","title":"orbit → {orbit, none}（纯手动，无内建自转）","duration":0.1532999999999447,"failureMessages":[],"meta":{},"tags":[]},{"ancestorTitles":["ADR-100 dual-axis mapping (P1 契约)"],"fullName":"ADR-100 dual-axis mapping (P1 契约) surround → turntable，concert → concert","status":"passed","title":"surround → turntable，concert → concert","duration":0.10779999999977008,"failureMessages":[],"meta":{},"tags":[]},{"ancestorTitles":["ADR-100 dual-axis mapping (P1 契约)"],"fullName":"ADR-100 dual-axis mapping (P1 契约) vmd/oneshot → scripted，子态区分 loop/oneshot","status":"passed","title":"vmd/oneshot → scripted，子态区分 loop/oneshot","duration":0.12210000000004584,"failureMessages":[],"meta":{},"tags":[]},{"ancestorTitles":["ADR-100 dual-axis mapping (P1 契约)"],"fullName":"ADR-100 dual-axis mapping (P1 契约) deriveLegacyMode 反查与 LEGACY_MODE_MAP 往返一致","status":"passed","title":"deriveLegacyMode 反查与 LEGACY_MODE_MAP 往返一致","duration":0.2501999999999498,"failureMessages":[],"meta":{},"tags":[]},{"ancestorTitles":["ADR-100 dual-axis mapping (P1 契约)"],"fullName":"ADR-100 dual-axis mapping (P1 契约) deriveLegacyMode 对 beatcut 直接返回 beatcut（不再降级为 orbit）","status":"passed","title":"deriveLegacyMode 对 beatcut 直接返回 beatcut（不再降级为 orbit）","duration":0.0727999999999156,"failureMessages":[],"meta":{},"tags":[]},{"ancestorTitles":["ADR-100 beatcut 行为派生 + 饥饿修复 (P2 运行时)"],"fullName":"ADR-100 beatcut 行为派生 + 饥饿修复 (P2 运行时) 默认 orbit 下行为轴为 none、控制轴为 orbit","status":"passed","title":"默认 orbit 下行为轴为 none、控制轴为 orbit","duration":0.4163999999996122,"failureMessages":[],"meta":{},"tags":[]},{"ancestorTitles":["ADR-100 beatcut 行为派生 + 饥饿修复 (P2 运行时)"],"fullName":"ADR-100 beatcut 行为派生 + 饥饿修复 (P2 运行时) 开启自动运镜 → 行为轴叠加为 beatcut 并订阅 beat","status":"passed","title":"开启自动运镜 → 行为轴叠加为 beatcut 并订阅 beat","duration":0.591099999999642,"failureMessages":[],"meta":{},"tags":[]},{"ancestorTitles":["ADR-100 beatcut 行为派生 + 饥饿修复 (P2 运行时)"],"fullName":"ADR-100 beatcut 行为派生 + 饥饿修复 (P2 运行时) 关闭自动运镜 → 行为轴回落 none 并退订","status":"passed","title":"关闭自动运镜 → 行为轴回落 none 并退订","duration":0.2640000000001237,"failureMessages":[],"meta":{},"tags":[]},{"ancestorTitles":["ADR-100 beatcut 行为派生 + 饥饿修复 (P2 运行时)"],"fullName":"ADR-100 beatcut 行为派生 + 饥饿修复 (P2 运行时) 缺省 detector 时回退到内部 procBeatDetector（集中订阅）","status":"passed","title":"缺省 detector 时回退到内部 procBeatDetector（集中订阅）","duration":0.5210000000001855,"failureMessages":[],"meta":{},"tags":[]},{"ancestorTitles":["ADR-100 beatcut 行为派生 + 饥饿修复 (P2 运行时)"],"fullName":"ADR-100 beatcut 行为派生 + 饥饿修复 (P2 运行时) restoreAutoCameraState 从 UIState 恢复时重新订阅（修复饥饿）","status":"passed","title":"restoreAutoCameraState 从 UIState 恢复时重新订阅（修复饥饿）","duration":0.3011999999998807,"failureMessages":[],"meta":{},"tags":[]},{"ancestorTitles":["ADR-100 serialization dual-write (P3)"],"fullName":"ADR-100 serialization dual-write (P3) getCameraState 双写 control/behavior/scriptedSubMode，并反查 mode","status":"passed","title":"getCameraState 双写 control/behavior/scriptedSubMode，并反查 mode","duration":0.34520000000020445,"failureMessages":[],"meta":{},"tags":[]},{"ancestorTitles":["ADR-100 serialization dual-write (P3)"],"fullName":"ADR-100 serialization dual-write (P3) getCameraState 在 beatcut 下 mode 为 beatcut（不再降级为 orbit）","status":"passed","title":"getCameraState 在 beatcut 下 mode 为 beatcut（不再降级为 orbit）","duration":0.3218000000001666,"failureMessages":[],"meta":{},"tags":[]},{"ancestorTitles":["ADR-100 serialization dual-write (P3)"],"fullName":"ADR-100 serialization dual-write (P3) setCameraState 新格式(control+behavior) → 正确派生双轴","status":"passed","title":"setCameraState 新格式(control+behavior) → 正确派生双轴","duration":0.5307999999999993,"failureMessages":[],"meta":{},"tags":[]},{"ancestorTitles":["ADR-100 serialization dual-write (P3)"],"fullName":"ADR-100 serialization dual-write (P3) setCameraState 旧格式(mode only) → 经 LEGACY_MODE_MAP 迁移为 concert","status":"passed","title":"setCameraState 旧格式(mode only) → 经 LEGACY_MODE_MAP 迁移为 concert","duration":0.17800000000033833,"failureMessages":[],"meta":{},"tags":[]},{"ancestorTitles":["ADR-100 serialization dual-write (P3)"],"fullName":"ADR-100 serialization dual-write (P3) setCameraState 旧格式 surround → turntable","status":"passed","title":"setCameraState 旧格式 surround → turntable","duration":0.12380000000030122,"failureMessages":[],"meta":{},"tags":[]},{"ancestorTitles":["ADR-100 serialization dual-write (P3)"],"fullName":"ADR-100 serialization dual-write (P3) setCameraState 旧存档 UIState.autoCameraEnabled → 叠加为 beatcut","status":"passed","title":"setCameraState 旧存档 UIState.autoCameraEnabled → 叠加为 beatcut","duration":0.1390000000001237,"failureMessages":[],"meta":{},"tags":[]},{"ancestorTitles":["ADR-100 serialization dual-write (P3)"],"fullName":"ADR-100 serialization dual-write (P3) round-trip：setCameraState(getCameraState()) 保持双轴不变","status":"passed","title":"round-trip：setCameraState(getCameraState()) 保持双轴不变","duration":0.22600000000011278,"failureMessages":[],"meta":{},"tags":[]},{"ancestorTitles":["ADR-100 dual-axis export guards (P4)"],"fullName":"ADR-100 dual-axis export guards (P4) setCameraBehavior(beatcut) 在非 orbit 控制下被忽略","status":"passed","title":"setCameraBehavior(beatcut) 在非 orbit 控制下被忽略","duration":0.27719999999999345,"failureMessages":[],"meta":{},"tags":[]},{"ancestorTitles":["ADR-100 dual-axis export guards (P4)"],"fullName":"ADR-100 dual-axis export guards (P4) setCameraControl(freefly) 当行为为 beatcut → 行为回落 none 且订阅退订","status":"passed","title":"setCameraControl(freefly) 当行为为 beatcut → 行为回落 none 且订阅退订","duration":0.24719999999979336,"failureMessages":[],"meta":{},"tags":[]},{"ancestorTitles":["ADR-100 dual-axis export guards (P4)"],"fullName":"ADR-100 dual-axis export guards (P4) setCameraBehavior(concert) 在 orbit 下生效且关闭自动运镜","status":"passed","title":"setCameraBehavior(concert) 在 orbit 下生效且关闭自动运镜","duration":0.12549999999964712,"failureMessages":[],"meta":{},"tags":[]},{"ancestorTitles":["ADR-100 dual-axis export guards (P4)"],"fullName":"ADR-100 dual-axis export guards (P4) setCameraState 新格式 scripted+oneshot 往返一致","status":"passed","title":"setCameraState 新格式 scripted+oneshot 往返一致","duration":0.25789999999960855,"failureMessages":[],"meta":{},"tags":[]},{"ancestorTitles":["ADR-100 dual-axis export guards (P4)"],"fullName":"ADR-100 dual-axis export guards (P4) setCameraState 部分新字段(仅 control) → behavior 经 LEGACY_MODE_MAP 兜底","status":"passed","title":"setCameraState 部分新字段(仅 control) → behavior 经 LEGACY_MODE_MAP 兜底","duration":0.28330000000005384,"failureMessages":[],"meta":{},"tags":[]},{"ancestorTitles":["ADR-100 dual-axis export guards (P4)"],"fullName":"ADR-100 dual-axis export guards (P4) setCameraState 部分新字段(仅 behavior) → control 经 mode 兜底","status":"passed","title":"setCameraState 部分新字段(仅 behavior) → control 经 mode 兜底","duration":0.18340000000034706,"failureMessages":[],"meta":{},"tags":[]},{"ancestorTitles":["ADR-100 dual-axis export guards (P4)"],"fullName":"ADR-100 dual-axis export guards (P4) setCameraState 显式 behavior:none + 陈旧 autoCameraEnabled → 不被覆盖(P2 权威)","status":"passed","title":"setCameraState 显式 behavior:none + 陈旧 autoCameraEnabled → 不被覆盖(P2 权威)","duration":0.1376999999997679,"failureMessages":[],"meta":{},"tags":[]}],"startTime":1784976587841,"endTime":1784976587869.1833,"status":"passed","message":"","name":"C:/Users/zhujieling11/MikuMikuAR/frontend/src/__tests__/camera.test.ts"},{"assertionResults":[{"ancestorTitles":["color-helpers","col3FromTriple"],"fullName":"color-helpers col3FromTriple constructs Color3 from 3-tuple","status":"passed","title":"constructs Color3 from 3-tuple","duration":3.10329999999999,"failureMessages":[],"meta":{},"tags":[]},{"ancestorTitles":["color-helpers","col3FromTriple"],"fullName":"color-helpers col3FromTriple falls back to 0 for missing indices","status":"passed","title":"falls back to 0 for missing indices","duration":0.617200000000139,"failureMessages":[],"meta":{},"tags":[]},{"ancestorTitles":["color-helpers","col3FromTriple"],"fullName":"color-helpers col3FromTriple handles empty array","status":"passed","title":"handles empty array","duration":0.43489999999997053,"failureMessages":[],"meta":{},"tags":[]},{"ancestorTitles":["color-helpers","hexToRgb"],"fullName":"color-helpers hexToRgb parses #rrggbb","status":"passed","title":"parses #rrggbb","duration":1.6906000000001313,"failureMessages":[],"meta":{},"tags":[]},{"ancestorTitles":["color-helpers","hexToRgb"],"fullName":"color-helpers hexToRgb parses rrggbb without #","status":"passed","title":"parses rrggbb without #","duration":0.45309999999994943,"failureMessages":[],"meta":{},"tags":[]},{"ancestorTitles":["color-helpers","hexToRgb"],"fullName":"color-helpers hexToRgb falls back to theme default (74,108,247) for invalid input","status":"passed","title":"falls back to theme default (74,108,247) for invalid input","duration":0.5128000000001975,"failureMessages":[],"meta":{},"tags":[]},{"ancestorTitles":["color-helpers","rgbToString"],"fullName":"color-helpers rgbToString formats as \"r, g, b\"","status":"passed","title":"formats as \"r, g, b\"","duration":0.2777000000000953,"failureMessages":[],"meta":{},"tags":[]},{"ancestorTitles":["color-helpers","rgbString (ADR-101 P3)"],"fullName":"color-helpers rgbString (ADR-101 P3) converts Color3(1,0,0) to rgb(255, 0, 0)","status":"passed","title":"converts Color3(1,0,0) to rgb(255, 0, 0)","duration":0.3707999999999174,"failureMessages":[],"meta":{},"tags":[]},{"ancestorTitles":["color-helpers","rgbString (ADR-101 P3)"],"fullName":"color-helpers rgbString (ADR-101 P3) converts Color3(0,1,0) to rgb(0, 255, 0)","status":"passed","title":"converts Color3(0,1,0) to rgb(0, 255, 0)","duration":0.6954999999998108,"failureMessages":[],"meta":{},"tags":[]},{"ancestorTitles":["color-helpers","rgbString (ADR-101 P3)"],"fullName":"color-helpers rgbString (ADR-101 P3) converts Color3(0,0,1) to rgb(0, 0, 255)","status":"passed","title":"converts Color3(0,0,1) to rgb(0, 0, 255)","duration":0.3795000000000073,"failureMessages":[],"meta":{},"tags":[]},{"ancestorTitles":["color-helpers","rgbString (ADR-101 P3)"],"fullName":"color-helpers rgbString (ADR-101 P3) converts Color3(0,0,0) to rgb(0, 0, 0)","status":"passed","title":"converts Color3(0,0,0) to rgb(0, 0, 0)","duration":0.3224999999999909,"failureMessages":[],"meta":{},"tags":[]},{"ancestorTitles":["color-helpers","rgbString (ADR-101 P3)"],"fullName":"color-helpers rgbString (ADR-101 P3) rounds 0.5 to 128 (Math.round semantics)","status":"passed","title":"rounds 0.5 to 128 (Math.round semantics)","duration":0.1955000000000382,"failureMessages":[],"meta":{},"tags":[]},{"ancestorTitles":["color-helpers","rgbString (ADR-101 P3)"],"fullName":"color-helpers rgbString (ADR-101 P3) rounds fractional values to nearest integer","status":"passed","title":"rounds fractional values to nearest integer","duration":0.16519999999991342,"failureMessages":[],"meta":{},"tags":[]}],"startTime":1784976599094,"endTime":1784976599104.1956,"status":"passed","message":"","name":"C:/Users/zhujieling11/MikuMikuAR/frontend/src/__tests__/color-helpers.test.ts"},{"assertionResults":[{"ancestorTitles":["config pure functions","formatTime"],"fullName":"config pure functions formatTime 0 seconds → \"00:00.00\"","status":"passed","title":"0 seconds → \"00:00.00\"","duration":2.7294999999999163,"failureMessages":[],"meta":{},"tags":[]},{"ancestorTitles":["config pure functions","formatTime"],"fullName":"config pure functions formatTime 90 seconds → \"01:30.00\"","status":"passed","title":"90 seconds → \"01:30.00\"","duration":0.33599999999978536,"failureMessages":[],"meta":{},"tags":[]},{"ancestorTitles":["config pure functions","formatTime"],"fullName":"config pure functions formatTime 3661 seconds → \"61:01.00\"","status":"passed","title":"3661 seconds → \"61:01.00\"","duration":0.239100000000235,"failureMessages":[],"meta":{},"tags":[]},{"ancestorTitles":["config pure functions","formatTime"],"fullName":"config pure functions formatTime handles fractional seconds (centiseconds)","status":"passed","title":"handles fractional seconds (centiseconds)","duration":0.4074000000000524,"failureMessages":[],"meta":{},"tags":[]},{"ancestorTitles":["config pure functions","formatTime"],"fullName":"config pure functions formatTime handles large values","status":"passed","title":"handles large values","duration":0.3251999999997679,"failureMessages":[],"meta":{},"tags":[]},{"ancestorTitles":["config pure functions","formatError"],"fullName":"config pure functions formatError returns \"unknown error\" for null","status":"passed","title":"returns \"unknown error\" for null","duration":0.3571999999999207,"failureMessages":[],"meta":{},"tags":[]},{"ancestorTitles":["config pure functions","formatError"],"fullName":"config pure functions formatError returns \"unknown error\" for undefined","status":"passed","title":"returns \"unknown error\" for undefined","duration":0.19650000000001455,"failureMessages":[],"meta":{},"tags":[]},{"ancestorTitles":["config pure functions","formatError"],"fullName":"config pure functions formatError returns message for Error instances","status":"passed","title":"returns message for Error instances","duration":0.3449000000000524,"failureMessages":[],"meta":{},"tags":[]},{"ancestorTitles":["config pure functions","formatError"],"fullName":"config pure functions formatError truncates long Error messages","status":"passed","title":"truncates long Error messages","duration":0.7260999999998603,"failureMessages":[],"meta":{},"tags":[]},{"ancestorTitles":["config pure functions","formatError"],"fullName":"config pure functions formatError returns string as-is when short","status":"passed","title":"returns string as-is when short","duration":0.31779999999980646,"failureMessages":[],"meta":{},"tags":[]},{"ancestorTitles":["config pure functions","formatError"],"fullName":"config pure functions formatError truncates long strings","status":"passed","title":"truncates long strings","duration":0.24519999999984066,"failureMessages":[],"meta":{},"tags":[]},{"ancestorTitles":["config pure functions","formatError"],"fullName":"config pure functions formatError converts other types via String()","status":"passed","title":"converts other types via String()","duration":0.29300000000012005,"failureMessages":[],"meta":{},"tags":[]},{"ancestorTitles":["config pure functions","formatError"],"fullName":"config pure functions formatError uses default maxLen of 120","status":"passed","title":"uses default maxLen of 120","duration":0.18840000000000146,"failureMessages":[],"meta":{},"tags":[]},{"ancestorTitles":["config pure functions","formatError"],"fullName":"config pure functions formatError does not truncate when exactly at maxLen","status":"passed","title":"does not truncate when exactly at maxLen","duration":0.13059999999995853,"failureMessages":[],"meta":{},"tags":[]},{"ancestorTitles":["config pure functions","formatError"],"fullName":"config pure functions formatError returns \"unknown error\" for objects that throw on String()","status":"passed","title":"returns \"unknown error\" for objects that throw on String()","duration":0.29859999999962383,"failureMessages":[],"meta":{},"tags":[]},{"ancestorTitles":["config pure functions","toBase64"],"fullName":"config pure functions toBase64 encodes ASCII string","status":"passed","title":"encodes ASCII string","duration":0.2968999999998232,"failureMessages":[],"meta":{},"tags":[]},{"ancestorTitles":["config pure functions","toBase64"],"fullName":"config pure functions toBase64 encodes empty string","status":"passed","title":"encodes empty string","duration":0.16239999999970678,"failureMessages":[],"meta":{},"tags":[]},{"ancestorTitles":["config pure functions","toBase64"],"fullName":"config pure functions toBase64 encodes unicode (UTF-8)","status":"passed","title":"encodes unicode (UTF-8)","duration":0.17770000000018626,"failureMessages":[],"meta":{},"tags":[]},{"ancestorTitles":["config pure functions","toBase64"],"fullName":"config pure functions toBase64 round-trips with atob","status":"passed","title":"round-trips with atob","duration":0.14649999999983265,"failureMessages":[],"meta":{},"tags":[]},{"ancestorTitles":["config pure functions","escapeHtml"],"fullName":"config pure functions escapeHtml escapes < and >","status":"passed","title":"escapes < and >","duration":0.18300000000044747,"failureMessages":[],"meta":{},"tags":[]},{"ancestorTitles":["config pure functions","escapeHtml"],"fullName":"config pure functions escapeHtml escapes & first (no double-escape)","status":"passed","title":"escapes & first (no double-escape)","duration":0.10489999999981592,"failureMessages":[],"meta":{},"tags":[]},{"ancestorTitles":["config pure functions","escapeHtml"],"fullName":"config pure functions escapeHtml escapes double and single quotes","status":"passed","title":"escapes double and single quotes","duration":0.17290000000002692,"failureMessages":[],"meta":{},"tags":[]},{"ancestorTitles":["config pure functions","escapeHtml"],"fullName":"config pure functions escapeHtml passes through safe strings unchanged","status":"passed","title":"passes through safe strings unchanged","duration":0.10320000000001528,"failureMessages":[],"meta":{},"tags":[]},{"ancestorTitles":["config pure functions","escapeHtml"],"fullName":"config pure functions escapeHtml handles empty string","status":"passed","title":"handles empty string","duration":0.10210000000006403,"failureMessages":[],"meta":{},"tags":[]},{"ancestorTitles":["config pure functions","escapeHtml"],"fullName":"config pure functions escapeHtml escapes all special chars in one string","status":"passed","title":"escapes all special chars in one string","duration":0.10940000000027794,"failureMessages":[],"meta":{},"tags":[]},{"ancestorTitles":["config pure functions","normPath"],"fullName":"config pure functions normPath converts Windows backslashes to forward slashes","status":"passed","title":"converts Windows backslashes to forward slashes","duration":0.3206999999997606,"failureMessages":[],"meta":{},"tags":[]},{"ancestorTitles":["config pure functions","normPath"],"fullName":"config pure functions normPath strips trailing slash","status":"passed","title":"strips trailing slash","duration":0.21920000000000073,"failureMessages":[],"meta":{},"tags":[]},{"ancestorTitles":["config pure functions","normPath"],"fullName":"config pure functions normPath leaves Unix paths unchanged","status":"passed","title":"leaves Unix paths unchanged","duration":0.16019999999980428,"failureMessages":[],"meta":{},"tags":[]},{"ancestorTitles":["config pure functions","normPath"],"fullName":"config pure functions normPath handles empty string","status":"passed","title":"handles empty string","duration":0.11149999999997817,"failureMessages":[],"meta":{},"tags":[]},{"ancestorTitles":["computeLibraryRef"],"fullName":"computeLibraryRef returns relative path for main library file","status":"passed","title":"returns relative path for main library file","duration":0.6714999999999236,"failureMessages":[],"meta":{},"tags":[]},{"ancestorTitles":["computeLibraryRef"],"fullName":"computeLibraryRef returns null for path outside all libraries","status":"passed","title":"returns null for path outside all libraries","duration":0.18669999999974607,"failureMessages":[],"meta":{},"tags":[]},{"ancestorTitles":["computeLibraryRef"],"fullName":"computeLibraryRef returns null when libraryRoot is empty","status":"passed","title":"returns null when libraryRoot is empty","duration":0.11419999999998254,"failureMessages":[],"meta":{},"tags":[]},{"ancestorTitles":["resolveLibraryRef"],"fullName":"resolveLibraryRef returns null for empty ref","status":"passed","title":"returns null for empty ref","duration":0.18589999999994689,"failureMessages":[],"meta":{},"tags":[]},{"ancestorTitles":["resolveLibraryRef"],"fullName":"resolveLibraryRef rejects refs starting with \"/\"","status":"passed","title":"rejects refs starting with \"/\"","duration":1.265100000000075,"failureMessages":[],"meta":{},"tags":[]},{"ancestorTitles":["resolveLibraryRef"],"fullName":"resolveLibraryRef rejects refs containing \"..\"","status":"passed","title":"rejects refs containing \"..\"","duration":0.39110000000027867,"failureMessages":[],"meta":{},"tags":[]},{"ancestorTitles":["resolveLibraryRef"],"fullName":"resolveLibraryRef resolves main library ref","status":"passed","title":"resolves main library ref","duration":0.47129999999970096,"failureMessages":[],"meta":{},"tags":[]},{"ancestorTitles":["resolveLibraryRef"],"fullName":"resolveLibraryRef rejects external library refs (no longer supported)","status":"passed","title":"rejects external library refs (no longer supported)","duration":0.32349999999996726,"failureMessages":[],"meta":{},"tags":[]},{"ancestorTitles":["resolveLibraryRef"],"fullName":"resolveLibraryRef returns null for unknown external source","status":"passed","title":"returns null for unknown external source","duration":0.4137000000000626,"failureMessages":[],"meta":{},"tags":[]},{"ancestorTitles":["resolveLibraryRef"],"fullName":"resolveLibraryRef returns null when libraryRoot is empty","status":"passed","title":"returns null when libraryRoot is empty","duration":0.29739999999992506,"failureMessages":[],"meta":{},"tags":[]},{"ancestorTitles":["resolveLibraryRef"],"fullName":"resolveLibraryRef rejects main ref with path traversal","status":"passed","title":"rejects main ref with path traversal","duration":0.31719999999995707,"failureMessages":[],"meta":{},"tags":[]},{"ancestorTitles":["resolveLibraryRef"],"fullName":"resolveLibraryRef resolves main library ref with nested path","status":"passed","title":"resolves main library ref with nested path","duration":0.2039999999997235,"failureMessages":[],"meta":{},"tags":[]},{"ancestorTitles":["path helpers (getBaseName / getDirPath / isUnderRoot)"],"fullName":"path helpers (getBaseName / getDirPath / isUnderRoot) getBaseName extracts last segment across separators","status":"passed","title":"getBaseName extracts last segment across separators","duration":0.3550999999997657,"failureMessages":[],"meta":{},"tags":[]},{"ancestorTitles":["path helpers (getBaseName / getDirPath / isUnderRoot)"],"fullName":"path helpers (getBaseName / getDirPath / isUnderRoot) getDirPath extracts parent directory","status":"passed","title":"getDirPath extracts parent directory","duration":0.23420000000032815,"failureMessages":[],"meta":{},"tags":[]},{"ancestorTitles":["path helpers (getBaseName / getDirPath / isUnderRoot)"],"fullName":"path helpers (getBaseName / getDirPath / isUnderRoot) isUnderRoot rejects \"..\" traversal segments","status":"passed","title":"isUnderRoot rejects \"..\" traversal segments","duration":0.24710000000004584,"failureMessages":[],"meta":{},"tags":[]},{"ancestorTitles":["recentMotions"],"fullName":"recentMotions addRecentMotion adds to list","status":"passed","title":"addRecentMotion adds to list","duration":0.3910000000000764,"failureMessages":[],"meta":{},"tags":[]},{"ancestorTitles":["recentMotions"],"fullName":"recentMotions addRecentMotion deduplicates by path","status":"passed","title":"addRecentMotion deduplicates by path","duration":0.1875,"failureMessages":[],"meta":{},"tags":[]},{"ancestorTitles":["recentMotions"],"fullName":"recentMotions addRecentMotion caps at 10 entries","status":"passed","title":"addRecentMotion caps at 10 entries","duration":0.25030000000015207,"failureMessages":[],"meta":{},"tags":[]},{"ancestorTitles":["recentMotions"],"fullName":"recentMotions getRecentMotions returns an array","status":"passed","title":"getRecentMotions returns an array","duration":0.11549999999988358,"failureMessages":[],"meta":{},"tags":[]},{"ancestorTitles":["toggleExpandedFolder"],"fullName":"toggleExpandedFolder toggles folder path in expanded set","status":"passed","title":"toggles folder path in expanded set","duration":0.21250000000009095,"failureMessages":[],"meta":{},"tags":[]}],"startTime":1784976596014,"endTime":1784976596033.2124,"status":"passed","message":"","name":"C:/Users/zhujieling11/MikuMikuAR/frontend/src/__tests__/config.test.ts"},{"assertionResults":[{"ancestorTitles":["showConfirm"],"fullName":"showConfirm creates overlay with correct structure and default labels","status":"passed","title":"creates overlay with correct structure and default labels","duration":27.548299999999927,"failureMessages":[],"meta":{},"tags":[]},{"ancestorTitles":["showConfirm"],"fullName":"showConfirm confirm button resolves with true","status":"passed","title":"confirm button resolves with true","duration":3.5109999999999673,"failureMessages":[],"meta":{},"tags":[]},{"ancestorTitles":["showConfirm"],"fullName":"showConfirm cancel button resolves with false","status":"passed","title":"cancel button resolves with false","duration":2.3861000000001695,"failureMessages":[],"meta":{},"tags":[]},{"ancestorTitles":["showConfirm"],"fullName":"showConfirm pressing Escape resolves with false","status":"passed","title":"pressing Escape resolves with false","duration":1.955699999999979,"failureMessages":[],"meta":{},"tags":[]},{"ancestorTitles":["showConfirm"],"fullName":"showConfirm custom labels are applied correctly","status":"passed","title":"custom labels are applied correctly","duration":2.0416000000000167,"failureMessages":[],"meta":{},"tags":[]},{"ancestorTitles":["showConfirm"],"fullName":"showConfirm backdrop click resolves with false","status":"passed","title":"backdrop click resolves with false","duration":1.3530000000000655,"failureMessages":[],"meta":{},"tags":[]},{"ancestorTitles":["showPrompt"],"fullName":"showPrompt creates overlay with input field visible","status":"passed","title":"creates overlay with input field visible","duration":2.384700000000066,"failureMessages":[],"meta":{},"tags":[]},{"ancestorTitles":["showPrompt"],"fullName":"showPrompt pressing Enter resolves with input value","status":"passed","title":"pressing Enter resolves with input value","duration":1.2984999999998763,"failureMessages":[],"meta":{},"tags":[]},{"ancestorTitles":["showPrompt"],"fullName":"showPrompt pressing Escape resolves with null","status":"passed","title":"pressing Escape resolves with null","duration":7.7520999999997,"failureMessages":[],"meta":{},"tags":[]},{"ancestorTitles":["showPrompt"],"fullName":"showPrompt cancel button resolves with null","status":"passed","title":"cancel button resolves with null","duration":1.7598000000002685,"failureMessages":[],"meta":{},"tags":[]},{"ancestorTitles":["showPrompt"],"fullName":"showPrompt default value and placeholder are set correctly","status":"passed","title":"default value and placeholder are set correctly","duration":1.3701000000000931,"failureMessages":[],"meta":{},"tags":[]}],"startTime":1784976590538,"endTime":1784976590592.37,"status":"passed","message":"","name":"C:/Users/zhujieling11/MikuMikuAR/frontend/src/__tests__/dialog.test.ts"},{"assertionResults":[{"ancestorTitles":["ADR-101 P2: addDisposableListener"],"fullName":"ADR-101 P2: addDisposableListener receives events after attach","status":"passed","title":"receives events after attach","duration":5.121200000000044,"failureMessages":[],"meta":{},"tags":[]},{"ancestorTitles":["ADR-101 P2: addDisposableListener"],"fullName":"ADR-101 P2: addDisposableListener stops receiving events after dispose","status":"passed","title":"stops receiving events after dispose","duration":1.3494000000000597,"failureMessages":[],"meta":{},"tags":[]},{"ancestorTitles":["ADR-101 P2: addDisposableListener"],"fullName":"ADR-101 P2: addDisposableListener dispose is idempotent","status":"passed","title":"dispose is idempotent","duration":0.6161000000001877,"failureMessages":[],"meta":{},"tags":[]},{"ancestorTitles":["ADR-101 P2: addDisposableListener"],"fullName":"ADR-101 P2: addDisposableListener passes options through to addEventListener","status":"passed","title":"passes options through to addEventListener","duration":3.5615000000000236,"failureMessages":[],"meta":{},"tags":[]},{"ancestorTitles":["ADR-101 P2: addDisposableListener"],"fullName":"ADR-101 P2: addDisposableListener returns Disposable compatible with interface","status":"passed","title":"returns Disposable compatible with interface","duration":0.9677000000001499,"failureMessages":[],"meta":{},"tags":[]},{"ancestorTitles":["ADR-101 P2: addDisposableListener"],"fullName":"ADR-101 P2: addDisposableListener supports multiple independent listeners on same element","status":"passed","title":"supports multiple independent listeners on same element","duration":1.2540000000001328,"failureMessages":[],"meta":{},"tags":[]}],"startTime":1784976597820,"endTime":1784976597833.254,"status":"passed","message":"","name":"C:/Users/zhujieling11/MikuMikuAR/frontend/src/__tests__/dom.test.ts"},{"assertionResults":[{"ancestorTitles":["Gravity"],"fullName":"Gravity default gravity strength is 1.0","status":"passed","title":"default gravity strength is 1.0","duration":3.546899999999823,"failureMessages":[],"meta":{},"tags":[]},{"ancestorTitles":["Gravity"],"fullName":"Gravity setGravityStrength/getGravityStrength roundtrip","status":"passed","title":"setGravityStrength/getGravityStrength roundtrip","duration":0.6757000000002336,"failureMessages":[],"meta":{},"tags":[]},{"ancestorTitles":["Gravity"],"fullName":"Gravity clamps to [0, 2]","status":"passed","title":"clamps to [0, 2]","duration":0.7840000000001055,"failureMessages":[],"meta":{},"tags":[]},{"ancestorTitles":["Gravity"],"fullName":"Gravity roundtrips state correctly","status":"passed","title":"roundtrips state correctly","duration":0.434099999999944,"failureMessages":[],"meta":{},"tags":[]},{"ancestorTitles":["Gravity"],"fullName":"Gravity calls triggerAutoSave","status":"passed","title":"calls triggerAutoSave","duration":0.5686999999998079,"failureMessages":[],"meta":{},"tags":[]},{"ancestorTitles":["Sun Angle"],"fullName":"Sun Angle default is 45","status":"passed","title":"default is 45","duration":0.3621000000002823,"failureMessages":[],"meta":{},"tags":[]},{"ancestorTitles":["Sun Angle"],"fullName":"Sun Angle setEnvSunAngle/getEnvSunAngle roundtrip","status":"passed","title":"setEnvSunAngle/getEnvSunAngle roundtrip","duration":0.46840000000020154,"failureMessages":[],"meta":{},"tags":[]},{"ancestorTitles":["Sun Angle"],"fullName":"Sun Angle clamps to [-15, 90]","status":"passed","title":"clamps to [-15, 90]","duration":0.27850000000034925,"failureMessages":[],"meta":{},"tags":[]},{"ancestorTitles":["Sun Angle"],"fullName":"Sun Angle boundary values are accepted","status":"passed","title":"boundary values are accepted","duration":0.6449999999999818,"failureMessages":[],"meta":{},"tags":[]},{"ancestorTitles":["_applyEnvStateFacade (via setEnvState)"],"fullName":"_applyEnvStateFacade (via setEnvState) calls only the relevant subsystems for changed keys","status":"passed","title":"calls only the relevant subsystems for changed keys","duration":3.2109999999997854,"failureMessages":[],"meta":{},"tags":[]},{"ancestorTitles":["_applyEnvStateFacade (via setEnvState)"],"fullName":"_applyEnvStateFacade (via setEnvState) calls all subsystems when keys from all groups change","status":"passed","title":"calls all subsystems when keys from all groups change","duration":0.868199999999888,"failureMessages":[],"meta":{},"tags":[]},{"ancestorTitles":["_applyEnvStateFacade (via setEnvState)"],"fullName":"_applyEnvStateFacade (via setEnvState) creates water when waterEnabled is true","status":"passed","title":"creates water when waterEnabled is true","duration":0.608600000000024,"failureMessages":[],"meta":{},"tags":[]},{"ancestorTitles":["_applyEnvStateFacade (via setEnvState)"],"fullName":"_applyEnvStateFacade (via setEnvState) disposes water when waterEnabled is false","status":"passed","title":"disposes water when waterEnabled is false","duration":0.6769999999996799,"failureMessages":[],"meta":{},"tags":[]},{"ancestorTitles":["_applyEnvStateFacade (via setEnvState)"],"fullName":"_applyEnvStateFacade (via setEnvState) creates particles when enabled with valid type","status":"passed","title":"creates particles when enabled with valid type","duration":2.268500000000131,"failureMessages":[],"meta":{},"tags":[]},{"ancestorTitles":["_applyEnvStateFacade (via setEnvState)"],"fullName":"_applyEnvStateFacade (via setEnvState) disposes particles when particleType is none","status":"passed","title":"disposes particles when particleType is none","duration":0.5905000000002474,"failureMessages":[],"meta":{},"tags":[]},{"ancestorTitles":["_applyEnvStateFacade (via setEnvState)"],"fullName":"_applyEnvStateFacade (via setEnvState) creates clouds when cloudsEnabled is true","status":"passed","title":"creates clouds when cloudsEnabled is true","duration":0.6581999999998516,"failureMessages":[],"meta":{},"tags":[]},{"ancestorTitles":["_applyEnvStateFacade (via setEnvState)"],"fullName":"_applyEnvStateFacade (via setEnvState) disposes clouds when cloudsEnabled is false","status":"passed","title":"disposes clouds when cloudsEnabled is false","duration":0.5217000000002372,"failureMessages":[],"meta":{},"tags":[]},{"ancestorTitles":["_applyEnvStateFacade (via setEnvState)"],"fullName":"_applyEnvStateFacade (via setEnvState) updates hemiLight intensity from getLightState()","status":"passed","title":"updates hemiLight intensity from getLightState()","duration":1.135200000000168,"failureMessages":[],"meta":{},"tags":[]},{"ancestorTitles":["_applyEnvStateFacade (via setEnvState)"],"fullName":"_applyEnvStateFacade (via setEnvState) sets hemiLight.diffuse from skyColorMid when present","status":"passed","title":"sets hemiLight.diffuse from skyColorMid when present","duration":0.6666999999997643,"failureMessages":[],"meta":{},"tags":[]},{"ancestorTitles":["_applyEnvStateFacade (via setEnvState)"],"fullName":"_applyEnvStateFacade (via setEnvState) computes hemiLight.diffuse as average of top/bot when skyColorMid absent","status":"passed","title":"computes hemiLight.diffuse as average of top/bot when skyColorMid absent","duration":0.6577000000002045,"failureMessages":[],"meta":{},"tags":[]},{"ancestorTitles":["_applyEnvStateFacade (via setEnvState)"],"fullName":"_applyEnvStateFacade (via setEnvState) sets hemiLight.groundColor from skyColorBot","status":"passed","title":"sets hemiLight.groundColor from skyColorBot","duration":0.4501000000000204,"failureMessages":[],"meta":{},"tags":[]},{"ancestorTitles":["_applyEnvStateFacade (via setEnvState)"],"fullName":"_applyEnvStateFacade (via setEnvState) sets scene.ambientColor based on envIntensity (capped at 0.5)","status":"passed","title":"sets scene.ambientColor based on envIntensity (capped at 0.5)","duration":0.5500000000001819,"failureMessages":[],"meta":{},"tags":[]},{"ancestorTitles":["applyEnvPreset"],"fullName":"applyEnvPreset returns true for a valid preset name","status":"passed","title":"returns true for a valid preset name","duration":0.6675999999997657,"failureMessages":[],"meta":{},"tags":[]},{"ancestorTitles":["applyEnvPreset"],"fullName":"applyEnvPreset returns false for an invalid preset name","status":"passed","title":"returns false for an invalid preset name","duration":0.32229999999981374,"failureMessages":[],"meta":{},"tags":[]},{"ancestorTitles":["applyEnvPreset"],"fullName":"applyEnvPreset returns false for empty preset name","status":"passed","title":"returns false for empty preset name","duration":0.20429999999987558,"failureMessages":[],"meta":{},"tags":[]},{"ancestorTitles":["applyEnvPreset"],"fullName":"applyEnvPreset calls setSkipLightAutoSave(true) at start","status":"passed","title":"calls setSkipLightAutoSave(true) at start","duration":0.32979999999997744,"failureMessages":[],"meta":{},"tags":[]},{"ancestorTitles":["applyEnvPresetObject"],"fullName":"applyEnvPresetObject sets envSunAngle from preset","status":"passed","title":"sets envSunAngle from preset","duration":3.3150000000000546,"failureMessages":[],"meta":{},"tags":[]},{"ancestorTitles":["applyEnvPresetObject"],"fullName":"applyEnvPresetObject returns true","status":"passed","title":"returns true","duration":1.048699999999826,"failureMessages":[],"meta":{},"tags":[]},{"ancestorTitles":["applyEnvPresetObject"],"fullName":"applyEnvPresetObject uses deriveLighting when dirDirection is not provided","status":"passed","title":"uses deriveLighting when dirDirection is not provided","duration":1.2960000000002765,"failureMessages":[],"meta":{},"tags":[]},{"ancestorTitles":["applyEnvPresetObject"],"fullName":"applyEnvPresetObject skips deriveLighting when dirDirection is provided","status":"passed","title":"skips deriveLighting when dirDirection is provided","duration":0.6889000000001033,"failureMessages":[],"meta":{},"tags":[]},{"ancestorTitles":["applyEnvPresetObject"],"fullName":"applyEnvPresetObject calls setSkipLightAutoSave(true) at start and (false) on completion","status":"passed","title":"calls setSkipLightAutoSave(true) at start and (false) on completion","duration":6.905299999999897,"failureMessages":[],"meta":{},"tags":[]},{"ancestorTitles":["applyEnvPresetObject"],"fullName":"applyEnvPresetObject calls setLightState during animation","status":"passed","title":"calls setLightState during animation","duration":1.0985000000000582,"failureMessages":[],"meta":{},"tags":[]},{"ancestorTitles":["setEnvState"],"fullName":"setEnvState merges partial state into envState","status":"passed","title":"merges partial state into envState","duration":1.4319000000000415,"failureMessages":[],"meta":{},"tags":[]},{"ancestorTitles":["setEnvState"],"fullName":"setEnvState calls _applyEnvStateFacade (applySky)","status":"passed","title":"calls _applyEnvStateFacade (applySky)","duration":0.43479999999999563,"failureMessages":[],"meta":{},"tags":[]},{"ancestorTitles":["setEnvState"],"fullName":"setEnvState does NOT call updateWaterAnimSpeed from setEnvState (handled by _syncWaterUniforms)","status":"passed","title":"does NOT call updateWaterAnimSpeed from setEnvState (handled by _syncWaterUniforms)","duration":0.39380000000028303,"failureMessages":[],"meta":{},"tags":[]},{"ancestorTitles":["setEnvState"],"fullName":"setEnvState does NOT call updateWaterAnimSpeed when waterAnimSpeed is undefined","status":"passed","title":"does NOT call updateWaterAnimSpeed when waterAnimSpeed is undefined","duration":0.33009999999967476,"failureMessages":[],"meta":{},"tags":[]},{"ancestorTitles":["setEnvState"],"fullName":"setEnvState calls applyLightingPresetFromEnv when lightingPresetName provided","status":"passed","title":"calls applyLightingPresetFromEnv when lightingPresetName provided","duration":0.5378000000000611,"failureMessages":[],"meta":{},"tags":[]},{"ancestorTitles":["setEnvState"],"fullName":"setEnvState does NOT call applyLightingPresetFromEnv when lightingPresetName is undefined","status":"passed","title":"does NOT call applyLightingPresetFromEnv when lightingPresetName is undefined","duration":2.6422999999999774,"failureMessages":[],"meta":{},"tags":[]},{"ancestorTitles":["setEnvState"],"fullName":"setEnvState sets a persistent timer (calls setTimeout)","status":"passed","title":"sets a persistent timer (calls setTimeout)","duration":1.790599999999813,"failureMessages":[],"meta":{},"tags":[]},{"ancestorTitles":["setEnvState"],"fullName":"setEnvState debounces persistent timer (calls clearTimeout on consecutive calls)","status":"passed","title":"debounces persistent timer (calls clearTimeout on consecutive calls)","duration":0.7462000000000444,"failureMessages":[],"meta":{},"tags":[]},{"ancestorTitles":["setEnvState"],"fullName":"setEnvState fires SetEnvState via timer callback","status":"passed","title":"fires SetEnvState via timer callback","duration":1.4708999999998014,"failureMessages":[],"meta":{},"tags":[]},{"ancestorTitles":["setEnvState"],"fullName":"setEnvState calls triggerAutoSave by default","status":"passed","title":"calls triggerAutoSave by default","duration":0.5295000000000982,"failureMessages":[],"meta":{},"tags":[]},{"ancestorTitles":["setEnvState"],"fullName":"setEnvState skips triggerAutoSave when skipAutoSave=true","status":"passed","title":"skips triggerAutoSave when skipAutoSave=true","duration":0.5347000000001572,"failureMessages":[],"meta":{},"tags":[]},{"ancestorTitles":["setEnvState"],"fullName":"setEnvState still sets persistent timer when skipAutoSave=true","status":"passed","title":"still sets persistent timer when skipAutoSave=true","duration":0.7771999999999935,"failureMessages":[],"meta":{},"tags":[]},{"ancestorTitles":["setEnvState"],"fullName":"setEnvState clears previous timer when setting new one (debounce)","status":"passed","title":"clears previous timer when setting new one (debounce)","duration":0.6123999999999796,"failureMessages":[],"meta":{},"tags":[]},{"ancestorTitles":["Time of Day","startTimeOfDay"],"fullName":"Time of Day startTimeOfDay starts time-of-day and sets active flag","status":"passed","title":"starts time-of-day and sets active flag","duration":0.9933000000000902,"failureMessages":[],"meta":{},"tags":[]},{"ancestorTitles":["Time of Day","startTimeOfDay"],"fullName":"Time of Day startTimeOfDay calls ensureEnvUpdateObserver","status":"passed","title":"calls ensureEnvUpdateObserver","duration":0.5223999999998341,"failureMessages":[],"meta":{},"tags":[]},{"ancestorTitles":["Time of Day","startTimeOfDay"],"fullName":"Time of Day startTimeOfDay registers tick callback via registerSceneTickCallback","status":"passed","title":"registers tick callback via registerSceneTickCallback","duration":0.6453000000001339,"failureMessages":[],"meta":{},"tags":[]},{"ancestorTitles":["Time of Day","startTimeOfDay"],"fullName":"Time of Day startTimeOfDay uses provided speed parameter","status":"passed","title":"uses provided speed parameter","duration":0.774199999999837,"failureMessages":[],"meta":{},"tags":[]},{"ancestorTitles":["Time of Day","startTimeOfDay"],"fullName":"Time of Day startTimeOfDay keeps existing speed when no parameter given","status":"passed","title":"keeps existing speed when no parameter given","duration":0.8647000000000844,"failureMessages":[],"meta":{},"tags":[]},{"ancestorTitles":["Tim
[...]
e":"claimBones 冲突：已被其他模块占用的骨骼被跳过并 warn","duration":1.6037000000001171,"failureMessages":[],"meta":{},"tags":[]},{"ancestorTitles":["ownedBones 冲突仲裁"],"fullName":"ownedBones 冲突仲裁 claimBones priority 抢占：高优先级模块可抢占低优先级模块的骨骼","status":"passed","title":"claimBones priority 抢占：高优先级模块可抢占低优先级模块的骨骼","duration":3.0100000000002183,"failureMessages":[],"meta":{},"tags":[]},{"ancestorTitles":["ownedBones 冲突仲裁"],"fullName":"ownedBones 冲突仲裁 getOwnedBones 返回当前 owned 集合","status":"passed","title":"getOwnedBones 返回当前 owned 集合","duration":0.43200000000024374,"failureMessages":[],"meta":{},"tags":[]},{"ancestorTitles":["ownedBones 冲突仲裁"],"fullName":"ownedBones 冲突仲裁 releaseOwnedBones 返回并释放骨骼集合","status":"passed","title":"releaseOwnedBones 返回并释放骨骼集合","duration":0.5100999999999658,"failureMessages":[],"meta":{},"tags":[]},{"ancestorTitles":["ownedBones 冲突仲裁"],"fullName":"ownedBones 冲突仲裁 [conflict-visibility] 落败模块记录被抢占骨骼","status":"passed","title":"[conflict-visibility] 落败模块记录被抢占骨骼","duration":1.4270000000001346,"failureMessages":[],"meta":{},"tags":[]},{"ancestorTitles":["ownedBones 冲突仲裁"],"fullName":"ownedBones 冲突仲裁 [conflict-visibility] 抢占方无冲突记录，落败方记录被谁抢占","status":"passed","title":"[conflict-visibility] 抢占方无冲突记录，落败方记录被谁抢占","duration":0.8748000000000502,"failureMessages":[],"meta":{},"tags":[]},{"ancestorTitles":["disable 精确清除（P2-1）"],"fullName":"disable 精确清除（P2-1） disable 仅清 ownedBones，不误伤手动覆盖","status":"passed","title":"disable 仅清 ownedBones，不误伤手动覆盖","duration":1.179200000000037,"failureMessages":[],"meta":{},"tags":[]},{"ancestorTitles":["setTargetModel 作用域切换"],"fullName":"setTargetModel 作用域切换 切换到新模型时禁用旧模型 enabled 模块","status":"passed","title":"切换到新模型时禁用旧模型 enabled 模块","duration":2.948399999999765,"failureMessages":[],"meta":{},"tags":[]},{"ancestorTitles":["setTargetModel 作用域切换"],"fullName":"setTargetModel 作用域切换 场景级配置在模型切换时保持不变","status":"passed","title":"场景级配置在模型切换时保持不变","duration":0.5039000000001579,"failureMessages":[],"meta":{},"tags":[]},{"ancestorTitles":["clearAllModulesForModel"],"fullName":"clearAllModulesForModel 清除所有 ownedBones","status":"passed","title":"清除所有 ownedBones","duration":0.4355000000000473,"failureMessages":[],"meta":{},"tags":[]},{"ancestorTitles":["applyModuleSnapshot"],"fullName":"applyModuleSnapshot 非空快照：启用模块并写入 params","status":"passed","title":"非空快照：启用模块并写入 params","duration":0.6790999999998348,"failureMessages":[],"meta":{},"tags":[]},{"ancestorTitles":["applyModuleSnapshot"],"fullName":"applyModuleSnapshot 空快照：禁用所有已启用模块","status":"passed","title":"空快照：禁用所有已启用模块","duration":0.4902999999999338,"failureMessages":[],"meta":{},"tags":[]},{"ancestorTitles":["applyModuleSnapshot"],"fullName":"applyModuleSnapshot 快照中不存在的模块会被禁用（严格模式）","status":"passed","title":"快照中不存在的模块会被禁用（严格模式）","duration":0.516399999999976,"failureMessages":[],"meta":{},"tags":[]},{"ancestorTitles":["setParam → pushHistory 集成"],"fullName":"setParam → pushHistory 集成 setParam 调用 pushHistory 记录变更","status":"passed","title":"setParam 调用 pushHistory 记录变更","duration":0.8414999999999964,"failureMessages":[],"meta":{},"tags":[]},{"ancestorTitles":["setParam → pushHistory 集成"],"fullName":"setParam → pushHistory 集成 setParam 值未变化时不记录","status":"passed","title":"setParam 值未变化时不记录","duration":0.3499000000001615,"failureMessages":[],"meta":{},"tags":[]}],"startTime":1784976593035,"endTime":1784976593068.3499,"status":"passed","message":"","name":"C:/Users/zhujieling11/MikuMikuAR/frontend/src/__tests__/scene/motion-modules-registry.test.ts"},{"assertionResults":[{"ancestorTitles":["riding-model 自动踏板"],"fullName":"riding-model 自动踏板 autoPedal=true 时注册钩子；quarter 周期左足 +20 / 右足 -20","status":"passed","title":"autoPedal=true 时注册钩子；quarter 周期左足 +20 / 右足 -20","duration":9.604699999999866,"failureMessages":[],"meta":{},"tags":[]},{"ancestorTitles":["riding-model 自动踏板"],"fullName":"riding-model 自动踏板 autoPedal=false（默认）时不注册钩子，足部走静态 pedalAngle","status":"passed","title":"autoPedal=false（默认）时不注册钩子，足部走静态 pedalAngle","duration":2.2840000000001055,"failureMessages":[],"meta":{},"tags":[]}],"startTime":1784976599404,"endTime":1784976599416.284,"status":"passed","message":"","name":"C:/Users/zhujieling11/MikuMikuAR/frontend/src/__tests__/scene/motion-modules-timed.test.ts"},{"assertionResults":[{"ancestorTitles":["MotionPipeline (ADR-147 Phase 1)"],"fullName":"MotionPipeline (ADR-147 Phase 1) getOrderedLayers 严格按 (stage, order) 升序","status":"passed","title":"getOrderedLayers 严格按 (stage, order) 升序","duration":4.7099000000000615,"failureMessages":[],"meta":{},"tags":[]},{"ancestorTitles":["MotionPipeline (ADR-147 Phase 1)"],"fullName":"MotionPipeline (ADR-147 Phase 1) 同 stage 内 order 升序、不影响跨 stage","status":"passed","title":"同 stage 内 order 升序、不影响跨 stage","duration":0.7338999999999487,"failureMessages":[],"meta":{},"tags":[]},{"ancestorTitles":["MotionPipeline (ADR-147 Phase 1)"],"fullName":"MotionPipeline (ADR-147 Phase 1) register 返回 unregister，移除后不再执行","status":"passed","title":"register 返回 unregister，移除后不再执行","duration":0.990099999999984,"failureMessages":[],"meta":{},"tags":[]},{"ancestorTitles":["MotionPipeline (ADR-147 Phase 1)"],"fullName":"MotionPipeline (ADR-147 Phase 1) runFrame 按 getOrderedLayers 序调用 run","status":"passed","title":"runFrame 按 getOrderedLayers 序调用 run","duration":0.9257000000000062,"failureMessages":[],"meta":{},"tags":[]},{"ancestorTitles":["MotionPipeline (ADR-147 Phase 1)"],"fullName":"MotionPipeline (ADR-147 Phase 1) 单 layer 抛错不中断后续层（异常隔离，ADR-147 审核 P3）","status":"passed","title":"单 layer 抛错不中断后续层（异常隔离，ADR-147 审核 P3）","duration":3.108399999999847,"failureMessages":[],"meta":{},"tags":[]}],"startTime":1784976598447,"endTime":1784976598457.1084,"status":"passed","message":"","name":"C:/Users/zhujieling11/MikuMikuAR/frontend/src/__tests__/scene/motion-pipeline.test.ts"},{"assertionResults":[{"ancestorTitles":["ADR-130 Phase 2.3: 性能降级 ↔ 反射质量联动"],"fullName":"ADR-130 Phase 2.3: 性能降级 ↔ 反射质量联动 performance-env-bridge 导出函数","status":"passed","title":"performance-env-bridge 导出函数","duration":74.28549999999996,"failureMessages":[],"meta":{},"tags":[]},{"ancestorTitles":["ADR-130 Phase 2.3: 性能降级 ↔ 反射质量联动"],"fullName":"ADR-130 Phase 2.3: 性能降级 ↔ 反射质量联动 quality-profile 导出函数和正确的映射","status":"passed","title":"quality-profile 导出函数和正确的映射","duration":108.12260000000015,"failureMessages":[],"meta":{},"tags":[]},{"ancestorTitles":["ADR-130 Phase 2.3: 性能降级 ↔ 反射质量联动"],"fullName":"ADR-130 Phase 2.3: 性能降级 ↔ 反射质量联动 setAutoDegradingReflection / isAutoDegradingReflection 工作正常","status":"passed","title":"setAutoDegradingReflection / isAutoDegradingReflection 工作正常","duration":0.3971999999998843,"failureMessages":[],"meta":{},"tags":[]},{"ancestorTitles":["ADR-130 Phase 2.3: 性能降级 ↔ 反射质量联动"],"fullName":"ADR-130 Phase 2.3: 性能降级 ↔ 反射质量联动 registerSetEnvState / setEnvStateForPerformance 延迟绑定工作正常","status":"passed","title":"registerSetEnvState / setEnvStateForPerformance 延迟绑定工作正常","duration":2.2228000000000065,"failureMessages":[],"meta":{},"tags":[]},{"ancestorTitles":["ADR-130 Phase 2.3: 性能降级 ↔ 反射质量联动"],"fullName":"ADR-130 Phase 2.3: 性能降级 ↔ 反射质量联动 inferQualityProfile 从各域反推档位","status":"passed","title":"inferQualityProfile 从各域反推档位","duration":0.5477000000000771,"failureMessages":[],"meta":{},"tags":[]},{"ancestorTitles":["ADR-174: 质量维度注册表"],"fullName":"ADR-174: 质量维度注册表 resolveQualityProfile 三档映射与 schema default 对齐","status":"passed","title":"resolveQualityProfile 三档映射与 schema default 对齐","duration":0.5565999999998894,"failureMessages":[],"meta":{},"tags":[]},{"ancestorTitles":["ADR-174: 质量维度注册表"],"fullName":"ADR-174: 质量维度注册表 inferQualityProfile 三档正向匹配 + fallback","status":"passed","title":"inferQualityProfile 三档正向匹配 + fallback","duration":0.3524999999999636,"failureMessages":[],"meta":{},"tags":[]},{"ancestorTitles":["ADR-174: 质量维度注册表"],"fullName":"ADR-174: 质量维度注册表 QualityProfileSettings 字段集合与注册表维度一致","status":"passed","title":"QualityProfileSettings 字段集合与注册表维度一致","duration":0.27129999999988286,"failureMessages":[],"meta":{},"tags":[]}],"startTime":1784976586665,"endTime":1784976586852.3525,"status":"passed","message":"","name":"C:/Users/zhujieling11/MikuMikuAR/frontend/src/__tests__/scene/performance-reflection.test.ts"},{"assertionResults":[{"ancestorTitles":["ADR-118 Phase 1: 刷新率相对阈值"],"fullName":"ADR-118 Phase 1: 刷新率相对阈值 60Hz — RSCALE=1，FPS<28 触发 L1 降级（零回归）","status":"passed","title":"60Hz — RSCALE=1，FPS<28 触发 L1 降级（零回归）","duration":1673.5023,"failureMessages":[],"meta":{},"tags":[]},{"ancestorTitles":["ADR-118 Phase 1: 刷新率相对阈值"],"fullName":"ADR-118 Phase 1: 刷新率相对阈值 60Hz — FPS=45 不触发降级（对照组）","status":"passed","title":"60Hz — FPS=45 不触发降级（对照组）","duration":2.9277000000001863,"failureMessages":[],"meta":{},"tags":[]},{"ancestorTitles":["ADR-118 Phase 1: 刷新率相对阈值"],"fullName":"ADR-118 Phase 1: 刷新率相对阈值 60Hz — L1 降级后 FPS≥32 恢复到 L0","status":"passed","title":"60Hz — L1 降级后 FPS≥32 恢复到 L0","duration":2.738800000000083,"failureMessages":[],"meta":{},"tags":[]},{"ancestorTitles":["ADR-118 Phase 1: 刷新率相对阈值"],"fullName":"ADR-118 Phase 1: 刷新率相对阈值 120Hz — 阈值翻倍，FPS=45 触发 L1（60Hz 下 45 不会触发）","status":"passed","title":"120Hz — 阈值翻倍，FPS=45 触发 L1（60Hz 下 45 不会触发）","duration":2.6174999999998363,"failureMessages":[],"meta":{},"tags":[]},{"ancestorTitles":["ADR-118 健壮性边界"],"fullName":"ADR-118 健壮性边界 refreshRate=1000 → 钳位 240，FPS=100 触发 L1","status":"passed","title":"refreshRate=1000 → 钳位 240，FPS=100 触发 L1","duration":2.2598000000002685,"failureMessages":[],"meta":{},"tags":[]},{"ancestorTitles":["ADR-118 健壮性边界"],"fullName":"ADR-118 健壮性边界 refreshRate=undefined → 回落 60Hz，FPS=25 触发 L1","status":"passed","title":"refreshRate=undefined → 回落 60Hz，FPS=25 触发 L1","duration":1.7116000000000895,"failureMessages":[],"meta":{},"tags":[]},{"ancestorTitles":["ADR-118 健壮性边界"],"fullName":"ADR-118 健壮性边界 refreshRate=0 → 回落 60Hz（非正数视为无效）","status":"passed","title":"refreshRate=0 → 回落 60Hz（非正数视为无效）","duration":1.5280000000002474,"failureMessages":[],"meta":{},"tags":[]},{"ancestorTitles":["ADR-118 Phase 2: recalcPerformanceReference"],"fullName":"ADR-118 Phase 2: recalcPerformanceReference 运行时刷新率上升时，recalc 更新硬件基准并收紧降级触发","status":"passed","title":"运行时刷新率上升时，recalc 更新硬件基准并收紧降级触发","duration":1.569999999999709,"failureMessages":[],"meta":{},"tags":[]}],"startTime":1784976586337,"endTime":1784976588026.57,"status":"passed","message":"","name":"C:/Users/zhujieling11/MikuMikuAR/frontend/src/__tests__/scene/performance-refresh-rate.test.ts"},{"assertionResults":[{"ancestorTitles":["性能快照恢复（_restoreSnapshot 收口路径）"],"fullName":"性能快照恢复（_restoreSnapshot 收口路径） 降级建立快照后，恢复用原始 light/render 值回写并归零 level","status":"passed","title":"降级建立快照后，恢复用原始 light/render 值回写并归零 level","duration":8.76929999999993,"failureMessages":[],"meta":{},"tags":[]},{"ancestorTitles":["性能快照恢复（_restoreSnapshot 收口路径）"],"fullName":"性能快照恢复（_restoreSnapshot 收口路径） 恢复时环境快照非空 → 桥接 setEnvStateForPerformance 且成对切换降级标志","status":"passed","title":"恢复时环境快照非空 → 桥接 setEnvStateForPerformance 且成对切换降级标志","duration":2.0878000000000156,"failureMessages":[],"meta":{},"tags":[]},{"ancestorTitles":["性能快照恢复（_restoreSnapshot 收口路径）"],"fullName":"性能快照恢复（_restoreSnapshot 收口路径） 回写 light 时抑制标志为 true（防反馈循环）","status":"passed","title":"回写 light 时抑制标志为 true（防反馈循环）","duration":1.4574999999999818,"failureMessages":[],"meta":{},"tags":[]},{"ancestorTitles":["性能快照恢复（_restoreSnapshot 收口路径）"],"fullName":"性能快照恢复（_restoreSnapshot 收口路径） 无快照时 resetPerformanceSnapshot 为 no-op（不误触发回写）","status":"passed","title":"无快照时 resetPerformanceSnapshot 为 no-op（不误触发回写）","duration":0.8623000000000047,"failureMessages":[],"meta":{},"tags":[]}],"startTime":1784976598121,"endTime":1784976598134.8623,"status":"passed","message":"","name":"C:/Users/zhujieling11/MikuMikuAR/frontend/src/__tests__/scene/performance-snapshot.test.ts"},{"assertionResults":[{"ancestorTitles":["PlanarReflection — 互斥协调"],"fullName":"PlanarReflection — 互斥协调 创建后 isEnabled 为 true","status":"passed","title":"创建后 isEnabled 为 true","duration":46.08970000000045,"failureMessages":[],"meta":{},"tags":[]},{"ancestorTitles":["PlanarReflection — 互斥协调"],"fullName":"PlanarReflection — 互斥协调 shouldEnable=false 时 disable，isEnabled 为 false","status":"passed","title":"shouldEnable=false 时 disable，isEnabled 为 false","duration":3.5045000000009168,"failureMessages":[],"meta":{},"tags":[]},{"ancestorTitles":["PlanarReflection — 互斥协调"],"fullName":"PlanarReflection — 互斥协调 quality=off 时 disable","status":"passed","title":"quality=off 时 disable","duration":2.032100000000355,"failureMessages":[],"meta":{},"tags":[]},{"ancestorTitles":["PlanarReflection — 互斥协调"],"fullName":"PlanarReflection — 互斥协调 两 surface 同时 shouldEnable=true 时仅一面活跃（互斥）","status":"passed","title":"两 surface 同时 shouldEnable=true 时仅一面活跃（互斥）","duration":4.3069999999988795,"failureMessages":[],"meta":{},"tags":[]},{"ancestorTitles":["PlanarReflection — 互斥协调"],"fullName":"PlanarReflection — 互斥协调 停用活跃面后另一面恢复（可恢复互斥）","status":"passed","title":"停用活跃面后另一面恢复（可恢复互斥）","duration":8.013499999999112,"failureMessages":[],"meta":{},"tags":[]},{"ancestorTitles":["PlanarReflection — 互斥协调"],"fullName":"PlanarReflection — 互斥协调 setBlend 被 update 调用时传递正确的 blend 值","status":"passed","title":"setBlend 被 update 调用时传递正确的 blend 值","duration":3.9406999999991967,"failureMessages":[],"meta":{},"tags":[]},{"ancestorTitles":["PlanarReflection — 互斥协调"],"fullName":"PlanarReflection — 互斥协调 blend 变化时 setBlend 收到新值","status":"passed","title":"blend 变化时 setBlend 收到新值","duration":3.730199999999968,"failureMessages":[],"meta":{},"tags":[]},{"ancestorTitles":["PlanarReflection — 互斥协调"],"fullName":"PlanarReflection — 互斥协调 setBlend 写入 reflectionTexture.level","status":"passed","title":"setBlend 写入 reflectionTexture.level","duration":2.879399999999805,"failureMessages":[],"meta":{},"tags":[]},{"ancestorTitles":["PlanarReflection — 互斥协调"],"fullName":"PlanarReflection — 互斥协调 dispose 后 isEnabled 为 false","status":"passed","title":"dispose 后 isEnabled 为 false","duration":4.77599999999984,"failureMessages":[],"meta":{},"tags":[]}],"startTime":1784976595990,"endTime":1784976596069.776,"status":"passed","message":"","name":"C:/Users/zhujieling11/MikuMikuAR/frontend/src/__tests__/scene/planar-reflection.test.ts"},{"assertionResults":[{"ancestorTitles":["captureInheritedState"],"fullName":"captureInheritedState 提取全部可继承字段","status":"passed","title":"提取全部可继承字段","duration":5.56659999999988,"failureMessages":[],"meta":{},"tags":[]},{"ancestorTitles":["captureInheritedState"],"fullName":"captureInheritedState motionSlots 为 undefined 时 sceneMotionId 为 undefined","status":"passed","title":"motionSlots 为 undefined 时 sceneMotionId 为 undefined","duration":0.5218999999999596,"failureMessages":[],"meta":{},"tags":[]},{"ancestorTitles":["captureInheritedState"],"fullName":"captureInheritedState boneOverrides 为空数组时正常返回空数组","status":"passed","title":"boneOverrides 为空数组时正常返回空数组","duration":0.34169999999994616,"failureMessages":[],"meta":{},"tags":[]},{"ancestorTitles":["captureInheritedState"],"fullName":"captureInheritedState 快照中的数组/对象是深拷贝，不引用原 inst","status":"passed","title":"快照中的数组/对象是深拷贝，不引用原 inst","duration":0.31389999999987594,"failureMessages":[],"meta":{},"tags":[]},{"ancestorTitles":["applyInheritedState"],"fullName":"applyInheritedState 调用 modelManager setter 应用基础状态","status":"passed","title":"调用 modelManager setter 应用基础状态","duration":3.1322000000000116,"failureMessages":[],"meta":{},"tags":[]},{"ancestorTitles":["applyInheritedState"],"fullName":"applyInheritedState positionMode=orbit 时调用 setOrbit 而非 setPosition","status":"passed","title":"positionMode=orbit 时调用 setOrbit 而非 setPosition","duration":0.809400000000096,"failureMessages":[],"meta":{},"tags":[]},{"ancestorTitles":["applyInheritedState"],"fullName":"applyInheritedState boneOverrides 仅对新模型存在的骨骼调用 setBoneOverride","status":"passed","title":"boneOverrides 仅对新模型存在的骨骼调用 setBoneOverride","duration":0.8065999999998894,"failureMessages":[],"meta":{},"tags":[]},{"ancestorTitles":["applyInheritedState"],"fullName":"applyInheritedState boneLockBoneName 在新模型存在时调用 setOrbitBoneLock(true)","status":"passed","title":"boneLockBoneName 在新模型存在时调用 setOrbitBoneLock(true)","duration":0.42859999999996035,"failureMessages":[],"meta":{},"tags":[]},{"ancestorTitles":["applyInheritedState"],"fullName":"applyInheritedState boneLockBoneName 在新模型不存在时不调用 setOrbitBoneLock(true)","status":"passed","title":"boneLockBoneName 在新模型不存在时不调用 setOrbitBoneLock(true)","duration":3.29970000000003,"failureMessages":[],"meta":{},"tags":[]},{"ancestorTitles":["applyInheritedState"],"fullName":"applyInheritedState sceneMotionId 赋值到新模型 motionSlots","status":"passed","title":"sceneMotionId 赋值到新模型 motionSlots","duration":0.6775000000000091,"failureMessages":[],"meta":{},"tags":[]},{"ancestorTitles":["applyInheritedState"],"fullName":"applyInheritedState feet 状态深拷贝到新模型","status":"passed","title":"feet 状态深拷贝到新模型","duration":0.5542000000000371,"failureMessages":[],"meta":{},"tags":[]}],"startTime":1784976596563,"endTime":1784976596580.6775,"status":"passed","message":"","name":"C:/Users/zhujieling11/MikuMikuAR/frontend/src/__tests__/scene/replace-model-inherit.test.ts"},{"assertionResults":[{"ancestorTitles":["offerSceneUndo — 守卫与 toast 接线"],"fullName":"offerSceneUndo — 守卫与 toast 接线 snap 为 null 时不弹 toast（无快照可撤销）","status":"passed","title":"snap 为 null 时不弹 toast（无快照可撤销）","duration":3.413499999999658,"failureMessages":[],"meta":{},"tags":[]},{"ancestorTitles":["offerSceneUndo — 守卫与 toast 接线"],"fullName":"offerSceneUndo — 守卫与 toast 接线 snap 有效时弹出带「撤销」动作的 info toast（8s）","status":"passed","title":"snap 有效时弹出带「撤销」动作的 info toast（8s）","duration":2.3233000000000175,"failureMessages":[],"meta":{},"tags":[]},{"ancestorTitles":["offerSceneUndo — 守卫与 toast 接线"],"fullName":"offerSceneUndo — 守卫与 toast 接线 点击撤销但快照版本不受支持时，恢复失败 → onRestored 不触发","status":"passed","title":"点击撤销但快照版本不受支持时，恢复失败 → onRestored 不触发","duration":1.4153999999998632,"failureMessages":[],"meta":{},"tags":[]},{"ancestorTitles":["offerSceneUndoAndRefresh — 去重辅助（P3）"],"fullName":"offerSceneUndoAndRefresh — 去重辅助（P3） snap 为 null 时既不弹 toast 也不执行 reRender","status":"passed","title":"snap 为 null 时既不弹 toast 也不执行 reRender","duration":0.6273999999998523,"failureMessages":[],"meta":{},"tags":[]},{"ancestorTitles":["offerSceneUndoAndRefresh — 去重辅助（P3）"],"fullName":"offerSceneUndoAndRefresh — 去重辅助（P3） snap 有效时委托 offerSceneUndo 弹出撤销 toast","status":"passed","title":"snap 有效时委托 offerSceneUndo 弹出撤销 toast","duration":0.58199999999988,"failureMessages":[],"meta":{},"tags":[]},{"ancestorTitles":["offerSceneUndoAndRefresh — 去重辅助（P3）"],"fullName":"offerSceneUndoAndRefresh — 去重辅助（P3） 恢复失败时不执行 reRender、不提示 undoApplied","status":"passed","title":"恢复失败时不执行 reRender、不提示 undoApplied","duration":0.646900000000187,"failureMessages":[],"meta":{},"tags":[]}],"startTime":1784976599940,"endTime":1784976599949.647,"status":"passed","message":"","name":"C:/Users/zhujieling11/MikuMikuAR/frontend/src/__tests__/scene/scene-serialize-undo.test.ts"},{"assertionResults":[{"ancestorTitles":["water preset repro (ADR-env water preset NaN-uniform regression)"],"fullName":"water preset repro (ADR-env water preset NaN-uniform regression) 回归核心：buildWaterPresetEnvState 对所有预设不产生 undefined 字段","status":"passed","title":"回归核心：buildWaterPresetEnvState 对所有预设不产生 undefined 字段","duration":18.476599999999962,"failureMessages":[],"meta":{},"tags":[]},{"ancestorTitles":["water preset repro (ADR-env water preset NaN-uniform regression)"],"fullName":"water preset repro (ADR-env water preset NaN-uniform regression) 点击水面预设（携带 waterEnabled:true）后水面被创建且材质非空","status":"passed","title":"点击水面预设（携带 waterEnabled:true）后水面被创建且材质非空","duration":439.4113000000016,"failureMessages":[],"meta":{},"tags":[]},{"ancestorTitles":["water preset repro (ADR-env water preset NaN-uniform regression)"],"fullName":"water preset repro (ADR-env water preset NaN-uniform regression) 关闭→再开（预设）循环，材质稳定不丢","status":"passed","title":"关闭→再开（预设）循环，材质稳定不丢","duration":707.3135000000002,"failureMessages":[],"meta":{},"tags":[]}],"startTime":1784976594965,"endTime":1784976596130.3135,"status":"passed","message":"","name":"C:/Users/zhujieling11/MikuMikuAR/frontend/src/__tests__/scene/water-preset-repro.test.ts"}]}